2025-09-12 21:56:16,652 - INFO - Starting OWL - checking imports...
2025-09-12 21:56:20,138 - INFO - All required modules imported successfully
2025-09-12 21:56:20 - INFO - [__main__] - Initializing OWL...
2025-09-12 21:56:20 - INFO - [__main__] - Starting OWL version 2.1.0
2025-09-12 21:56:20 - INFO - [__main__] - System Information: OS: Linux 6.12.25+rpt-rpi-2712, Machine: aarch64
2025-09-12 21:56:20 - INFO - [__main__] - Python Version: 3.11.2 (main, Apr 28 2025, 14:11:48) [GCC 12.2.0], Implementation: CPython, Compiler: GCC 12.2.0
2025-09-12 21:56:20 - INFO - [__main__] - Hardware: Raspberry Pi 5 Model B Rev 1.0
fatal : ni ceci ni aucun de ses répertoires parents n'est un dépôt git : .git
2025-09-12 21:56:20 - WARNING - [SystemInfo] - Git information could not be retrieved: Command '['git', 'rev-parse', '--short', 'HEAD']' returned non-zero exit status 128.
2025-09-12 21:56:20 - INFO - [__main__] - Git information not available.
2025-09-12 21:56:20 - WARNING - [utils.config_manager] - Unknown keys in section [Relays]: 5, 4
2025-09-12 21:56:20 - INFO - [utils.config_manager] - Successfully loaded and validated config: /home/owl/owl/config/DAY_SENSITIVITY_2.ini
2025-09-12 21:56:20 - INFO - [__main__] - Raspberry Pi version: rpi-5
2025-09-12 21:56:20 - ERROR - [utils.output_manager] - Failed to initialize RelayCo2025-09-12 21:56:21 - INFO - [utils.output_manager] - [INFO] Nozzle setup complete. Initiating camera...
2025-09-12 21:56:21 - WARNING - [__main__] - High resolution, expect low framerate. Resolution set to 640x480.
2025-09-12 21:56:21 - INFO - [utils.video_manager] - Camera type: Picamera2Stream
2025-09-12 21:56:21 - INFO - [utils.video_manager] - Setting camera format
2025-09-12 21:56:21 - INFO - [utils.video_manager] - Setting camera controls
[0:00:10.764408917] [823] [1;32m INFO [1;37mCamera [1;34mcamera_manager.cpp:326 [0mlibcamera v0.5.0+59-d83ff0a4
[0:00:10.771843658] [1451] [1;32m INFO [1;37mRPI [1;34mpisp.cpp:720 [0mlibpisp version v1.2.1 981977ff21f3 29-04-2025 (14:13:50)
[0:00:10.781980899] [1451] [1;32m INFO [1;37mRPI [1;34mpisp.cpp:1179 [0mRegistered camera /base/axi/pcie@1000120000/rp1/i2c@80000/imx296@1a to CFE device /dev/media0 and ISP device /dev/media2 using PiSP variant BCM2712_C0
2025-09-12 21:56:21 - INFO - [picamera2.picamera2] - Initialization successful.
2025-09-12 21:56:21 - INFO - [picamera2.picamera2] - Camera now open.
2025-09-12 21:56:21 - INFO - [utils.video_manager] - [INFO] Using IMX296 Global Shutter Camera
2025-09-12 21:56:21 - INFO - [picamera2.picamera2] - Camera configuration has been adjusted!
[0:00:10.787533917] [823] [1;32m INFO [1;37mCamera [1;34mcamera.cpp:1205 [0mconfiguring streams: (0) 640x480-RGB888 (1) 1456x1088-RGGB_PISP_COMP1
[0:00:10.787672399] [1451] [1;32m INFO [1;37mRPI [1;34mpisp.cpp:1483 [0mSensor: /base/axi/pcie@1000120000/rp1/i2c@80000/imx296@1a - Selected sensor format: 1456x1088-SRGGB10_1X10 - Selected CFE format: 1456x1088-PC1R
2025-09-12 21:56:21 - INFO - [picamera2.picamera2] - Configuration successful!
2025-09-12 21:56:21 - INFO - [picamera2.picamera2] - Camera started
2025-09-12 21:56:28 - INFO - [utils.greenongreen] - Using NCNN model from models/best_ncnn_model
WARNING ⚠️ Unable to automatically guess model task, assuming 'task=detect'. Explicitly define task for your model, i.e. 'task=detect', 'segment', 'classify','pose' or 'obb'.
Loading models/best_ncnn_model for NCNN inference...
2025-09-22 20:39:18 - INFO - [__main__] - [INFO] Approximate FPS: 0.00
2025-09-22 20:39:31 - INFO - [__main__] - [INFO] Approximate FPS: 7.36
2025-09-22 20:39:41 - INFO - [__main__] - [INFO] Approximate FPS: 10.28
2025-09-22 20:39:54 - INFO - [__main__] - [INFO] Approximate FPS: 7.90
2025-09-22 20:40:10 - INFO - [__main__] - [INFO] Approximate FPS: 6.02
2025-09-22 20:40:21 - INFO - [__main__] - [INFO] Approximate FPS: 9.02
2025-09-22 20:40:32 - INFO - [__main__] - [INFO] Approximate FPS: 9.33
2025-09-22 20:40:44 - INFO - [__main__] - [INFO] Approximate FPS: 8.51
2025-09-22 20:40:52 - INFO - [__main__] - [INFO] Approximate FPS: 12.32
2025-09-22 20:41:01 - INFO - [__main__] - [INFO] Approximate FPS: 11.22
2025-09-22 20:41:12 - INFO - [__main__] - [INFO] Approximate FPS: 9.34
2025-09-22 20:41:23 - INFO - [__main__] - [INFO] Approximate FPS: 8.47
2025-09-22 20:41:35 - INFO - [__main__] - [INFO] Approximate FPS: 8.72
2025-09-22 20:41:47 - INFO - [__main__] - [INFO] Approximate FPS: 8.34
2025-09-22 20:41:59 - INFO - [__main__] - [INFO] Approximate FPS: 7.99
2025-09-22 20:42:12 - INFO - [__main__] - [INFO] Approximate FPS: 8.12
2025-09-22 20:42:21 - INFO - [__main__] - [INFO] Approximate FPS: 10.80
2025-09-22 20:42:31 - INFO - [__main__] - [INFO] Approximate FPS: 10.21
2025-09-22 20:42:40 - INFO - [__main__] - [INFO] Approximate FPS: 10.38
2025-09-22 20:42:49 - INFO - [__main__] - [INFO] Approximate FPS: 11.40
2025-09-22 20:42:59 - INFO - [__main__] - [INFO] Approximate FPS: 10.19
2025-09-22 20:43:08 - INFO - [__main__] - [INFO] Approximate FPS: 11.44
2025-09-22 20:43:16 - INFO - [__main__] - [INFO] Approximate FPS: 11.72
2025-09-22 20:43:24 - INFO - [__main__] - [INFO] Approximate FPS: 12.32
2025-09-22 20:43:32 - INFO - [__main__] - [INFO] Approximate FPS: 12.60
2025-09-22 20:43:40 - INFO - [__main__] - [INFO] Approximate FPS: 12.72
2025-09-22 20:43:48 - INFO - [__main__] - [INFO] Approximate FPS: 12.66
2025-09-22 20:43:56 - INFO - [__main__] - [INFO] Approximate FPS: 12.71
2025-09-22 20:44:04 - INFO - [__main__] - [INFO] Approximate FPS: 12.73
2025-09-22 20:44:12 - INFO - [__main__] - [INFO] Approximate FPS: 12.64
2025-09-22 20:44:20 - INFO - [__main__] - [INFO] Approximate FPS: 12.65
2025-09-22 20:44:28 - INFO - [__main__] - [INFO] Approximate FPS: 12.02
2025-09-22 20:44:36 - INFO - [__main__] - [INFO] Approximate FPS: 12.69
2025-09-22 20:44:44 - INFO - [__main__] - [INFO] Approximate FPS: 12.69
2025-09-22 20:44:52 - INFO - [__main__] - [INFO] Approximate FPS: 12.61
2025-09-22 20:44:59 - INFO - [__main__] - [INFO] Approximate FPS: 12.73
2025-09-22 20:45:08 - INFO - [__main__] - [INFO] Approximate FPS: 12.39
2025-09-22 20:45:15 - INFO - [__main__] - [INFO] Approximate FPS: 12.64
2025-09-22 20:45:23 - INFO - [__main__] - [INFO] Approximate FPS: 12.53
2025-09-22 20:45:31 - INFO - [__main__] - [INFO] Approximate FPS: 12.49
2025-09-22 20:45:39 - INFO - [__main__] - [INFO] Approximate FPS: 12.59
2025-09-22 20:45:47 - INFO - [__main__] - [INFO] Approximate FPS: 12.55
2025-09-22 20:45:56 - INFO - [__main__] - [INFO] Approximate FPS: 12.16
2025-09-22 20:46:04 - INFO - [__main__] - [INFO] Approximate FPS: 12.19
2025-09-22 20:46:12 - INFO - [__main__] - [INFO] Approximate FPS: 11.65
2025-09-22 20:46:21 - INFO - [__main__] - [INFO] Approximate FPS: 11.88
2025-09-22 20:46:29 - INFO - [__main__] - [INFO] Approximate FPS: 12.37
2025-09-22 20:46:37 - INFO - [__main__] - [INFO] Approximate FPS: 12.52
2025-09-22 20:46:45 - INFO - [__main__] - [INFO] Approximate FPS: 12.13
2025-09-22 20:46:53 - INFO - [__main__] - [INFO] Approximate FPS: 11.91
2025-09-22 20:47:02 - INFO - [__main__] - [INFO] Approximate FPS: 12.05
2025-09-22 20:47:10 - INFO - [__main__] - [INFO] Approximate FPS: 11.95
2025-09-22 20:47:18 - INFO - [__main__] - [INFO] Approximate FPS: 12.05
2025-09-22 20:47:27 - INFO - [__main__] - [INFO] Approximate FPS: 12.19
2025-09-22 20:47:35 - INFO - [__main__] - [INFO] Approximate FPS: 12.50
2025-09-22 20:47:43 - INFO - [__main__] - [INFO] Approximate FPS: 12.51
2025-09-22 20:47:51 - INFO - [__main__] - [INFO] Approximate FPS: 12.39
2025-09-22 20:47:59 - INFO - [__main__] - [INFO] Approximate FPS: 12.30
2025-09-22 20:48:07 - INFO - [__main__] - [INFO] Approximate FPS: 12.36
2025-09-22 20:48:15 - INFO - [__main__] - [INFO] Approximate FPS: 12.46
2025-09-22 20:48:23 - INFO - [__main__] - [INFO] Approximate FPS: 12.44
2025-09-22 20:48:31 - INFO - [__main__] - [INFO] Approximate FPS: 12.43
2025-09-22 20:48:39 - INFO - [__main__] - [INFO] Approximate FPS: 12.45
2025-09-22 20:48:47 - INFO - [__main__] - [INFO] Approximate FPS: 12.29
2025-09-22 20:48:55 - INFO - [__main__] - [INFO] Approximate FPS: 12.36
2025-09-22 20:49:03 - INFO - [__main__] - [INFO] Approximate FPS: 12.29
2025-09-22 20:49:12 - INFO - [__main__] - [INFO] Approximate FPS: 12.18
2025-09-22 20:49:20 - INFO - [__main__] - [INFO] Approximate FPS: 11.32
2025-09-22 20:49:30 - INFO - [__main__] - [INFO] Approximate FPS: 10.96
2025-09-22 20:49:38 - INFO - [__main__] - [INFO] Approximate FPS: 11.91
2025-09-22 20:49:46 - INFO - [__main__] - [INFO] Approximate FPS: 12.28
2025-09-22 20:49:55 - INFO - [__main__] - [INFO] Approximate FPS: 11.92
2025-09-22 20:50:03 - INFO - [__main__] - [INFO] Approximate FPS: 11.72
2025-09-22 20:50:11 - INFO - [__main__] - [INFO] Approximate FPS: 12.06
2025-09-22 20:50:19 - INFO - [__main__] - [INFO] Approximate FPS: 12.26
2025-09-22 20:50:28 - INFO - [__main__] - [INFO] Approximate FPS: 12.00
2025-09-22 20:50:36 - INFO - [__main__] - [INFO] Approximate FPS: 12.25
2025-09-22 20:50:44 - INFO - [__main__] - [INFO] Approximate FPS: 12.53
2025-09-22 20:50:54 - INFO - [__main__] - [INFO] Approximate FPS: 10.21
2025-09-22 20:51:02 - INFO - [__main__] - [INFO] Approximate FPS: 11.54
2025-09-22 20:51:10 - INFO - [__main__] - [INFO] Approximate FPS: 12.53
2025-09-22 20:51:18 - INFO - [__main__] - [INFO] Approximate FPS: 12.55
2025-09-22 20:51:26 - INFO - [__main__] - [INFO] Approximate FPS: 12.58
2025-09-22 20:51:34 - INFO - [__main__] - [INFO] Approximate FPS: 12.65
2025-09-22 20:51:42 - INFO - [__main__] - [INFO] Approximate FPS: 12.48
2025-09-22 20:51:50 - INFO - [__main__] - [INFO] Approximate FPS: 12.42
2025-09-22 20:51:58 - INFO - [__main__] - [INFO] Approximate FPS: 12.58
2025-09-22 20:52:06 - INFO - [__main__] - [INFO] Approximate FPS: 12.31
2025-09-22 20:52:14 - INFO - [__main__] - [INFO] Approximate FPS: 12.42
2025-09-22 20:52:23 - INFO - [__main__] - [INFO] Approximate FPS: 11.92
2025-09-22 20:52:31 - INFO - [__main__] - [INFO] Approximate FPS: 12.27
2025-09-22 20:52:39 - INFO - [__main__] - [INFO] Approximate FPS: 12.31
2025-09-22 20:52:47 - INFO - [__main__] - [INFO] Approximate FPS: 12.08
2025-09-22 20:52:56 - INFO - [__main__] - [INFO] Approximate FPS: 11.30
2025-09-22 20:53:04 - INFO - [__main__] - [INFO] Approximate FPS: 12.29
2025-09-22 20:53:13 - INFO - [__main__] - [INFO] Approximate FPS: 11.67
2025-09-22 20:53:21 - INFO - [__main__] - [INFO] Approximate FPS: 11.87
2025-09-22 20:53:29 - INFO - [__main__] - [INFO] Approximate FPS: 12.37
2025-09-22 20:53:37 - INFO - [__main__] - [INFO] Approximate FPS: 12.51
2025-09-22 20:53:45 - INFO - [__main__] - [INFO] Approximate FPS: 12.39
2025-09-22 20:53:54 - INFO - [__main__] - [INFO] Approximate FPS: 12.30
2025-09-22 20:54:02 - INFO - [__main__] - [INFO] Approximate FPS: 12.33
2025-09-22 20:54:10 - INFO - [__main__] - [INFO] Approximate FPS: 11.63
2025-09-22 20:54:18 - INFO - [__main__] - [INFO] Approximate FPS: 12.31
2025-09-22 20:54:27 - INFO - [__main__] - [INFO] Approximate FPS: 12.23
2025-09-22 20:54:35 - INFO - [__main__] - [INFO] Approximate FPS: 12.29
2025-09-22 20:54:43 - INFO - [__main__] - [INFO] Approximate FPS: 12.42
2025-09-22 20:54:51 - INFO - [__main__] - [INFO] Approximate FPS: 12.15
2025-09-22 20:54:59 - INFO - [__main__] - [INFO] Approximate FPS: 12.21
2025-09-22 20:55:07 - INFO - [__main__] - [INFO] Approximate FPS: 12.16
2025-09-22 20:55:16 - INFO - [__main__] - [INFO] Approximate FPS: 12.42
2025-09-22 20:55:24 - INFO - [__main__] - [INFO] Approximate FPS: 11.90
2025-09-22 20:55:32 - INFO - [__main__] - [INFO] Approximate FPS: 12.24
2025-09-22 20:55:40 - INFO - [__main__] - [INFO] Approximate FPS: 12.25
2025-09-22 20:55:48 - INFO - [__main__] - [INFO] Approximate FPS: 12.16
2025-09-22 20:55:57 - INFO - [__main__] - [INFO] Approximate FPS: 12.21
2025-09-22 20:56:05 - INFO - [__main__] - [INFO] Approximate FPS: 11.50
2025-09-22 20:56:18 - INFO - [__main__] - [INFO] Approximate FPS: 8.23
2025-09-22 20:56:28 - INFO - [__main__] - [INFO] Approximate FPS: 9.37
2025-09-22 20:56:37 - INFO - [__main__] - [INFO] Approximate FPS: 10.79
2025-09-22 20:56:46 - INFO - [__main__] - [INFO] Approximate FPS: 11.71
2025-09-22 20:56:54 - INFO - [__main__] - [INFO] Approximate FPS: 11.96
2025-09-22 20:57:02 - INFO - [__main__] - [INFO] Approximate FPS: 12.35
2025-09-22 20:57:11 - INFO - [__main__] - [INFO] Approximate FPS: 12.14
2025-09-22 20:57:19 - INFO - [__main__] - [INFO] Approximate FPS: 12.11
2025-09-22 20:57:27 - INFO - [__main__] - [INFO] Approximate FPS: 12.25
2025-09-22 20:57:35 - INFO - [__main__] - [INFO] Approximate FPS: 12.36
2025-09-22 20:57:43 - INFO - [__main__] - [INFO] Approximate FPS: 12.25
2025-09-22 20:57:52 - INFO - [__main__] - [INFO] Approximate FPS: 11.81
2025-09-22 20:58:01 - INFO - [__main__] - [INFO] Approximate FPS: 11.54
2025-09-22 20:58:09 - INFO - [__main__] - [INFO] Approximate FPS: 12.05
2025-09-22 20:58:17 - INFO - [__main__] - [INFO] Approximate FPS: 12.20
2025-09-22 20:58:27 - INFO - [__main__] - [INFO] Approximate FPS: 9.70
2025-09-22 20:58:36 - INFO - [__main__] - [INFO] Approximate FPS: 11.00
2025-09-22 20:58:46 - INFO - [__main__] - [INFO] Approximate FPS: 10.59
2025-09-22 20:58:54 - INFO - [__main__] - [INFO] Approximate FPS: 11.59
2025-09-22 20:59:03 - INFO - [__main__] - [INFO] Approximate FPS: 11.88
2025-09-22 20:59:11 - INFO - [__main__] - [INFO] Approximate FPS: 12.06
2025-09-22 20:59:19 - INFO - [__main__] - [INFO] Approximate FPS: 12.16
2025-09-22 20:59:28 - INFO - [__main__] - [INFO] Approximate FPS: 12.27
2025-09-22 20:59:36 - INFO - [__main__] - [INFO] Approximate FPS: 12.25
2025-09-22 20:59:44 - INFO - [__main__] - [INFO] Approximate FPS: 12.39
2025-09-22 20:59:52 - INFO - [__main__] - [INFO] Approximate FPS: 12.37
2025-09-22 21:00:01 - INFO - [__main__] - [INFO] Approximate FPS: 10.58
2025-09-22 21:00:09 - INFO - [__main__] - [INFO] Approximate FPS: 12.36
2025-09-22 21:00:18 - INFO - [__main__] - [INFO] Approximate FPS: 12.35
2025-09-22 21:00:26 - INFO - [__main__] - [INFO] Approximate FPS: 12.32
2025-09-22 21:00:34 - INFO - [__main__] - [INFO] Approximate FPS: 12.41
2025-09-22 21:00:42 - INFO - [__main__] - [INFO] Approximate FPS: 12.28
2025-09-22 21:00:50 - INFO - [__main__] - [INFO] Approximate FPS: 12.31
2025-09-22 21:00:59 - INFO - [__main__] - [INFO] Approximate FPS: 11.71
2025-09-22 21:01:08 - INFO - [__main__] - [INFO] Approximate FPS: 10.98
2025-09-22 21:01:18 - INFO - [__main__] - [INFO] Approximate FPS: 9.67
2025-09-22 21:01:26 - INFO - [__main__] - [INFO] Approximate FPS: 12.04
2025-09-22 21:01:35 - INFO - [__main__] - [INFO] Approximate FPS: 11.31
2025-09-22 21:01:44 - INFO - [__main__] - [INFO] Approximate FPS: 11.41
