2025-11-15 23:10:15,363 - INFO - Starting OWL - checking imports...
2025-11-15 23:10:18,800 - INFO - All required modules imported successfully
2025-11-15 23:10:18 - INFO - [__main__] - Initializing OWL...
2025-11-15 23:10:18 - INFO - [__main__] - Starting OWL version 2.1.0
2025-11-15 23:10:18 - INFO - [__main__] - System Information: OS: Linux 6.12.25+rpt-rpi-2712, Machine: aarch64
2025-11-15 23:10:18 - INFO - [__main__] - Python Version: 3.11.2 (main, Apr 28 2025, 14:11:48) [GCC 12.2.0], Implementation: CPython, Compiler: GCC 12.2.0
2025-11-15 23:10:18 - INFO - [__main__] - Hardware: Raspberry Pi 5 Model B Rev 1.0
fatal : ni ceci ni aucun de ses répertoires parents n'est un dépôt git : .git
2025-11-15 23:10:18 - WARNING - [SystemInfo] - Git information could not be retrieved: Command '['git', 'rev-parse', '--short', 'HEAD']' returned non-zero exit status 128.
2025-11-15 23:10:18 - INFO - [__main__] - Git information not available.
2025-11-15 23:10:18 - WARNING - [utils.config_manager] - Unknown keys in section [Relays]: 7, 5, 4, 9, 8, 6
2025-11-15 23:10:18 - INFO - [utils.config_manager] - Successfully loaded and validated config: /home/owl/owl/config/DAY_SENSITIVITY_2.ini
2025-11-15 23:10:18 - INFO - [__main__] - Raspberry Pi version: rpi-5
2025-11-15 23:10:18 - ERROR - [utils.output_manager] - Failed to initialize RelayCo2025-11-15 23:10:19 - INFO - [utils.output_manager] - [INFO] Nozzle setup complete. Initiating camera...
2025-11-15 23:10:19 - WARNING - [__main__] - High resolution, expect low framerate. Resolution set to 1024x768.
2025-11-15 23:10:19 - INFO - [utils.video_manager] - Camera type: Picamera2Stream
2025-11-15 23:10:19 - INFO - [utils.video_manager] - Setting camera format
2025-11-15 23:10:19 - INFO - [utils.video_manager] - Setting camera controls
[0:00:10.900081641] [831] [1;32m INFO [1;37mCamera [1;34mcamera_manager.cpp:326 [0mlibcamera v0.5.0+59-d83ff0a4
[0:00:10.907359178] [1426] [1;32m INFO [1;37mRPI [1;34mpisp.cpp:720 [0mlibpisp version v1.2.1 981977ff21f3 29-04-2025 (14:13:50)
[0:00:10.917392956] [1426] [1;32m INFO [1;37mRPI [1;34mpisp.cpp:1179 [0mRegistered camera /base/axi/pcie@1000120000/rp1/i2c@80000/imx296@1a to CFE device /dev/media0 and ISP device /dev/media1 using PiSP variant BCM2712_C0
2025-11-15 23:10:19 - INFO - [picamera2.picamera2] - Initialization successful.
2025-11-15 23:10:19 - INFO - [picamera2.picamera2] - Camera now open.
2025-11-15 23:10:19 - INFO - [utils.video_manager] - [INFO] Using IMX296 Global Shutter Camera
2025-11-15 23:10:20 - INFO - [picamera2.picamera2] - Camera configuration has been adjusted!
[0:00:10.923682659] [831] [1;32m INFO [1;37mCamera [1;34mcamera.cpp:1205 [0mconfiguring streams: (0) 1024x768-RGB888 (1) 1456x1088-RGGB_PISP_COMP1
[0:00:10.924192752] [1426] [1;32m INFO [1;37mRPI [1;34mpisp.cpp:1483 [0mSensor: /base/axi/pcie@1000120000/rp1/i2c@80000/imx296@1a - Selected sensor format: 1456x1088-SRGGB10_1X10 - Selected CFE format: 1456x1088-PC1R
2025-11-15 23:10:20 - INFO - [picamera2.picamera2] - Configuration successful!
2025-11-15 23:10:20 - INFO - [picamera2.picamera2] - Camera started
2025-11-15 23:10:29 - INFO - [utils.greenongreen] - Using NCNN model from models/best_ncnn_model
WARNING ⚠️ Unable to automatically guess model task, assuming 'task=detect'. Explicitly define task for your model, i.e. 'task=detect', 'segment', 'classify','pose' or 'obb'.
Loading models/best_ncnn_model for NCNN inference...
2025-11-15 23:10:40 - INFO - [__main__] - [INFO] Approximate FPS: 5.75
2025-11-15 23:10:49 - INFO - [__main__] - [INFO] Approximate FPS: 11.98
2025-11-15 23:11:00 - INFO - [__main__] - [INFO] Approximate FPS: 8.92
2025-11-15 23:11:09 - INFO - [__main__] - [INFO] Approximate FPS: 11.37
2025-11-15 23:11:17 - INFO - [__main__] - [INFO] Approximate FPS: 11.70
2025-11-15 23:11:26 - INFO - [__main__] - [INFO] Approximate FPS: 11.77
2025-11-15 23:11:34 - INFO - [__main__] - [INFO] Approximate FPS: 11.70
2025-11-15 23:11:43 - INFO - [__main__] - [INFO] Approximate FPS: 11.83
2025-11-15 23:11:51 - INFO - [__main__] - [INFO] Approximate FPS: 11.74
2025-11-15 23:12:00 - INFO - [__main__] - [INFO] Approximate FPS: 11.80
2025-11-15 23:12:08 - INFO - [__main__] - [INFO] Approximate FPS: 11.72
2025-11-15 23:12:17 - INFO - [__main__] - [INFO] Approximate FPS: 11.87
2025-11-15 23:12:25 - INFO - [__main__] - [INFO] Approximate FPS: 11.53
2025-11-15 23:12:34 - INFO - [__main__] - [INFO] Approximate FPS: 11.71
2025-11-15 23:12:42 - INFO - [__main__] - [INFO] Approximate FPS: 11.83
2025-11-15 23:12:51 - INFO - [__main__] - [INFO] Approximate FPS: 11.75
2025-11-15 23:12:59 - INFO - [__main__] - [INFO] Approximate FPS: 11.62
2025-11-15 23:13:08 - INFO - [__main__] - [INFO] Approximate FPS: 11.75
2025-11-15 23:13:17 - INFO - [__main__] - [INFO] Approximate FPS: 11.04
2025-11-15 23:13:27 - INFO - [__main__] - [INFO] Approximate FPS: 9.71
2025-11-15 23:13:36 - INFO - [__main__] - [INFO] Approximate FPS: 11.88
2025-11-15 23:13:44 - INFO - [__main__] - [INFO] Approximate FPS: 12.04
2025-11-15 23:13:53 - INFO - [__main__] - [INFO] Approximate FPS: 11.75
2025-11-15 23:14:01 - INFO - [__main__] - [INFO] Approximate FPS: 12.03
2025-11-15 23:14:09 - INFO - [__main__] - [INFO] Approximate FPS: 11.97
2025-11-15 23:14:18 - INFO - [__main__] - [INFO] Approximate FPS: 12.00
2025-11-15 23:14:26 - INFO - [__main__] - [INFO] Approximate FPS: 11.96
2025-11-15 23:14:34 - INFO - [__main__] - [INFO] Approximate FPS: 11.93
2025-11-15 23:14:43 - INFO - [__main__] - [INFO] Approximate FPS: 12.05
2025-11-15 23:14:51 - INFO - [__main__] - [INFO] Approximate FPS: 12.01
2025-11-15 23:14:59 - INFO - [__main__] - [INFO] Approximate FPS: 11.90
2025-11-15 23:15:08 - INFO - [__main__] - [INFO] Approximate FPS: 11.95
2025-11-15 23:15:16 - INFO - [__main__] - [INFO] Approximate FPS: 11.94
2025-11-15 23:15:24 - INFO - [__main__] - [INFO] Approximate FPS: 12.07
2025-11-15 23:15:33 - INFO - [__main__] - [INFO] Approximate FPS: 11.96
2025-11-15 23:15:43 - INFO - [__main__] - [INFO] Approximate FPS: 9.33
2025-11-15 23:16:05 - INFO - [__main__] - [INFO] Approximate FPS: 4.61
2025-11-15 23:16:26 - INFO - [__main__] - [INFO] Approximate FPS: 4.78
2025-11-15 23:16:37 - INFO - [__main__] - [INFO] Approximate FPS: 9.31
2025-11-15 23:16:50 - INFO - [__main__] - [INFO] Approximate FPS: 7.77
2025-11-15 23:17:00 - INFO - [__main__] - [INFO] Approximate FPS: 9.90
2025-11-15 23:17:13 - INFO - [__main__] - [INFO] Approximate FPS: 7.84
2025-11-15 23:17:27 - INFO - [__main__] - [INFO] Approximate FPS: 6.81
2025-11-15 23:17:45 - INFO - [__main__] - [INFO] Approximate FPS: 5.48
2025-11-15 23:17:59 - INFO - [__main__] - [INFO] Approximate FPS: 7.52
2025-11-15 23:18:08 - INFO - [__main__] - [INFO] Approximate FPS: 11.06
2025-11-15 23:18:16 - INFO - [__main__] - [INFO] Approximate FPS: 11.67
2025-11-15 23:18:25 - INFO - [__main__] - [INFO] Approximate FPS: 11.68
2025-11-15 23:18:33 - INFO - [__main__] - [INFO] Approximate FPS: 11.69
2025-11-15 23:18:42 - INFO - [__main__] - [INFO] Approximate FPS: 11.75
2025-11-15 23:18:50 - INFO - [__main__] - [INFO] Approximate FPS: 11.86
2025-11-15 23:18:59 - INFO - [__main__] - [INFO] Approximate FPS: 11.78
2025-11-15 23:19:07 - INFO - [__main__] - [INFO] Approximate FPS: 11.74
2025-11-15 23:19:16 - INFO - [__main__] - [INFO] Approximate FPS: 11.87
2025-11-15 23:19:25 - INFO - [__main__] - [INFO] Approximate FPS: 11.51
2025-11-15 23:19:33 - INFO - [__main__] - [INFO] Approximate FPS: 11.90
2025-11-15 23:19:42 - INFO - [__main__] - [INFO] Approximate FPS: 11.18
2025-11-15 23:19:50 - INFO - [__main__] - [INFO] Approximate FPS: 11.91
2025-11-15 23:19:59 - INFO - [__main__] - [INFO] Approximate FPS: 11.80
2025-11-15 23:20:07 - INFO - [__main__] - [INFO] Approximate FPS: 11.75
2025-11-15 23:20:16 - INFO - [__main__] - [INFO] Approximate FPS: 11.70
2025-11-15 23:20:24 - INFO - [__main__] - [INFO] Approximate FPS: 11.90
2025-11-15 23:20:33 - INFO - [__main__] - [INFO] Approximate FPS: 11.83
2025-11-15 23:20:41 - INFO - [__main__] - [INFO] Approximate FPS: 11.74
2025-11-15 23:20:50 - INFO - [__main__] - [INFO] Approximate FPS: 11.85
2025-11-15 23:20:58 - INFO - [__main__] - [INFO] Approximate FPS: 11.85
2025-11-15 23:21:07 - INFO - [__main__] - [INFO] Approximate FPS: 10.87
