2025-09-05 20:40:29,360 - INFO - Starting OWL - checking imports...
2025-09-05 20:40:32,844 - INFO - All required modules imported successfully
2025-09-05 20:40:32 - INFO - [__main__] - Initializing OWL...
2025-09-05 20:40:32 - INFO - [__main__] - Starting OWL version 2.1.0
2025-09-05 20:40:32 - INFO - [__main__] - System Information: OS: Linux 6.12.25+rpt-rpi-2712, Machine: aarch64
2025-09-05 20:40:32 - INFO - [__main__] - Python Version: 3.11.2 (main, Apr 28 2025, 14:11:48) [GCC 12.2.0], Implementation: CPython, Compiler: GCC 12.2.0
2025-09-05 20:40:32 - INFO - [__main__] - Hardware: Raspberry Pi 5 Model B Rev 1.0
fatal : ni ceci ni aucun de ses répertoires parents n'est un dépôt git : .git
2025-09-05 20:40:32 - WARNING - [SystemInfo] - Git information could not be retrieved: Command '['git', 'rev-parse', '--short', 'HEAD']' returned non-zero exit status 128.
2025-09-05 20:40:32 - INFO - [__main__] - Git information not available.
2025-09-05 20:40:32 - WARNING - [utils.config_manager] - Unknown keys in section [Relays]: 4, 5
2025-09-05 20:40:32 - INFO - [utils.config_manager] - Successfully loaded and validated config: /home/owl/owl/config/DAY_SENSITIVITY_2.ini
2025-09-05 20:40:32 - INFO - [__main__] - Raspberry Pi version: rpi-5
2025-09-05 20:40:32 - ERROR - [utils.output_manager] - Failed to initialize RelayCo2025-09-05 20:40:33 - INFO - [utils.output_manager] - [INFO] Nozzle setup complete. Initiating camera...
2025-09-05 20:40:34 - WARNING - [__main__] - High resolution, expect low framerate. Resolution set to 640x480.
2025-09-05 20:40:34 - INFO - [utils.video_manager] - Camera type: Picamera2Stream
2025-09-05 20:40:34 - INFO - [utils.video_manager] - Setting camera format
2025-09-05 20:40:34 - INFO - [utils.video_manager] - Setting camera controls
[0:00:09.705523843] [801] [1;32m INFO [1;37mCamera [1;34mcamera_manager.cpp:326 [0mlibcamera v0.5.0+59-d83ff0a4
[0:00:09.713246880] [1367] [1;32m INFO [1;37mRPI [1;34mpisp.cpp:720 [0mlibpisp version v1.2.1 981977ff21f3 29-04-2025 (14:13:50)
[0:00:09.723621529] [1367] [1;32m INFO [1;37mRPI [1;34mpisp.cpp:1179 [0mRegistered camera /base/axi/pcie@1000120000/rp1/i2c@80000/imx296@1a to CFE device /dev/media0 and ISP device /dev/media2 using PiSP variant BCM2712_C0
2025-09-05 20:40:34 - INFO - [picamera2.picamera2] - Initialization successful.
2025-09-05 20:40:34 - INFO - [picamera2.picamera2] - Camera now open.
2025-09-05 20:40:34 - INFO - [utils.video_manager] - [INFO] Using IMX296 Global Shutter Camera
2025-09-05 20:40:34 - INFO - [picamera2.picamera2] - Camera configuration has been adjusted!
[0:00:09.729333195] [801] [1;32m INFO [1;37mCamera [1;34mcamera.cpp:1205 [0mconfiguring streams: (0) 640x480-RGB888 (1) 1456x1088-RGGB_PISP_COMP1
[0:00:09.729474566] [1367] [1;32m INFO [1;37mRPI [1;34mpisp.cpp:1483 [0mSensor: /base/axi/pcie@1000120000/rp1/i2c@80000/imx296@1a - Selected sensor format: 1456x1088-SRGGB10_1X10 - Selected CFE format: 1456x1088-PC1R
2025-09-05 20:40:34 - INFO - [picamera2.picamera2] - Configuration successful!
2025-09-05 20:40:34 - INFO - [picamera2.picamera2] - Camera started
2025-09-05 20:40:41 - INFO - [utils.greenongreen] - Using NCNN model from models/best_ncnn_model
WARNING ⚠️ Unable to automatically guess model task, assuming 'task=detect'. Explicitly define task for your model, i.e. 'task=detect', 'segment', 'classify','pose' or 'obb'.
Loading models/best_ncnn_model for NCNN inference...
2025-09-05 20:40:52 - INFO - [__main__] - [INFO] Approximate FPS: 6.54
2025-09-05 20:41:01 - INFO - [__main__] - [INFO] Approximate FPS: 11.38
2025-09-05 20:41:12 - INFO - [__main__] - [INFO] Approximate FPS: 8.91
2025-09-05 20:41:22 - INFO - [__main__] - [INFO] Approximate FPS: 10.55
2025-09-05 20:41:32 - INFO - [__main__] - [INFO] Approximate FPS: 9.98
2025-09-05 20:41:42 - INFO - [__main__] - [INFO] Approximate FPS: 10.04
2025-09-05 20:41:51 - INFO - [__main__] - [INFO] Approximate FPS: 10.43
2025-09-05 20:42:01 - INFO - [__main__] - [INFO] Approximate FPS: 10.57
2025-09-05 20:42:10 - INFO - [__main__] - [INFO] Approximate FPS: 11.33
2025-09-05 20:42:18 - INFO - [__main__] - [INFO] Approximate FPS: 11.95
2025-09-05 20:42:26 - INFO - [__main__] - [INFO] Approximate FPS: 11.97
2025-09-05 20:42:35 - INFO - [__main__] - [INFO] Approximate FPS: 12.01
2025-09-05 20:42:43 - INFO - [__main__] - [INFO] Approximate FPS: 11.88
2025-09-05 20:42:51 - INFO - [__main__] - [INFO] Approximate FPS: 11.95
2025-09-05 20:43:00 - INFO - [__main__] - [INFO] Approximate FPS: 11.62
2025-09-05 20:43:09 - INFO - [__main__] - [INFO] Approximate FPS: 11.73
2025-09-05 20:43:17 - INFO - [__main__] - [INFO] Approximate FPS: 11.83
2025-09-05 20:43:25 - INFO - [__main__] - [INFO] Approximate FPS: 11.89
2025-09-05 20:43:34 - INFO - [__main__] - [INFO] Approximate FPS: 11.89
2025-09-05 20:43:42 - INFO - [__main__] - [INFO] Approximate FPS: 11.89
2025-09-05 20:43:51 - INFO - [__main__] - [INFO] Approximate FPS: 11.99
2025-09-05 20:43:59 - INFO - [__main__] - [INFO] Approximate FPS: 12.00
2025-09-05 20:44:07 - INFO - [__main__] - [INFO] Approximate FPS: 11.72
2025-09-05 20:44:16 - INFO - [__main__] - [INFO] Approximate FPS: 11.84
2025-09-05 20:44:24 - INFO - [__main__] - [INFO] Approximate FPS: 11.96
2025-09-05 20:44:33 - INFO - [__main__] - [INFO] Approximate FPS: 12.08
2025-09-05 20:44:41 - INFO - [__main__] - [INFO] Approximate FPS: 12.34
2025-09-05 20:44:49 - INFO - [__main__] - [INFO] Approximate FPS: 12.27
2025-09-05 20:44:57 - INFO - [__main__] - [INFO] Approximate FPS: 12.07
2025-09-05 20:45:05 - INFO - [__main__] - [INFO] Approximate FPS: 11.98
2025-09-05 20:45:14 - INFO - [__main__] - [INFO] Approximate FPS: 12.15
2025-09-05 20:45:22 - INFO - [__main__] - [INFO] Approximate FPS: 12.03
2025-09-05 20:45:30 - INFO - [__main__] - [INFO] Approximate FPS: 12.39
2025-09-05 20:45:38 - INFO - [__main__] - [INFO] Approximate FPS: 12.49
2025-09-05 20:45:46 - INFO - [__main__] - [INFO] Approximate FPS: 12.51
2025-09-05 20:45:54 - INFO - [__main__] - [INFO] Approximate FPS: 12.42
2025-09-05 20:46:02 - INFO - [__main__] - [INFO] Approximate FPS: 12.51
2025-09-05 20:46:10 - INFO - [__main__] - [INFO] Approximate FPS: 12.46
2025-09-05 20:46:18 - INFO - [__main__] - [INFO] Approximate FPS: 12.56
2025-09-05 20:46:26 - INFO - [__main__] - [INFO] Approximate FPS: 12.53
2025-09-05 20:46:34 - INFO - [__main__] - [INFO] Approximate FPS: 12.48
2025-09-05 20:46:42 - INFO - [__main__] - [INFO] Approximate FPS: 12.44
2025-09-05 20:46:50 - INFO - [__main__] - [INFO] Approximate FPS: 12.43
2025-09-05 20:46:58 - INFO - [__main__] - [INFO] Approximate FPS: 12.49
2025-09-05 20:47:06 - INFO - [__main__] - [INFO] Approximate FPS: 12.36
2025-09-05 20:47:14 - INFO - [__main__] - [INFO] Approximate FPS: 12.50
2025-09-05 20:47:22 - INFO - [__main__] - [INFO] Approximate FPS: 12.46
2025-09-05 20:47:30 - INFO - [__main__] - [INFO] Approximate FPS: 12.43
2025-09-05 20:47:38 - INFO - [__main__] - [INFO] Approximate FPS: 12.55
2025-09-05 20:47:46 - INFO - [__main__] - [INFO] Approximate FPS: 12.55
2025-09-05 20:47:54 - INFO - [__main__] - [INFO] Approximate FPS: 12.62
2025-09-05 20:48:02 - INFO - [__main__] - [INFO] Approximate FPS: 12.61
2025-09-05 20:48:10 - INFO - [__main__] - [INFO] Approximate FPS: 12.58
2025-09-05 20:48:18 - INFO - [__main__] - [INFO] Approximate FPS: 12.66
2025-09-05 20:48:28 - INFO - [__main__] - [INFO] Approximate FPS: 10.22
2025-09-05 20:48:38 - INFO - [__main__] - [INFO] Approximate FPS: 10.00
2025-09-05 20:48:46 - INFO - [__main__] - [INFO] Approximate FPS: 12.27
2025-09-05 20:48:54 - INFO - [__main__] - [INFO] Approximate FPS: 12.28
2025-09-05 20:49:02 - INFO - [__main__] - [INFO] Approximate FPS: 12.18
2025-09-05 20:49:11 - INFO - [__main__] - [INFO] Approximate FPS: 10.82
2025-09-05 20:49:20 - INFO - [__main__] - [INFO] Approximate FPS: 11.96
2025-09-05 20:49:29 - INFO - [__main__] - [INFO] Approximate FPS: 10.38
2025-09-05 20:49:39 - INFO - [__main__] - [INFO] Approximate FPS: 10.80
2025-09-05 20:49:47 - INFO - [__main__] - [INFO] Approximate FPS: 12.16
2025-09-05 20:49:55 - INFO - [__main__] - [INFO] Approximate FPS: 12.44
2025-09-05 20:50:04 - INFO - [__main__] - [INFO] Approximate FPS: 11.74
2025-09-05 20:50:13 - INFO - [__main__] - [INFO] Approximate FPS: 10.54
2025-09-05 20:50:22 - INFO - [__main__] - [INFO] Approximate FPS: 11.28
2025-09-05 20:50:30 - INFO - [__main__] - [INFO] Approximate FPS: 12.33
2025-09-05 20:50:38 - INFO - [__main__] - [INFO] Approximate FPS: 12.49
2025-09-05 20:50:46 - INFO - [__main__] - [INFO] Approximate FPS: 12.49
2025-09-05 20:50:55 - INFO - [__main__] - [INFO] Approximate FPS: 11.04
2025-09-12 20:40:40 - INFO - [__main__] - [INFO] Approximate FPS: 0.00
2025-09-12 20:40:48 - INFO - [__main__] - [INFO] Approximate FPS: 11.89
2025-09-12 20:40:56 - INFO - [__main__] - [INFO] Approximate FPS: 12.61
2025-09-12 20:41:04 - INFO - [__main__] - [INFO] Approximate FPS: 12.59
2025-09-12 20:41:12 - INFO - [__main__] - [INFO] Approximate FPS: 12.52
2025-09-12 20:41:20 - INFO - [__main__] - [INFO] Approximate FPS: 12.63
2025-09-12 20:41:28 - INFO - [__main__] - [INFO] Approximate FPS: 12.61
2025-09-12 20:41:38 - INFO - [__main__] - [INFO] Approximate FPS: 9.71
2025-09-12 20:41:47 - INFO - [__main__] - [INFO] Approximate FPS: 10.75
2025-09-12 20:41:55 - INFO - [__main__] - [INFO] Approximate FPS: 12.52
2025-09-12 20:42:03 - INFO - [__main__] - [INFO] Approximate FPS: 12.63
2025-09-12 20:42:11 - INFO - [__main__] - [INFO] Approximate FPS: 12.59
2025-09-12 20:42:19 - INFO - [__main__] - [INFO] Approximate FPS: 12.54
2025-09-12 20:42:27 - INFO - [__main__] - [INFO] Approximate FPS: 12.55
2025-09-12 20:42:35 - INFO - [__main__] - [INFO] Approximate FPS: 12.66
2025-09-12 20:42:44 - INFO - [__main__] - [INFO] Approximate FPS: 11.48
2025-09-12 20:42:52 - INFO - [__main__] - [INFO] Approximate FPS: 12.63
2025-09-12 20:43:00 - INFO - [__main__] - [INFO] Approximate FPS: 12.60
2025-09-12 20:43:07 - INFO - [__main__] - [INFO] Approximate FPS: 12.62
2025-09-12 20:43:15 - INFO - [__main__] - [INFO] Approximate FPS: 12.67
2025-09-12 20:43:23 - INFO - [__main__] - [INFO] Approximate FPS: 12.65
2025-09-12 20:43:31 - INFO - [__main__] - [INFO] Approximate FPS: 12.68
2025-09-12 20:43:39 - INFO - [__main__] - [INFO] Approximate FPS: 12.55
2025-09-12 20:43:47 - INFO - [__main__] - [INFO] Approximate FPS: 12.58
2025-09-12 20:43:55 - INFO - [__main__] - [INFO] Approximate FPS: 12.67
2025-09-12 20:44:03 - INFO - [__main__] - [INFO] Approximate FPS: 12.71
2025-09-12 20:44:11 - INFO - [__main__] - [INFO] Approximate FPS: 12.67
2025-09-12 20:44:19 - INFO - [__main__] - [INFO] Approximate FPS: 12.61
2025-09-12 20:44:27 - INFO - [__main__] - [INFO] Approximate FPS: 12.02
2025-09-12 20:44:35 - INFO - [__main__] - [INFO] Approximate FPS: 12.03
2025-09-12 20:44:44 - INFO - [__main__] - [INFO] Approximate FPS: 11.94
2025-09-12 20:44:52 - INFO - [__main__] - [INFO] Approximate FPS: 12.08
2025-09-12 20:45:00 - INFO - [__main__] - [INFO] Approximate FPS: 12.01
2025-09-12 20:45:09 - INFO - [__main__] - [INFO] Approximate FPS: 12.02
2025-09-12 20:45:17 - INFO - [__main__] - [INFO] Approximate FPS: 11.99
2025-09-12 20:45:25 - INFO - [__main__] - [INFO] Approximate FPS: 12.13
2025-09-12 20:45:33 - INFO - [__main__] - [INFO] Approximate FPS: 12.12
2025-09-12 20:45:42 - INFO - [__main__] - [INFO] Approximate FPS: 12.25
2025-09-12 20:45:50 - INFO - [__main__] - [INFO] Approximate FPS: 12.16
2025-09-12 20:45:58 - INFO - [__main__] - [INFO] Approximate FPS: 12.11
2025-09-12 20:46:06 - INFO - [__main__] - [INFO] Approximate FPS: 12.09
2025-09-12 20:46:15 - INFO - [__main__] - [INFO] Approximate FPS: 11.99
2025-09-12 20:46:23 - INFO - [__main__] - [INFO] Approximate FPS: 12.22
2025-09-12 20:46:31 - INFO - [__main__] - [INFO] Approximate FPS: 12.21
2025-09-12 20:46:40 - INFO - [__main__] - [INFO] Approximate FPS: 11.88
2025-09-12 20:46:48 - INFO - [__main__] - [INFO] Approximate FPS: 12.05
2025-09-12 20:46:56 - INFO - [__main__] - [INFO] Approximate FPS: 12.06
2025-09-12 20:47:04 - INFO - [__main__] - [INFO] Approximate FPS: 12.07
2025-09-12 20:47:13 - INFO - [__main__] - [INFO] Approximate FPS: 12.06
2025-09-12 20:47:21 - INFO - [__main__] - [INFO] Approximate FPS: 12.07
2025-09-12 20:47:29 - INFO - [__main__] - [INFO] Approximate FPS: 12.07
2025-09-12 20:47:38 - INFO - [__main__] - [INFO] Approximate FPS: 11.98
2025-09-12 20:47:46 - INFO - [__main__] - [INFO] Approximate FPS: 12.08
2025-09-12 20:47:54 - INFO - [__main__] - [INFO] Approximate FPS: 12.12
2025-09-12 20:48:02 - INFO - [__main__] - [INFO] Approximate FPS: 12.28
2025-09-12 20:48:10 - INFO - [__main__] - [INFO] Approximate FPS: 12.31
2025-09-12 20:48:19 - INFO - [__main__] - [INFO] Approximate FPS: 12.18
2025-09-12 20:48:27 - INFO - [__main__] - [INFO] Approximate FPS: 12.22
2025-09-12 20:48:35 - INFO - [__main__] - [INFO] Approximate FPS: 12.21
2025-09-12 20:48:43 - INFO - [__main__] - [INFO] Approximate FPS: 12.03
2025-09-12 20:48:51 - INFO - [__main__] - [INFO] Approximate FPS: 12.24
2025-09-12 20:49:00 - INFO - [__main__] - [INFO] Approximate FPS: 12.24
2025-09-12 20:49:08 - INFO - [__main__] - [INFO] Approximate FPS: 12.24
2025-09-12 20:49:16 - INFO - [__main__] - [INFO] Approximate FPS: 12.21
2025-09-12 20:49:24 - INFO - [__main__] - [INFO] Approximate FPS: 12.16
2025-09-12 20:49:32 - INFO - [__main__] - [INFO] Approximate FPS: 12.25
2025-09-12 20:49:41 - INFO - [__main__] - [INFO] Approximate FPS: 12.03
2025-09-12 20:49:49 - INFO - [__main__] - [INFO] Approximate FPS: 12.02
2025-09-12 20:49:57 - INFO - [__main__] - [INFO] Approximate FPS: 12.10
2025-09-12 20:50:06 - INFO - [__main__] - [INFO] Approximate FPS: 12.07
2025-09-12 20:50:14 - INFO - [__main__] - [INFO] Approximate FPS: 12.12
2025-09-12 20:50:22 - INFO - [__main__] - [INFO] Approximate FPS: 12.10
2025-09-12 20:50:30 - INFO - [__main__] - [INFO] Approximate FPS: 12.14
2025-09-12 20:50:39 - INFO - [__main__] - [INFO] Approximate FPS: 11.97
2025-09-12 20:50:47 - INFO - [__main__] - [INFO] Approximate FPS: 12.02
2025-09-12 20:50:55 - INFO - [__main__] - [INFO] Approximate FPS: 11.95
2025-09-12 20:51:04 - INFO - [__main__] - [INFO] Approximate FPS: 12.00
2025-09-12 20:51:12 - INFO - [__main__] - [INFO] Approximate FPS: 12.13
2025-09-12 20:51:20 - INFO - [__main__] - [INFO] Approximate FPS: 12.07
2025-09-12 20:51:28 - INFO - [__main__] - [INFO] Approximate FPS: 12.07
2025-09-12 20:51:37 - INFO - [__main__] - [INFO] Approximate FPS: 11.96
2025-09-12 20:51:45 - INFO - [__main__] - [INFO] Approximate FPS: 12.10
2025-09-12 20:51:53 - INFO - [__main__] - [INFO] Approximate FPS: 12.07
2025-09-12 20:52:02 - INFO - [__main__] - [INFO] Approximate FPS: 12.04
2025-09-12 20:52:10 - INFO - [__main__] - [INFO] Approximate FPS: 12.04
2025-09-12 20:52:18 - INFO - [__main__] - [INFO] Approximate FPS: 12.02
2025-09-12 20:52:27 - INFO - [__main__] - [INFO] Approximate FPS: 12.05
2025-09-12 20:52:35 - INFO - [__main__] - [INFO] Approximate FPS: 12.08
2025-09-12 20:52:43 - INFO - [__main__] - [INFO] Approximate FPS: 11.95
2025-09-12 20:52:52 - INFO - [__main__] - [INFO] Approximate FPS: 12.04
2025-09-12 20:53:00 - INFO - [__main__] - [INFO] Approximate FPS: 12.09
2025-09-12 20:53:08 - INFO - [__main__] - [INFO] Approximate FPS: 12.24
2025-09-12 20:53:16 - INFO - [__main__] - [INFO] Approximate FPS: 12.10
2025-09-12 20:53:25 - INFO - [__main__] - [INFO] Approximate FPS: 12.07
2025-09-12 20:53:33 - INFO - [__main__] - [INFO] Approximate FPS: 12.12
2025-09-12 20:53:41 - INFO - [__main__] - [INFO] Approximate FPS: 12.12
2025-09-12 20:53:49 - INFO - [__main__] - [INFO] Approximate FPS: 12.14
2025-09-12 20:53:58 - INFO - [__main__] - [INFO] Approximate FPS: 12.18
2025-09-12 20:54:06 - INFO - [__main__] - [INFO] Approximate FPS: 12.07
2025-09-12 20:54:14 - INFO - [__main__] - [INFO] Approximate FPS: 11.99
2025-09-12 20:54:22 - INFO - [__main__] - [INFO] Approximate FPS: 12.02
2025-09-12 20:54:31 - INFO - [__main__] - [INFO] Approximate FPS: 12.12
2025-09-12 20:54:39 - INFO - [__main__] - [INFO] Approximate FPS: 12.32
2025-09-12 20:54:47 - INFO - [__main__] - [INFO] Approximate FPS: 12.47
2025-09-12 20:54:55 - INFO - [__main__] - [INFO] Approximate FPS: 12.44
2025-09-12 20:55:03 - INFO - [__main__] - [INFO] Approximate FPS: 12.09
2025-09-12 20:55:14 - INFO - [__main__] - [INFO] Approximate FPS: 8.93
2025-09-12 20:55:36 - INFO - [__main__] - [INFO] Approximate FPS: 4.62
2025-09-12 20:55:57 - INFO - [__main__] - [INFO] Approximate FPS: 4.80
2025-09-12 20:56:06 - INFO - [__main__] - [INFO] Approximate FPS: 10.76
2025-09-12 20:56:15 - INFO - [__main__] - [INFO] Approximate FPS: 10.69
2025-09-12 20:56:27 - INFO - [__main__] - [INFO] Approximate FPS: 8.43
2025-09-12 20:56:44 - INFO - [__main__] - [INFO] Approximate FPS: 5.91
2025-09-12 20:56:55 - INFO - [__main__] - [INFO] Approximate FPS: 9.66
2025-09-12 20:57:05 - INFO - [__main__] - [INFO] Approximate FPS: 9.24
2025-09-12 20:57:15 - INFO - [__main__] - [INFO] Approximate FPS: 10.23
2025-09-12 20:57:24 - INFO - [__main__] - [INFO] Approximate FPS: 11.09
2025-09-12 20:57:34 - INFO - [__main__] - [INFO] Approximate FPS: 10.25
2025-09-12 20:57:44 - INFO - [__main__] - [INFO] Approximate FPS: 10.11
2025-09-12 20:57:54 - INFO - [__main__] - [INFO] Approximate FPS: 10.35
2025-09-12 20:58:11 - INFO - [__main__] - [INFO] Approximate FPS: 5.64
2025-09-12 20:58:21 - INFO - [__main__] - [INFO] Approximate FPS: 10.77
2025-09-12 20:58:31 - INFO - [__main__] - [INFO] Approximate FPS: 9.53
2025-09-12 20:58:44 - INFO - [__main__] - [INFO] Approximate FPS: 7.94
2025-09-12 20:58:55 - INFO - [__main__] - [INFO] Approximate FPS: 8.50
2025-09-12 20:59:04 - INFO - [__main__] - [INFO] Approximate FPS: 11.52
2025-09-12 20:59:20 - INFO - [__main__] - [INFO] Approximate FPS: 6.12
2025-09-12 20:59:31 - INFO - [__main__] - [INFO] Approximate FPS: 9.72
2025-09-12 20:59:42 - INFO - [__main__] - [INFO] Approximate FPS: 8.54
2025-09-12 21:00:03 - INFO - [__main__] - [INFO] Approximate FPS: 4.82
2025-09-12 21:00:14 - INFO - [__main__] - [INFO] Approximate FPS: 9.25
2025-09-12 21:00:25 - INFO - [__main__] - [INFO] Approximate FPS: 8.74
2025-09-12 21:00:47 - INFO - [__main__] - [INFO] Approximate FPS: 4.65
2025-09-12 21:00:56 - INFO - [__main__] - [INFO] Approximate FPS: 10.78
2025-09-12 21:01:07 - INFO - [__main__] - [INFO] Approximate FPS: 9.22
2025-09-12 21:01:16 - INFO - [__main__] - [INFO] Approximate FPS: 10.69
2025-09-12 21:01:34 - INFO - [__main__] - [INFO] Approximate FPS: 5.67
2025-09-12 21:01:45 - INFO - [__main__] - [INFO] Approximate FPS: 9.54
2025-09-12 21:01:58 - INFO - [__main__] - [INFO] Approximate FPS: 7.21
2025-09-12 21:02:10 - INFO - [__main__] - [INFO] Approximate FPS: 8.78
2025-09-12 21:02:21 - INFO - [__main__] - [INFO] Approximate FPS: 8.86
2025-09-12 21:02:32 - INFO - [__main__] - [INFO] Approximate FPS: 8.98
2025-09-12 21:02:46 - INFO - [__main__] - [INFO] Approximate FPS: 7.05
2025-09-12 21:03:03 - INFO - [__main__] - [INFO] Approximate FPS: 6.16
2025-09-12 21:03:15 - INFO - [__main__] - [INFO] Approximate FPS: 7.81
2025-09-12 21:03:34 - INFO - [__main__] - [INFO] Approximate FPS: 5.48
2025-09-12 21:03:43 - INFO - [__main__] - [INFO] Approximate FPS: 10.34
2025-09-12 21:03:57 - INFO - [__main__] - [INFO] Approximate FPS: 7.17
2025-09-12 21:04:16 - INFO - [__main__] - [INFO] Approximate FPS: 5.26
2025-09-12 21:04:26 - INFO - [__main__] - [INFO] Approximate FPS: 10.54
2025-09-12 21:04:35 - INFO - [__main__] - [INFO] Approximate FPS: 10.40
2025-09-12 21:04:47 - INFO - [__main__] - [INFO] Approximate FPS: 8.97
2025-09-12 21:05:00 - INFO - [__main__] - [INFO] Approximate FPS: 7.70
2025-09-12 21:05:13 - INFO - [__main__] - [INFO] Approximate FPS: 7.71
2025-09-12 21:05:22 - INFO - [__main__] - [INFO] Approximate FPS: 10.79
2025-09-12 21:05:32 - INFO - [__main__] - [INFO] Approximate FPS: 10.25
2025-09-12 21:05:44 - INFO - [__main__] - [INFO] Approximate FPS: 8.17
2025-09-12 21:06:00 - INFO - [__main__] - [INFO] Approximate FPS: 6.10
2025-09-12 21:06:18 - INFO - [__main__] - [INFO] Approximate FPS: 5.64
2025-09-12 21:06:29 - INFO - [__main__] - [INFO] Approximate FPS: 8.73
2025-09-12 21:06:41 - INFO - [__main__] - [INFO] Approximate FPS: 8.57
2025-09-12 21:06:53 - INFO - [__main__] - [INFO] Approximate FPS: 8.54
2025-09-12 21:07:09 - INFO - [__main__] - [INFO] Approximate FPS: 5.99
2025-09-12 21:07:22 - INFO - [__main__] - [INFO] Approximate FPS: 8.01
2025-09-12 21:07:35 - INFO - [__main__] - [INFO] Approximate FPS: 7.73
2025-09-12 21:07:45 - INFO - [__main__] - [INFO] Approximate FPS: 10.06
2025-09-12 21:07:55 - INFO - [__main__] - [INFO] Approximate FPS: 9.37
2025-09-12 21:08:06 - INFO - [__main__] - [INFO] Approximate FPS: 9.13
2025-09-12 21:08:28 - INFO - [__main__] - [INFO] Approximate FPS: 4.75
2025-09-12 21:08:37 - INFO - [__main__] - [INFO] Approximate FPS: 10.17
2025-09-12 21:08:49 - INFO - [__main__] - [INFO] Approximate FPS: 8.72
2025-09-12 21:08:58 - INFO - [__main__] - [INFO] Approximate FPS: 10.82
2025-09-12 21:09:07 - INFO - [__main__] - [INFO] Approximate FPS: 10.76
2025-09-12 21:09:16 - INFO - [__main__] - [INFO] Approximate FPS: 11.73
2025-09-12 21:09:24 - INFO - [__main__] - [INFO] Approximate FPS: 11.80
2025-09-12 21:09:33 - INFO - [__main__] - [INFO] Approximate FPS: 12.06
2025-09-12 21:09:41 - INFO - [__main__] - [INFO] Approximate FPS: 12.24
2025-09-12 21:09:49 - INFO - [__main__] - [INFO] Approximate FPS: 12.36
2025-09-12 21:09:57 - INFO - [__main__] - [INFO] Approximate FPS: 12.44
2025-09-12 21:10:05 - INFO - [__main__] - [INFO] Approximate FPS: 12.35
2025-09-12 21:10:13 - INFO - [__main__] - [INFO] Approximate FPS: 12.33
2025-09-12 21:10:21 - INFO - [__main__] - [INFO] Approximate FPS: 12.35
2025-09-12 21:10:29 - INFO - [__main__] - [INFO] Approximate FPS: 12.41
2025-09-12 21:10:37 - INFO - [__main__] - [INFO] Approximate FPS: 12.40
2025-09-12 21:10:46 - INFO - [__main__] - [INFO] Approximate FPS: 12.15
2025-09-12 21:10:54 - INFO - [__main__] - [INFO] Approximate FPS: 12.41
2025-09-12 21:11:02 - INFO - [__main__] - [INFO] Approximate FPS: 12.39
2025-09-12 21:11:10 - INFO - [__main__] - [INFO] Approximate FPS: 12.32
2025-09-12 21:11:18 - INFO - [__main__] - [INFO] Approximate FPS: 12.05
2025-09-12 21:11:26 - INFO - [__main__] - [INFO] Approximate FPS: 12.37
2025-09-12 21:11:34 - INFO - [__main__] - [INFO] Approximate FPS: 12.37
2025-09-12 21:11:42 - INFO - [__main__] - [INFO] Approximate FPS: 12.33
2025-09-12 21:11:51 - INFO - [__main__] - [INFO] Approximate FPS: 11.69
2025-09-12 21:11:59 - INFO - [__main__] - [INFO] Approximate FPS: 12.39
2025-09-12 21:12:07 - INFO - [__main__] - [INFO] Approximate FPS: 12.41
2025-09-12 21:12:15 - INFO - [__main__] - [INFO] Approximate FPS: 12.41
2025-09-12 21:12:23 - INFO - [__main__] - [INFO] Approximate FPS: 12.38
2025-09-12 21:12:31 - INFO - [__main__] - [INFO] Approximate FPS: 12.37
2025-09-12 21:12:40 - INFO - [__main__] - [INFO] Approximate FPS: 12.22
2025-09-12 21:12:48 - INFO - [__main__] - [INFO] Approximate FPS: 12.33
2025-09-12 21:12:56 - INFO - [__main__] - [INFO] Approximate FPS: 12.40
2025-09-12 21:13:04 - INFO - [__main__] - [INFO] Approximate FPS: 12.43
2025-09-12 21:13:12 - INFO - [__main__] - [INFO] Approximate FPS: 12.43
2025-09-12 21:13:20 - INFO - [__main__] - [INFO] Approximate FPS: 12.42
2025-09-12 21:13:28 - INFO - [__main__] - [INFO] Approximate FPS: 12.42
2025-09-12 21:13:36 - INFO - [__main__] - [INFO] Approximate FPS: 12.42
2025-09-12 21:13:44 - INFO - [__main__] - [INFO] Approximate FPS: 12.36
2025-09-12 21:13:52 - INFO - [__main__] - [INFO] Approximate FPS: 12.34
2025-09-12 21:14:00 - INFO - [__main__] - [INFO] Approximate FPS: 12.31
2025-09-12 21:14:08 - INFO - [__main__] - [INFO] Approximate FPS: 12.42
2025-09-12 21:14:16 - INFO - [__main__] - [INFO] Approximate FPS: 12.38
2025-09-12 21:14:24 - INFO - [__main__] - [INFO] Approximate FPS: 12.40
2025-09-12 21:14:33 - INFO - [__main__] - [INFO] Approximate FPS: 12.40
2025-09-12 21:14:41 - INFO - [__main__] - [INFO] Approximate FPS: 12.20
2025-09-12 21:14:49 - INFO - [__main__] - [INFO] Approximate FPS: 12.28
2025-09-12 21:14:57 - INFO - [__main__] - [INFO] Approximate FPS: 12.32
2025-09-12 21:15:05 - INFO - [__main__] - [INFO] Approximate FPS: 12.40
2025-09-12 21:15:13 - INFO - [__main__] - [INFO] Approximate FPS: 12.39
2025-09-12 21:15:21 - INFO - [__main__] - [INFO] Approximate FPS: 12.36
2025-09-12 21:15:29 - INFO - [__main__] - [INFO] Approximate FPS: 12.38
2025-09-12 21:15:37 - INFO - [__main__] - [INFO] Approximate FPS: 12.35
2025-09-12 21:15:46 - INFO - [__main__] - [INFO] Approximate FPS: 12.19
2025-09-12 21:15:54 - INFO - [__main__] - [INFO] Approximate FPS: 12.36
2025-09-12 21:16:02 - INFO - [__main__] - [INFO] Approximate FPS: 12.32
2025-09-12 21:16:10 - INFO - [__main__] - [INFO] Approximate FPS: 12.17
2025-09-12 21:16:18 - INFO - [__main__] - [INFO] Approximate FPS: 11.93
2025-09-12 21:16:27 - INFO - [__main__] - [INFO] Approximate FPS: 12.31
2025-09-12 21:16:35 - INFO - [__main__] - [INFO] Approximate FPS: 12.39
2025-09-12 21:16:43 - INFO - [__main__] - [INFO] Approximate FPS: 12.25
2025-09-12 21:16:51 - INFO - [__main__] - [INFO] Approximate FPS: 12.30
2025-09-12 21:16:59 - INFO - [__main__] - [INFO] Approximate FPS: 12.36
2025-09-12 21:17:07 - INFO - [__main__] - [INFO] Approximate FPS: 12.31
2025-09-12 21:17:15 - INFO - [__main__] - [INFO] Approximate FPS: 12.24
2025-09-12 21:17:23 - INFO - [__main__] - [INFO] Approximate FPS: 12.38
2025-09-12 21:17:31 - INFO - [__main__] - [INFO] Approximate FPS: 12.39
2025-09-12 21:17:40 - INFO - [__main__] - [INFO] Approximate FPS: 12.13
2025-09-12 21:17:48 - INFO - [__main__] - [INFO] Approximate FPS: 12.33
2025-09-12 21:17:56 - INFO - [__main__] - [INFO] Approximate FPS: 12.36
2025-09-12 21:18:04 - INFO - [__main__] - [INFO] Approximate FPS: 12.34
2025-09-12 21:18:12 - INFO - [__main__] - [INFO] Approximate FPS: 12.39
2025-09-12 21:18:20 - INFO - [__main__] - [INFO] Approximate FPS: 12.43
2025-09-12 21:18:28 - INFO - [__main__] - [INFO] Approximate FPS: 12.44
2025-09-12 21:18:36 - INFO - [__main__] - [INFO] Approximate FPS: 12.43
2025-09-12 21:18:44 - INFO - [__main__] - [INFO] Approximate FPS: 12.32
2025-09-12 21:18:52 - INFO - [__main__] - [INFO] Approximate FPS: 12.34
2025-09-12 21:19:00 - INFO - [__main__] - [INFO] Approximate FPS: 12.39
2025-09-12 21:19:09 - INFO - [__main__] - [INFO] Approximate FPS: 12.39
2025-09-12 21:19:17 - INFO - [__main__] - [INFO] Approximate FPS: 12.43
2025-09-12 21:19:25 - INFO - [__main__] - [INFO] Approximate FPS: 12.39
2025-09-12 21:19:33 - INFO - [__main__] - [INFO] Approximate FPS: 12.42
2025-09-12 21:19:41 - INFO - [__main__] - [INFO] Approximate FPS: 12.39
2025-09-12 21:19:49 - INFO - [__main__] - [INFO] Approximate FPS: 12.40
2025-09-12 21:19:57 - INFO - [__main__] - [INFO] Approximate FPS: 12.47
2025-09-12 21:20:05 - INFO - [__main__] - [INFO] Approximate FPS: 12.42
2025-09-12 21:20:13 - INFO - [__main__] - [INFO] Approximate FPS: 12.43
2025-09-12 21:20:21 - INFO - [__main__] - [INFO] Approximate FPS: 12.40
2025-09-12 21:20:29 - INFO - [__main__] - [INFO] Approximate FPS: 12.36
2025-09-12 21:20:37 - INFO - [__main__] - [INFO] Approximate FPS: 12.40
2025-09-12 21:20:45 - INFO - [__main__] - [INFO] Approximate FPS: 12.32
2025-09-12 21:20:53 - INFO - [__main__] - [INFO] Approximate FPS: 12.38
2025-09-12 21:21:01 - INFO - [__main__] - [INFO] Approximate FPS: 12.38
2025-09-12 21:21:10 - INFO - [__main__] - [INFO] Approximate FPS: 12.38
2025-09-12 21:21:18 - INFO - [__main__] - [INFO] Approximate FPS: 12.46
2025-09-12 21:21:26 - INFO - [__main__] - [INFO] Approximate FPS: 12.48
2025-09-12 21:21:34 - INFO - [__main__] - [INFO] Approximate FPS: 12.50
2025-09-12 21:21:42 - INFO - [__main__] - [INFO] Approximate FPS: 12.41
2025-09-12 21:21:50 - INFO - [__main__] - [INFO] Approximate FPS: 12.46
2025-09-12 21:21:58 - INFO - [__main__] - [INFO] Approximate FPS: 12.47
2025-09-12 21:22:06 - INFO - [__main__] - [INFO] Approximate FPS: 12.45
2025-09-12 21:22:14 - INFO - [__main__] - [INFO] Approximate FPS: 12.44
2025-09-12 21:22:22 - INFO - [__main__] - [INFO] Approximate FPS: 12.47
2025-09-12 21:22:30 - INFO - [__main__] - [INFO] Approximate FPS: 12.43
2025-09-12 21:22:38 - INFO - [__main__] - [INFO] Approximate FPS: 12.29
2025-09-12 21:22:46 - INFO - [__main__] - [INFO] Approximate FPS: 12.33
2025-09-12 21:22:54 - INFO - [__main__] - [INFO] Approximate FPS: 12.50
2025-09-12 21:23:02 - INFO - [__main__] - [INFO] Approximate FPS: 12.47
2025-09-12 21:23:10 - INFO - [__main__] - [INFO] Approximate FPS: 12.43
2025-09-12 21:23:18 - INFO - [__main__] - [INFO] Approximate FPS: 12.48
2025-09-12 21:23:26 - INFO - [__main__] - [INFO] Approximate FPS: 12.49
2025-09-12 21:23:34 - INFO - [__main__] - [INFO] Approximate FPS: 12.40
2025-09-12 21:23:42 - INFO - [__main__] - [INFO] Approximate FPS: 12.35
2025-09-12 21:23:50 - INFO - [__main__] - [INFO] Approximate FPS: 12.38
2025-09-12 21:23:58 - INFO - [__main__] - [INFO] Approximate FPS: 12.43
2025-09-12 21:24:06 - INFO - [__main__] - [INFO] Approximate FPS: 12.45
2025-09-12 21:24:15 - INFO - [__main__] - [INFO] Approximate FPS: 12.41
2025-09-12 21:24:23 - INFO - [__main__] - [INFO] Approximate FPS: 12.52
2025-09-12 21:24:31 - INFO - [__main__] - [INFO] Approximate FPS: 12.45
2025-09-12 21:24:39 - INFO - [__main__] - [INFO] Approximate FPS: 12.29
2025-09-12 21:24:47 - INFO - [__main__] - [INFO] Approximate FPS: 12.42
2025-09-12 21:24:55 - INFO - [__main__] - [INFO] Approximate FPS: 12.45
2025-09-12 21:25:03 - INFO - [__main__] - [INFO] Approximate FPS: 12.37
2025-09-12 21:25:11 - INFO - [__main__] - [INFO] Approximate FPS: 12.39
2025-09-12 21:25:19 - INFO - [__main__] - [INFO] Approximate FPS: 12.46
2025-09-12 21:25:27 - INFO - [__main__] - [INFO] Approximate FPS: 12.37
2025-09-12 21:25:35 - INFO - [__main__] - [INFO] Approximate FPS: 12.42
2025-09-12 21:25:43 - INFO - [__main__] - [INFO] Approximate FPS: 12.34
2025-09-12 21:25:51 - INFO - [__main__] - [INFO] Approximate FPS: 12.42
2025-09-12 21:25:59 - INFO - [__main__] - [INFO] Approximate FPS: 12.39
2025-09-12 21:26:07 - INFO - [__main__] - [INFO] Approximate FPS: 12.36
2025-09-12 21:26:16 - INFO - [__main__] - [INFO] Approximate FPS: 12.35
2025-09-12 21:26:24 - INFO - [__main__] - [INFO] Approximate FPS: 12.39
2025-09-12 21:26:32 - INFO - [__main__] - [INFO] Approximate FPS: 12.35
2025-09-12 21:26:40 - INFO - [__main__] - [INFO] Approximate FPS: 12.28
2025-09-12 21:26:48 - INFO - [__main__] - [INFO] Approximate FPS: 12.39
2025-09-12 21:26:56 - INFO - [__main__] - [INFO] Approximate FPS: 12.41
2025-09-12 21:27:04 - INFO - [__main__] - [INFO] Approximate FPS: 12.39
2025-09-12 21:27:12 - INFO - [__main__] - [INFO] Approximate FPS: 12.41
2025-09-12 21:27:20 - INFO - [__main__] - [INFO] Approximate FPS: 12.42
2025-09-12 21:27:28 - INFO - [__main__] - [INFO] Approximate FPS: 12.42
2025-09-12 21:27:36 - INFO - [__main__] - [INFO] Approximate FPS: 12.46
2025-09-12 21:27:44 - INFO - [__main__] - [INFO] Approximate FPS: 12.34
2025-09-12 21:27:52 - INFO - [__main__] - [INFO] Approximate FPS: 12.39
2025-09-12 21:28:00 - INFO - [__main__] - [INFO] Approximate FPS: 12.48
2025-09-12 21:28:08 - INFO - [__main__] - [INFO] Approximate FPS: 12.36
2025-09-12 21:28:17 - INFO - [__main__] - [INFO] Approximate FPS: 12.47
2025-09-12 21:28:25 - INFO - [__main__] - [INFO] Approximate FPS: 12.42
2025-09-12 21:28:33 - INFO - [__main__] - [INFO] Approximate FPS: 12.47
2025-09-12 21:28:41 - INFO - [__main__] - [INFO] Approximate FPS: 12.33
2025-09-12 21:28:49 - INFO - [__main__] - [INFO] Approximate FPS: 12.38
2025-09-12 21:28:57 - INFO - [__main__] - [INFO] Approximate FPS: 12.45
2025-09-12 21:29:05 - INFO - [__main__] - [INFO] Approximate FPS: 12.40
2025-09-12 21:29:13 - INFO - [__main__] - [INFO] Approximate FPS: 12.39
2025-09-12 21:29:21 - INFO - [__main__] - [INFO] Approximate FPS: 12.41
2025-09-12 21:29:29 - INFO - [__main__] - [INFO] Approximate FPS: 12.40
2025-09-12 21:29:37 - INFO - [__main__] - [INFO] Approximate FPS: 12.42
2025-09-12 21:29:45 - INFO - [__main__] - [INFO] Approximate FPS: 12.40
2025-09-12 21:29:53 - INFO - [__main__] - [INFO] Approximate FPS: 12.45
2025-09-12 21:30:01 - INFO - [__main__] - [INFO] Approximate FPS: 12.39
2025-09-12 21:30:09 - INFO - [__main__] - [INFO] Approximate FPS: 12.40
2025-09-12 21:30:17 - INFO - [__main__] - [INFO] Approximate FPS: 12.45
2025-09-12 21:30:25 - INFO - [__main__] - [INFO] Approximate FPS: 12.49
2025-09-12 21:30:33 - INFO - [__main__] - [INFO] Approximate FPS: 12.38
2025-09-12 21:30:42 - INFO - [__main__] - [INFO] Approximate FPS: 12.26
2025-09-12 21:30:50 - INFO - [__main__] - [INFO] Approximate FPS: 12.33
2025-09-12 21:30:58 - INFO - [__main__] - [INFO] Approximate FPS: 12.43
2025-09-12 21:31:06 - INFO - [__main__] - [INFO] Approximate FPS: 12.41
2025-09-12 21:31:14 - INFO - [__main__] - [INFO] Approximate FPS: 12.43
2025-09-12 21:31:22 - INFO - [__main__] - [INFO] Approximate FPS: 12.36
2025-09-12 21:31:30 - INFO - [__main__] - [INFO] Approximate FPS: 12.39
2025-09-12 21:31:38 - INFO - [__main__] - [INFO] Approximate FPS: 12.36
2025-09-12 21:31:46 - INFO - [__main__] - [INFO] Approximate FPS: 12.41
2025-09-12 21:31:54 - INFO - [__main__] - [INFO] Approximate FPS: 12.37
2025-09-12 21:32:02 - INFO - [__main__] - [INFO] Approximate FPS: 12.39
2025-09-12 21:32:10 - INFO - [__main__] - [INFO] Approximate FPS: 12.44
2025-09-12 21:32:18 - INFO - [__main__] - [INFO] Approximate FPS: 12.42
2025-09-12 21:32:27 - INFO - [__main__] - [INFO] Approximate FPS: 12.37
2025-09-12 21:32:35 - INFO - [__main__] - [INFO] Approximate FPS: 12.41
2025-09-12 21:32:43 - INFO - [__main__] - [INFO] Approximate FPS: 12.30
2025-09-12 21:32:51 - INFO - [__main__] - [INFO] Approximate FPS: 12.38
2025-09-12 21:32:59 - INFO - [__main__] - [INFO] Approximate FPS: 12.39
2025-09-12 21:33:07 - INFO - [__main__] - [INFO] Approximate FPS: 12.35
2025-09-12 21:33:15 - INFO - [__main__] - [INFO] Approximate FPS: 12.42
2025-09-12 21:33:23 - INFO - [__main__] - [INFO] Approximate FPS: 12.41
2025-09-12 21:33:31 - INFO - [__main__] - [INFO] Approximate FPS: 12.41
2025-09-12 21:33:39 - INFO - [__main__] - [INFO] Approximate FPS: 12.42
2025-09-12 21:33:47 - INFO - [__main__] - [INFO] Approximate FPS: 12.41
2025-09-12 21:33:55 - INFO - [__main__] - [INFO] Approximate FPS: 12.40
2025-09-12 21:34:03 - INFO - [__main__] - [INFO] Approximate FPS: 12.42
2025-09-12 21:34:11 - INFO - [__main__] - [INFO] Approximate FPS: 12.44
2025-09-12 21:34:19 - INFO - [__main__] - [INFO] Approximate FPS: 12.42
2025-09-12 21:34:28 - INFO - [__main__] - [INFO] Approximate FPS: 12.41
2025-09-12 21:34:36 - INFO - [__main__] - [INFO] Approximate FPS: 12.40
2025-09-12 21:34:44 - INFO - [__main__] - [INFO] Approximate FPS: 12.28
2025-09-12 21:34:52 - INFO - [__main__] - [INFO] Approximate FPS: 12.35
2025-09-12 21:35:00 - INFO - [__main__] - [INFO] Approximate FPS: 12.43
2025-09-12 21:35:08 - INFO - [__main__] - [INFO] Approximate FPS: 12.42
2025-09-12 21:35:16 - INFO - [__main__] - [INFO] Approximate FPS: 12.44
2025-09-12 21:35:24 - INFO - [__main__] - [INFO] Approximate FPS: 12.46
2025-09-12 21:35:32 - INFO - [__main__] - [INFO] Approximate FPS: 12.45
2025-09-12 21:35:40 - INFO - [__main__] - [INFO] Approximate FPS: 11.84
2025-09-12 21:35:51 - INFO - [__main__] - [INFO] Approximate FPS: 9.83
2025-09-12 21:35:59 - INFO - [__main__] - [INFO] Approximate FPS: 12.42
2025-09-12 21:36:07 - INFO - [__main__] - [INFO] Approximate FPS: 12.47
2025-09-12 21:36:15 - INFO - [__main__] - [INFO] Approximate FPS: 12.47
2025-09-12 21:36:23 - INFO - [__main__] - [INFO] Approximate FPS: 12.48
2025-09-12 21:36:31 - INFO - [__main__] - [INFO] Approximate FPS: 12.47
2025-09-12 21:36:39 - INFO - [__main__] - [INFO] Approximate FPS: 12.31
2025-09-12 21:36:47 - INFO - [__main__] - [INFO] Approximate FPS: 12.35
2025-09-12 21:36:55 - INFO - [__main__] - [INFO] Approximate FPS: 12.40
2025-09-12 21:37:03 - INFO - [__main__] - [INFO] Approximate FPS: 12.43
2025-09-12 21:37:11 - INFO - [__main__] - [INFO] Approximate FPS: 12.46
2025-09-12 21:37:19 - INFO - [__main__] - [INFO] Approximate FPS: 12.48
2025-09-12 21:37:27 - INFO - [__main__] - [INFO] Approximate FPS: 12.50
2025-09-12 21:37:35 - INFO - [__main__] - [INFO] Approximate FPS: 12.49
2025-09-12 21:37:43 - INFO - [__main__] - [INFO] Approximate FPS: 12.42
2025-09-12 21:37:51 - INFO - [__main__] - [INFO] Approximate FPS: 12.42
2025-09-12 21:37:59 - INFO - [__main__] - [INFO] Approximate FPS: 12.44
2025-09-12 21:38:07 - INFO - [__main__] - [INFO] Approximate FPS: 12.48
2025-09-12 21:38:15 - INFO - [__main__] - [INFO] Approximate FPS: 12.44
2025-09-12 21:38:23 - INFO - [__main__] - [INFO] Approximate FPS: 12.48
2025-09-12 21:38:31 - INFO - [__main__] - [INFO] Approximate FPS: 12.50
2025-09-12 21:38:39 - INFO - [__main__] - [INFO] Approximate FPS: 12.34
2025-09-12 21:38:47 - INFO - [__main__] - [INFO] Approximate FPS: 12.41
2025-09-12 21:38:55 - INFO - [__main__] - [INFO] Approximate FPS: 12.48
2025-09-12 21:39:03 - INFO - [__main__] - [INFO] Approximate FPS: 12.50
2025-09-12 21:39:12 - INFO - [__main__] - [INFO] Approximate FPS: 12.46
2025-09-12 21:39:20 - INFO - [__main__] - [INFO] Approximate FPS: 12.38
2025-09-12 21:39:28 - INFO - [__main__] - [INFO] Approximate FPS: 12.40
2025-09-12 21:39:36 - INFO - [__main__] - [INFO] Approximate FPS: 12.37
2025-09-12 21:39:44 - INFO - [__main__] - [INFO] Approximate FPS: 12.30
2025-09-12 21:39:52 - INFO - [__main__] - [INFO] Approximate FPS: 12.44
2025-09-12 21:40:00 - INFO - [__main__] - [INFO] Approximate FPS: 12.47
2025-09-12 21:40:08 - INFO - [__main__] - [INFO] Approximate FPS: 12.49
2025-09-12 21:40:16 - INFO - [__main__] - [INFO] Approximate FPS: 12.46
2025-09-12 21:40:24 - INFO - [__main__] - [INFO] Approximate FPS: 12.49
2025-09-12 21:40:32 - INFO - [__main__] - [INFO] Approximate FPS: 12.42
2025-09-12 21:40:40 - INFO - [__main__] - [INFO] Approximate FPS: 12.22
2025-09-12 21:40:48 - INFO - [__main__] - [INFO] Approximate FPS: 12.35
2025-09-12 21:40:56 - INFO - [__main__] - [INFO] Approximate FPS: 12.35
2025-09-12 21:41:04 - INFO - [__main__] - [INFO] Approximate FPS: 12.43
2025-09-12 21:41:12 - INFO - [__main__] - [INFO] Approximate FPS: 12.44
2025-09-12 21:41:21 - INFO - [__main__] - [INFO] Approximate FPS: 12.40
2025-09-12 21:41:29 - INFO - [__main__] - [INFO] Approximate FPS: 12.39
2025-09-12 21:41:37 - INFO - [__main__] - [INFO] Approximate FPS: 12.44
2025-09-12 21:41:45 - INFO - [__main__] - [INFO] Approximate FPS: 12.41
2025-09-12 21:41:53 - INFO - [__main__] - [INFO] Approximate FPS: 12.43
2025-09-12 21:42:01 - INFO - [__main__] - [INFO] Approximate FPS: 12.43
2025-09-12 21:42:09 - INFO - [__main__] - [INFO] Approximate FPS: 12.48
2025-09-12 21:42:17 - INFO - [__main__] - [INFO] Approximate FPS: 12.38
2025-09-12 21:42:25 - INFO - [__main__] - [INFO] Approximate FPS: 12.42
2025-09-12 21:42:33 - INFO - [__main__] - [INFO] Approximate FPS: 12.42
2025-09-12 21:42:41 - INFO - [__main__] - [INFO] Approximate FPS: 12.24
2025-09-12 21:42:49 - INFO - [__main__] - [INFO] Approximate FPS: 12.33
2025-09-12 21:42:57 - INFO - [__main__] - [INFO] Approximate FPS: 12.43
2025-09-12 21:43:05 - INFO - [__main__] - [INFO] Approximate FPS: 12.45
2025-09-12 21:43:13 - INFO - [__main__] - [INFO] Approximate FPS: 12.46
2025-09-12 21:43:21 - INFO - [__main__] - [INFO] Approximate FPS: 12.47
2025-09-12 21:43:29 - INFO - [__main__] - [INFO] Approximate FPS: 12.43
2025-09-12 21:43:38 - INFO - [__main__] - [INFO] Approximate FPS: 12.22
2025-09-12 21:43:46 - INFO - [__main__] - [INFO] Approximate FPS: 12.45
2025-09-12 21:43:54 - INFO - [__main__] - [INFO] Approximate FPS: 12.45
2025-09-12 21:44:02 - INFO - [__main__] - [INFO] Approximate FPS: 12.40
2025-09-12 21:44:10 - INFO - [__main__] - [INFO] Approximate FPS: 12.40
2025-09-12 21:44:18 - INFO - [__main__] - [INFO] Approximate FPS: 12.40
2025-09-12 21:44:26 - INFO - [__main__] - [INFO] Approximate FPS: 12.42
2025-09-12 21:44:34 - INFO - [__main__] - [INFO] Approximate FPS: 12.39
2025-09-12 21:44:42 - INFO - [__main__] - [INFO] Approximate FPS: 12.24
2025-09-12 21:44:50 - INFO - [__main__] - [INFO] Approximate FPS: 12.42
2025-09-12 21:44:58 - INFO - [__main__] - [INFO] Approximate FPS: 12.43
2025-09-12 21:45:06 - INFO - [__main__] - [INFO] Approximate FPS: 12.44
2025-09-12 21:45:14 - INFO - [__main__] - [INFO] Approximate FPS: 12.43
2025-09-12 21:45:22 - INFO - [__main__] - [INFO] Approximate FPS: 12.45
2025-09-12 21:45:30 - INFO - [__main__] - [INFO] Approximate FPS: 12.42
2025-09-12 21:45:39 - INFO - [__main__] - [INFO] Approximate FPS: 12.33
2025-09-12 21:45:47 - INFO - [__main__] - [INFO] Approximate FPS: 12.35
2025-09-12 21:45:55 - INFO - [__main__] - [INFO] Approximate FPS: 12.45
2025-09-12 21:46:03 - INFO - [__main__] - [INFO] Approximate FPS: 12.48
2025-09-12 21:46:11 - INFO - [__main__] - [INFO] Approximate FPS: 12.47
2025-09-12 21:46:19 - INFO - [__main__] - [INFO] Approximate FPS: 12.48
2025-09-12 21:46:27 - INFO - [__main__] - [INFO] Approximate FPS: 12.47
2025-09-12 21:46:35 - INFO - [__main__] - [INFO] Approximate FPS: 12.48
2025-09-12 21:46:43 - INFO - [__main__] - [INFO] Approximate FPS: 12.26
2025-09-12 21:46:51 - INFO - [__main__] - [INFO] Approximate FPS: 12.40
2025-09-12 21:46:59 - INFO - [__main__] - [INFO] Approximate FPS: 12.44
2025-09-12 21:47:07 - INFO - [__main__] - [INFO] Approximate FPS: 12.39
2025-09-12 21:47:15 - INFO - [__main__] - [INFO] Approximate FPS: 12.38
2025-09-12 21:47:23 - INFO - [__main__] - [INFO] Approximate FPS: 12.42
2025-09-12 21:47:31 - INFO - [__main__] - [INFO] Approximate FPS: 12.45
2025-09-12 21:47:39 - INFO - [__main__] - [INFO] Approximate FPS: 12.31
2025-09-12 21:47:48 - INFO - [__main__] - [INFO] Approximate FPS: 12.37
2025-09-12 21:47:56 - INFO - [__main__] - [INFO] Approximate FPS: 12.44
2025-09-12 21:48:04 - INFO - [__main__] - [INFO] Approximate FPS: 12.40
2025-09-12 21:48:12 - INFO - [__main__] - [INFO] Approximate FPS: 12.37
2025-09-12 21:48:20 - INFO - [__main__] - [INFO] Approximate FPS: 12.36
2025-09-12 21:48:28 - INFO - [__main__] - [INFO] Approximate FPS: 12.40
2025-09-12 21:48:36 - INFO - [__main__] - [INFO] Approximate FPS: 12.36
2025-09-12 21:48:44 - INFO - [__main__] - [INFO] Approximate FPS: 12.27
2025-09-12 21:48:52 - INFO - [__main__] - [INFO] Approximate FPS: 12.38
2025-09-12 21:49:00 - INFO - [__main__] - [INFO] Approximate FPS: 12.46
2025-09-12 21:49:08 - INFO - [__main__] - [INFO] Approximate FPS: 12.37
2025-09-12 21:49:16 - INFO - [__main__] - [INFO] Approximate FPS: 12.43
2025-09-12 21:49:24 - INFO - [__main__] - [INFO] Approximate FPS: 12.47
2025-09-12 21:49:32 - INFO - [__main__] - [INFO] Approximate FPS: 12.46
2025-09-12 21:49:40 - INFO - [__main__] - [INFO] Approximate FPS: 12.35
2025-09-12 21:49:48 - INFO - [__main__] - [INFO] Approximate FPS: 12.45
2025-09-12 21:49:57 - INFO - [__main__] - [INFO] Approximate FPS: 12.47
2025-09-12 21:50:05 - INFO - [__main__] - [INFO] Approximate FPS: 12.44
2025-09-12 21:50:13 - INFO - [__main__] - [INFO] Approximate FPS: 12.47
2025-09-12 21:50:21 - INFO - [__main__] - [INFO] Approximate FPS: 12.44
2025-09-12 21:50:29 - INFO - [__main__] - [INFO] Approximate FPS: 12.41
2025-09-12 21:50:37 - INFO - [__main__] - [INFO] Approximate FPS: 12.40
2025-09-12 21:50:45 - INFO - [__main__] - [INFO] Approximate FPS: 12.21
2025-09-12 21:50:53 - INFO - [__main__] - [INFO] Approximate FPS: 12.36
2025-09-12 21:51:01 - INFO - [__main__] - [INFO] Approximate FPS: 12.39
2025-09-12 21:51:09 - INFO - [__main__] - [INFO] Approximate FPS: 12.39
2025-09-12 21:51:17 - INFO - [__main__] - [INFO] Approximate FPS: 12.44
2025-09-12 21:51:25 - INFO - [__main__] - [INFO] Approximate FPS: 12.43
2025-09-12 21:51:33 - INFO - [__main__] - [INFO] Approximate FPS: 12.38
2025-09-12 21:51:41 - INFO - [__main__] - [INFO] Approximate FPS: 12.39
2025-09-12 21:51:49 - INFO - [__main__] - [INFO] Approximate FPS: 12.40
2025-09-12 21:51:57 - INFO - [__main__] - [INFO] Approximate FPS: 12.44
2025-09-12 21:52:06 - INFO - [__main__] - [INFO] Approximate FPS: 12.47
2025-09-12 21:52:14 - INFO - [__main__] - [INFO] Approximate FPS: 12.48
2025-09-12 21:52:22 - INFO - [__main__] - [INFO] Approximate FPS: 12.46
2025-09-12 21:52:30 - INFO - [__main__] - [INFO] Approximate FPS: 12.51
2025-09-12 21:52:38 - INFO - [__main__] - [INFO] Approximate FPS: 12.38
2025-09-12 21:52:46 - INFO - [__main__] - [INFO] Approximate FPS: 12.40
2025-09-12 21:52:54 - INFO - [__main__] - [INFO] Approximate FPS: 12.44
2025-09-12 21:53:02 - INFO - [__main__] - [INFO] Approximate FPS: 12.37
2025-09-12 21:53:10 - INFO - [__main__] - [INFO] Approximate FPS: 12.39
2025-09-12 21:53:18 - INFO - [__main__] - [INFO] Approximate FPS: 12.45
2025-09-12 21:53:26 - INFO - [__main__] - [INFO] Approximate FPS: 12.46
2025-09-12 21:53:34 - INFO - [__main__] - [INFO] Approximate FPS: 12.44
2025-09-12 21:53:42 - INFO - [__main__] - [INFO] Approximate FPS: 12.42
2025-09-12 21:53:50 - INFO - [__main__] - [INFO] Approximate FPS: 12.44
2025-09-12 21:53:58 - INFO - [__main__] - [INFO] Approximate FPS: 12.43
2025-09-12 21:54:06 - INFO - [__main__] - [INFO] Approximate FPS: 12.45
2025-09-12 21:54:14 - INFO - [__main__] - [INFO] Approximate FPS: 12.41
2025-09-12 21:54:22 - INFO - [__main__] - [INFO] Approximate FPS: 12.41
2025-09-12 21:54:30 - INFO - [__main__] - [INFO] Approximate FPS: 12.44
2025-09-12 21:54:38 - INFO - [__main__] - [INFO] Approximate FPS: 12.28
2025-09-12 21:54:46 - INFO - [__main__] - [INFO] Approximate FPS: 12.43
2025-09-12 21:54:55 - INFO - [__main__] - [INFO] Approximate FPS: 12.44
2025-09-12 21:55:03 - INFO - [__main__] - [INFO] Approximate FPS: 12.45
2025-09-12 21:55:11 - INFO - [__main__] - [INFO] Approximate FPS: 12.47
2025-09-12 21:55:19 - INFO - [__main__] - [INFO] Approximate FPS: 12.44
2025-09-12 21:55:27 - INFO - [__main__] - [INFO] Approximate FPS: 12.43
2025-09-12 21:55:35 - INFO - [__main__] - [INFO] Approximate FPS: 12.43
2025-09-12 21:55:43 - INFO - [__main__] - [INFO] Approximate FPS: 12.23
2025-09-12 21:55:51 - INFO - [__main__] - [INFO] Approximate FPS: 12.45
2025-09-12 21:55:59 - INFO - [__main__] - [INFO] Approximate FPS: 12.48
2025-09-12 21:56:11 - INFO - [__main__] - [INFO] Approximate FPS: 8.42
