2025-11-15 22:18:34,485 - INFO - Starting OWL - checking imports...
2025-11-15 22:18:37,947 - INFO - All required modules imported successfully
2025-11-15 22:18:37 - INFO - [__main__] - Initializing OWL...
2025-11-15 22:18:37 - INFO - [__main__] - Starting OWL version 2.1.0
2025-11-15 22:18:37 - INFO - [__main__] - System Information: OS: Linux 6.12.25+rpt-rpi-2712, Machine: aarch64
2025-11-15 22:18:37 - INFO - [__main__] - Python Version: 3.11.2 (main, Apr 28 2025, 14:11:48) [GCC 12.2.0], Implementation: CPython, Compiler: GCC 12.2.0
2025-11-15 22:18:37 - INFO - [__main__] - Hardware: Raspberry Pi 5 Model B Rev 1.0
fatal : ni ceci ni aucun de ses répertoires parents n'est un dépôt git : .git
2025-11-15 22:18:38 - WARNING - [SystemInfo] - Git information could not be retrieved: Command '['git', 'rev-parse', '--short', 'HEAD']' returned non-zero exit status 128.
2025-11-15 22:18:38 - INFO - [__main__] - Git information not available.
2025-11-15 22:18:38 - WARNING - [utils.config_manager] - Unknown keys in section [Relays]: 7, 8, 6, 4, 5, 9
2025-11-15 22:18:38 - INFO - [utils.config_manager] - Successfully loaded and validated config: /home/owl/owl/config/DAY_SENSITIVITY_2.ini
2025-11-15 22:18:38 - INFO - [__main__] - Raspberry Pi version: rpi-5
2025-11-15 22:18:38 - INFO - [utils.output_manager] - [INFO] Setting up nozzles...
2025-11-15 22:18:39 - INFO - [utils.output_manager] - [INFO] Nozzle setup complete. Initiating camera...
2025-11-15 22:18:39 - INFO - [utils.directory_manager] - Connected to /media/owl/E0C2-9DBE and it is writable.
Traceback (most recent call last):
  File "/home/owl/owl/./owl.py", line 686, in <module>
    owl = Owl(
          ^^^^
  File "/home/owl/owl/./owl.py", line 201, in __init__
    self.image_recorder = ImageRecorder(save_directory=self.save_subdirectory, mode=self.sample_method)
                          ^^^^^^^^^^^^^^^^^^^^^^^^^^^^^^^^^^^^^^^^^^^^^^^^^^^^^^^^^^^^^^^^^^^^^^^^^^^^^
  File "/home/owl/owl/utils/image_sampler.py", line 20, in __init__
    self.start_new_process()
  File "/home/owl/owl/utils/image_sampler.py", line 29, in start_new_process
    self.logger.info(f"[INFO] Started new process, total processes: {len(self.processes)}")
    ^^^^^^^^^^^
AttributeError: 'ImageRecorder' object has no attribute 'logger'
