2025-05-15 15:11:08,559 - INFO - Starting OWL - checking imports...
2025-05-15 15:11:12,363 - INFO - All required modules imported successfully
2025-05-15 15:11:12 - INFO - [__main__] - Initializing OWL...
2025-05-15 15:11:12 - INFO - [__main__] - Starting OWL version 2.1.0
2025-05-15 15:11:12 - INFO - [__main__] - System Information: OS: Linux 6.12.25+rpt-rpi-2712, Machine: aarch64
2025-05-15 15:11:12 - INFO - [__main__] - Python Version: 3.11.2 (main, Nov 30 2024, 21:22:50) [GCC 12.2.0], Implementation: CPython, Compiler: GCC 12.2.0
2025-05-15 15:11:12 - INFO - [__main__] - Hardware: Raspberry Pi 5 Model B Rev 1.0
fatal : ni ceci ni aucun de ses répertoires parents n'est un dépôt git : .git
2025-05-15 15:11:12 - WARNING - [SystemInfo] - Git information could not be retrieved: Command '['git', 'rev-parse', '--short', 'HEAD']' returned non-zero exit status 128.
2025-05-15 15:11:12 - INFO - [__main__] - Git information not available.
2025-05-15 15:11:12 - INFO - [utils.config_manager] - Successfully loaded and validated config: /home/owl/owl/config/DAY_SENSITIVITY_2.ini
2025-05-15 15:11:12 - INFO - [__main__] - Raspberry Pi version: rpi-5
2025-05-15 15:11:12 - ERROR - [utils.output_manager] - Failed to initialize RelayCo2025-05-15 15:11:13 - INFO - [utils.output_manager] - [INFO] Nozzle setup complete. Initiating camera...
2025-05-15 15:11:13 - WARNING - [__main__] - High resolution, expect low framerate. Resolution set to 640x480.
2025-05-15 15:11:13 - INFO - [utils.video_manager] - Camera type: Picamera2Stream
2025-05-15 15:11:13 - INFO - [utils.video_manager] - Setting camera format
2025-05-15 15:11:13 - INFO - [utils.video_manager] - Setting camera controls
[0:00:10.517681160] [872] [1;32m INFO [1;37mCamera [1;34mcamera_manager.cpp:326 [0mlibcamera v0.5.0+59-d83ff0a4
[0:00:10.525597678] [1430] [1;32m INFO [1;37mRPI [1;34mpisp.cpp:720 [0mlibpisp version v1.2.1 981977ff21f3 29-04-2025 (14:13:50)
[0:00:10.535685067] [1430] [1;32m INFO [1;37mRPI [1;34mpisp.cpp:1179 [0mRegistered camera /base/axi/pcie@1000120000/rp1/i2c@80000/imx500@1a to CFE device /dev/media2 and ISP device /dev/media0 using PiSP variant BCM2712_C0
2025-05-15 15:11:13 - INFO - [picamera2.picamera2] - Initialization successful.
2025-05-15 15:11:13 - INFO - [picamera2.picamera2] - Camera now open.
2025-05-15 15:11:13 - INFO - [utils.video_manager] - [INFO] Unrecognised camera module, continuing with default settings.
2025-05-15 15:11:13 - INFO - [picamera2.picamera2] - Camera configuration has been adjusted!
[0:00:10.542158197] [872] [1;32m INFO [1;37mCamera [1;34mcamera.cpp:1205 [0mconfiguring streams: (0) 640x480-RGB888 (1) 2028x1520-BGGR_PISP_COMP1
[0:00:10.542315882] [1430] [1;32m INFO [1;37mRPI [1;34mpisp.cpp:1483 [0mSensor: /base/axi/pcie@1000120000/rp1/i2c@80000/imx500@1a - Selected sensor format: 2028x1520-SBGGR10_1X10 - Selected CFE format: 2028x1520-PC1B
2025-05-15 15:11:13 - INFO - [picamera2.picamera2] - Configuration successful!
2025-05-15 15:11:13 - INFO - [picamera2.picamera2] - Camera started
2025-05-15 15:11:21 - INFO - [utils.greenongreen] - Using NCNN model from models/best_ncnn_model
WARNING ⚠️ Unable to automatically guess model task, assuming 'task=detect'. Explicitly define task for your model, i.e. 'task=detect', 'segment', 'classify','pose' or 'obb'.
Loading models/best_ncnn_model for NCNN inference...
2025-05-15 15:11:33 - INFO - [__main__] - [INFO] Approximate FPS: 6.03
2025-05-15 15:11:41 - INFO - [__main__] - [INFO] Approximate FPS: 11.41
2025-05-15 15:11:49 - INFO - [__main__] - [INFO] Approximate FPS: 12.58
2025-05-15 15:11:57 - INFO - [__main__] - [INFO] Approximate FPS: 12.49
2025-05-15 15:12:05 - INFO - [__main__] - [INFO] Approximate FPS: 12.53
2025-05-15 15:12:13 - INFO - [__main__] - [INFO] Approximate FPS: 12.55
2025-05-15 15:12:22 - INFO - [__main__] - [INFO] Approximate FPS: 11.05
2025-05-15 15:12:32 - INFO - [__main__] - [INFO] Approximate FPS: 10.49
2025-05-15 15:12:42 - INFO - [__main__] - [INFO] Approximate FPS: 9.67
2025-05-15 15:12:53 - INFO - [__main__] - [INFO] Approximate FPS: 9.66
2025-05-15 15:13:03 - INFO - [__main__] - [INFO] Approximate FPS: 9.52
2025-05-15 15:13:13 - INFO - [__main__] - [INFO] Approximate FPS: 10.34
2025-05-15 15:13:22 - INFO - [__main__] - [INFO] Approximate FPS: 11.02
2025-05-15 15:13:30 - INFO - [__main__] - [INFO] Approximate FPS: 12.44
2025-05-15 15:13:38 - INFO - [__main__] - [INFO] Approximate FPS: 12.53
2025-05-15 15:13:46 - INFO - [__main__] - [INFO] Approximate FPS: 12.61
2025-05-15 15:13:54 - INFO - [__main__] - [INFO] Approximate FPS: 12.56
2025-05-15 15:14:03 - INFO - [__main__] - [INFO] Approximate FPS: 11.19
2025-05-15 15:14:13 - INFO - [__main__] - [INFO] Approximate FPS: 9.90
2025-05-15 15:14:24 - INFO - [__main__] - [INFO] Approximate FPS: 9.31
2025-05-15 15:14:34 - INFO - [__main__] - [INFO] Approximate FPS: 9.39
2025-05-15 15:14:43 - INFO - [__main__] - [INFO] Approximate FPS: 11.15
2025-05-15 15:14:52 - INFO - [__main__] - [INFO] Approximate FPS: 10.95
2025-05-15 15:15:01 - INFO - [__main__] - [INFO] Approximate FPS: 11.88
