2025-11-15 22:17:04,712 - INFO - Starting OWL - checking imports...
2025-11-15 22:17:08,411 - INFO - All required modules imported successfully
2025-11-15 22:17:08 - INFO - [__main__] - Initializing OWL...
2025-11-15 22:17:08 - INFO - [__main__] - Starting OWL version 2.1.0
2025-11-15 22:17:08 - INFO - [__main__] - System Information: OS: Linux 6.12.25+rpt-rpi-2712, Machine: aarch64
2025-11-15 22:17:08 - INFO - [__main__] - Python Version: 3.11.2 (main, Apr 28 2025, 14:11:48) [GCC 12.2.0], Implementation: CPython, Compiler: GCC 12.2.0
2025-11-15 22:17:08 - INFO - [__main__] - Hardware: Raspberry Pi 5 Model B Rev 1.0
fatal : ni ceci ni aucun de ses répertoires parents n'est un dépôt git : .git
2025-11-15 22:17:08 - WARNING - [SystemInfo] - Git information could not be retrieved: Command '['git', 'rev-parse', '--short', 'HEAD']' returned non-zero exit status 128.
2025-11-15 22:17:08 - INFO - [__main__] - Git information not available.
2025-11-15 22:17:08 - WARNING - [utils.config_manager] - Unknown keys in section [Relays]: 6, 9, 5, 4, 8, 7
2025-11-15 22:17:08 - INFO - [utils.config_manager] - Successfully loaded and validated config: /home/owl/owl/config/DAY_SENSITIVITY_2.ini
2025-11-15 22:17:08 - INFO - [__main__] - Raspberry Pi version: rpi-5
2025-11-15 22:17:08 - ERROR - [utils.output_manager] - Failed to initialize RelayCo2025-11-15 22:17:09 - INFO - [utils.output_manager] - [INFO] Nozzle setup complete. Initiating camera...
2025-11-15 22:17:09 - INFO - [utils.directory_manager] - [INFO] Attempt 1 failed: 
[1m[91mNo Writable USB Devices[0m
[93mError ID: OWL_20251115_221709[0m

[92mProblem:[0m
No writable USB devices were found

[92mSearched Locations:[0m
• /media

[92mSolutions:[0m
1. Check if USB device is properly connected
2. Verify USB device is not write-protected
3. Ensure USB device is properly formatted
4. Check device permissions
. Retrying in 2 seconds...
2025-11-15 22:17:11 - INFO - [utils.directory_manager] - [INFO] Attempt 2 failed: 
[1m[91mNo Writable USB Devices[0m
[93mError ID: OWL_20251115_221711[0m

[92mProblem:[0m
No writable USB devices were found

[92mSearched Locations:[0m
• /media

[92mSolutions:[0m
1. Check if USB device is properly connected
2. Verify USB device is not write-protected
3. Ensure USB device is properly formatted
4. Check device permissions
. Retrying in 2 seconds...
2025-11-15 22:17:13 - INFO - [utils.directory_manager] - [INFO] Attempt 3 failed: 
[1m[91mNo Writable USB Devices[0m
[93mError ID: OWL_20251115_221713[0m

[92mProblem:[0m
No writable USB devices were found

[92mSearched Locations:[0m
• /media

[92mSolutions:[0m
1. Check if USB device is properly connected
2. Verify USB device is not write-protected
3. Ensure USB device is properly formatted
4. Check device permissions
. Retrying in 2 seconds...
2025-11-15 22:17:15 - INFO - [utils.directory_manager] - [INFO] Attempt 4 failed: 
[1m[91mNo Writable USB Devices[0m
[93mError ID: OWL_20251115_221715[0m

[92mProblem:[0m
No writable USB devices were found

[92mSearched Locations:[0m
• /media

[92mSolutions:[0m
1. Check if USB device is properly connected
2. Verify USB device is not write-protected
3. Ensure USB device is properly formatted
4. Check device permissions
. Retrying in 2 seconds...
2025-11-15 22:17:17 - INFO - [utils.directory_manager] - [INFO] Attempt 5 failed: 
[1m[91mNo Writable USB Devices[0m
[93mError ID: OWL_20251115_221717[0m

[92mProblem:[0m
No writable USB devices were found

[92mSearched Locations:[0m
• /media

[92mSolutions:[0m
1. Check if USB device is properly connected
2. Verify USB device is not write-protected
3. Ensure USB device is properly formatted
4. Check device permissions
. Retrying in 2 seconds...
Traceback (most recent call last):
  File "/home/owl/owl/./owl.py", line 686, in <module>
    owl = Owl(
          ^^^^
  File "/home/owl/owl/./owl.py", line 199, in __init__
    self.save_directory, self.save_subdirectory = self.directory_manager.setup_directories()
                                                  ^^^^^^^^^^^^^^^^^^^^^^^^^^^^^^^^^^^^^^^^^^
  File "/home/owl/owl/utils/directory_manager.py", line 24, in setup_directories
    raise errors.NoWritableUSBError()
utils.error_manager.NoWritableUSBError: 
[1m[91mNo Writable USB Devices[0m
[93mError ID: OWL_20251115_221719[0m

[92mProblem:[0m
No writable USB devices were found

[92mSolutions:[0m
1. Check if USB device is properly connected
2. Verify USB device is not write-protected
3. Ensure USB device is properly formatted
4. Check device permissions

>[0m  - Graceful termination
    [1m[97mkill -9 <PID>[0m - Force termination (use with caution)

[92mImportant Notes:[0m
- Double-check the PID before stopping it!
- If no processes are listed but error persists, check GPIO outputs
- Ensure all GPIO resources are properly released
- Try rebooting if the issue persists

