2025-06-18 23:51:35,375 - INFO - Starting OWL - checking imports...
2025-06-18 23:51:38,802 - INFO - All required modules imported successfully
2025-06-18 23:51:38 - INFO - [__main__] - Initializing OWL...
2025-06-18 23:51:38 - INFO - [__main__] - Starting OWL version 2.1.0
2025-06-18 23:51:38 - INFO - [__main__] - System Information: OS: Linux 6.12.25+rpt-rpi-2712, Machine: aarch64
2025-06-18 23:51:38 - INFO - [__main__] - Python Version: 3.11.2 (main, Apr 28 2025, 14:11:48) [GCC 12.2.0], Implementation: CPython, Compiler: GCC 12.2.0
2025-06-18 23:51:38 - INFO - [__main__] - Hardware: Raspberry Pi 5 Model B Rev 1.0
fatal : ni ceci ni aucun de ses répertoires parents n'est un dépôt git : .git
2025-06-18 23:51:38 - WARNING - [SystemInfo] - Git information could not be retrieved: Command '['git', 'rev-parse', '--short', 'HEAD']' returned non-zero exit status 128.
2025-06-18 23:51:38 - INFO - [__main__] - Git information not available.
2025-06-18 23:51:38 - WARNING - [utils.config_manager] - Unknown keys in section [Relays]: 5, 4
2025-06-18 23:51:38 - INFO - [utils.config_manager] - Successfully loaded and validated config: /home/owl/owl/config/DAY_SENSITIVITY_2.ini
2025-06-18 23:51:38 - INFO - [__main__] - Raspberry Pi version: rpi-5
2025-06-18 23:51:38 - ERROR - [utils.output_manager] - Failed to initialize RelayCo2025-06-18 23:51:39 - INFO - [utils.output_manager] - [INFO] Nozzle setup complete. Initiating camera...
2025-06-18 23:51:39 - WARNING - [__main__] - High resolution, expect low framerate. Resolution set to 640x480.
2025-06-18 23:51:39 - INFO - [utils.video_manager] - Camera type: Picamera2Stream
2025-06-18 23:51:39 - INFO - [utils.video_manager] - Setting camera format
2025-06-18 23:51:39 - INFO - [utils.video_manager] - Setting camera controls
[0:00:10.307959602] [827] [1;32m INFO [1;37mCamera [1;34mcamera_manager.cpp:326 [0mlibcamera v0.5.0+59-d83ff0a4
[0:00:10.317457491] [1358] [1;32m INFO [1;37mRPI [1;34mpisp.cpp:720 [0mlibpisp version v1.2.1 981977ff21f3 29-04-2025 (14:13:50)
[0:00:10.327603973] [1358] [1;32m INFO [1;37mRPI [1;34mpisp.cpp:1179 [0mRegistered camera /base/axi/pcie@1000120000/rp1/i2c@80000/imx296@1a to CFE device /dev/media1 and ISP device /dev/media2 using PiSP variant BCM2712_C0
2025-06-18 23:51:39 - INFO - [picamera2.picamera2] - Initialization successful.
2025-06-18 23:51:39 - INFO - [picamera2.picamera2] - Camera now open.
2025-06-18 23:51:39 - INFO - [utils.video_manager] - [INFO] Using IMX296 Global Shutter Camera
2025-06-18 23:51:39 - INFO - [picamera2.picamera2] - Camera configuration has been adjusted!
[0:00:10.332754121] [827] [1;32m INFO [1;37mCamera [1;34mcamera.cpp:1205 [0mconfiguring streams: (0) 640x480-RGB888 (1) 1456x1088-RGGB_PISP_COMP1
[0:00:10.332972676] [1358] [1;32m INFO [1;37mRPI [1;34mpisp.cpp:1483 [0mSensor: /base/axi/pcie@1000120000/rp1/i2c@80000/imx296@1a - Selected sensor format: 1456x1088-SRGGB10_1X10 - Selected CFE format: 1456x1088-PC1R
2025-06-18 23:51:39 - INFO - [picamera2.picamera2] - Configuration successful!
2025-06-18 23:51:40 - INFO - [picamera2.picamera2] - Camera started
2025-06-18 23:51:46 - INFO - [utils.greenongreen] - Using NCNN model from models/best_ncnn_model
WARNING ⚠️ Unable to automatically guess model task, assuming 'task=detect'. Explicitly define task for your model, i.e. 'task=detect', 'segment', 'classify','pose' or 'obb'.
Loading models/best_ncnn_model for NCNN inference...
2025-06-18 23:51:57 - INFO - [__main__] - [INFO] Approximate FPS: 7.04
2025-06-18 23:52:05 - INFO - [__main__] - [INFO] Approximate FPS: 12.92
2025-06-18 23:52:14 - INFO - [__main__] - [INFO] Approximate FPS: 11.42
2025-06-18 23:52:21 - INFO - [__main__] - [INFO] Approximate FPS: 12.82
2025-06-18 23:52:29 - INFO - [__main__] - [INFO] Approximate FPS: 12.57
2025-06-18 23:52:37 - INFO - [__main__] - [INFO] Approximate FPS: 12.86
2025-06-18 23:52:46 - INFO - [__main__] - [INFO] Approximate FPS: 11.72
2025-06-18 23:52:54 - INFO - [__main__] - [INFO] Approximate FPS: 12.79
2025-06-18 23:53:01 - INFO - [__main__] - [INFO] Approximate FPS: 12.85
2025-06-18 23:53:09 - INFO - [__main__] - [INFO] Approximate FPS: 12.82
2025-06-18 23:53:17 - INFO - [__main__] - [INFO] Approximate FPS: 12.82
2025-06-18 23:53:25 - INFO - [__main__] - [INFO] Approximate FPS: 12.81
2025-06-18 23:53:32 - INFO - [__main__] - [INFO] Approximate FPS: 12.86
2025-06-18 23:53:40 - INFO - [__main__] - [INFO] Approximate FPS: 12.86
2025-06-18 23:53:48 - INFO - [__main__] - [INFO] Approximate FPS: 12.81
2025-06-18 23:53:56 - INFO - [__main__] - [INFO] Approximate FPS: 12.86
2025-06-18 23:54:04 - INFO - [__main__] - [INFO] Approximate FPS: 12.75
2025-06-18 23:54:12 - INFO - [__main__] - [INFO] Approximate FPS: 12.12
2025-06-18 23:54:20 - INFO - [__main__] - [INFO] Approximate FPS: 12.34
2025-06-18 23:54:28 - INFO - [__main__] - [INFO] Approximate FPS: 12.56
2025-06-18 23:54:36 - INFO - [__main__] - [INFO] Approximate FPS: 12.85
2025-06-18 23:54:44 - INFO - [__main__] - [INFO] Approximate FPS: 12.87
2025-06-18 23:54:51 - INFO - [__main__] - [INFO] Approximate FPS: 12.89
2025-06-18 23:54:59 - INFO - [__main__] - [INFO] Approximate FPS: 12.88
2025-06-18 23:55:07 - INFO - [__main__] - [INFO] Approximate FPS: 12.89
2025-06-18 23:55:15 - INFO - [__main__] - [INFO] Approximate FPS: 12.83
2025-06-18 23:55:22 - INFO - [__main__] - [INFO] Approximate FPS: 12.82
2025-06-18 23:55:30 - INFO - [__main__] - [INFO] Approximate FPS: 12.85
2025-06-18 23:55:38 - INFO - [__main__] - [INFO] Approximate FPS: 12.87
2025-06-18 23:55:46 - INFO - [__main__] - [INFO] Approximate FPS: 12.88
2025-06-18 23:55:54 - INFO - [__main__] - [INFO] Approximate FPS: 12.83
2025-06-18 23:56:01 - INFO - [__main__] - [INFO] Approximate FPS: 12.83
2025-06-18 23:56:09 - INFO - [__main__] - [INFO] Approximate FPS: 12.86
2025-06-18 23:56:17 - INFO - [__main__] - [INFO] Approximate FPS: 12.84
2025-06-18 23:56:25 - INFO - [__main__] - [INFO] Approximate FPS: 12.85
2025-06-18 23:56:32 - INFO - [__main__] - [INFO] Approximate FPS: 12.85
2025-06-18 23:56:40 - INFO - [__main__] - [INFO] Approximate FPS: 12.84
2025-06-18 23:56:48 - INFO - [__main__] - [INFO] Approximate FPS: 12.89
2025-06-18 23:56:56 - INFO - [__main__] - [INFO] Approximate FPS: 12.83
2025-06-18 23:57:04 - INFO - [__main__] - [INFO] Approximate FPS: 12.83
2025-06-18 23:57:11 - INFO - [__main__] - [INFO] Approximate FPS: 12.84
2025-06-18 23:57:19 - INFO - [__main__] - [INFO] Approximate FPS: 12.72
2025-06-18 23:57:27 - INFO - [__main__] - [INFO] Approximate FPS: 12.84
2025-06-25 22:29:59 - INFO - [__main__] - [INFO] Approximate FPS: 0.00
2025-06-25 22:30:07 - INFO - [__main__] - [INFO] Approximate FPS: 12.84
2025-06-25 22:30:15 - INFO - [__main__] - [INFO] Approximate FPS: 12.90
2025-06-25 22:30:23 - INFO - [__main__] - [INFO] Approximate FPS: 12.88
2025-06-25 22:30:31 - INFO - [__main__] - [INFO] Approximate FPS: 12.78
2025-06-25 22:30:38 - INFO - [__main__] - [INFO] Approximate FPS: 12.79
2025-06-25 22:30:46 - INFO - [__main__] - [INFO] Approximate FPS: 12.83
2025-06-25 22:30:54 - INFO - [__main__] - [INFO] Approximate FPS: 12.88
2025-06-25 22:31:02 - INFO - [__main__] - [INFO] Approximate FPS: 12.84
2025-06-25 22:31:10 - INFO - [__main__] - [INFO] Approximate FPS: 12.84
2025-06-25 22:31:17 - INFO - [__main__] - [INFO] Approximate FPS: 12.89
2025-06-25 22:31:25 - INFO - [__main__] - [INFO] Approximate FPS: 12.87
2025-06-25 22:31:33 - INFO - [__main__] - [INFO] Approximate FPS: 12.72
2025-06-25 22:31:41 - INFO - [__main__] - [INFO] Approximate FPS: 12.80
2025-06-25 22:31:49 - INFO - [__main__] - [INFO] Approximate FPS: 12.81
2025-06-25 22:31:56 - INFO - [__main__] - [INFO] Approximate FPS: 12.83
2025-06-25 22:32:04 - INFO - [__main__] - [INFO] Approximate FPS: 12.80
2025-06-25 22:32:12 - INFO - [__main__] - [INFO] Approximate FPS: 12.86
2025-06-25 22:32:20 - INFO - [__main__] - [INFO] Approximate FPS: 12.90
2025-06-25 22:32:27 - INFO - [__main__] - [INFO] Approximate FPS: 12.86
2025-06-25 22:32:35 - INFO - [__main__] - [INFO] Approximate FPS: 12.83
2025-06-25 22:32:43 - INFO - [__main__] - [INFO] Approximate FPS: 12.87
2025-06-25 22:32:51 - INFO - [__main__] - [INFO] Approximate FPS: 12.83
2025-06-25 22:32:59 - INFO - [__main__] - [INFO] Approximate FPS: 12.77
2025-06-25 22:33:06 - INFO - [__main__] - [INFO] Approximate FPS: 12.86
2025-06-25 22:33:14 - INFO - [__main__] - [INFO] Approximate FPS: 12.85
2025-06-25 22:33:22 - INFO - [__main__] - [INFO] Approximate FPS: 12.85
2025-06-25 22:33:30 - INFO - [__main__] - [INFO] Approximate FPS: 12.88
2025-06-25 22:33:37 - INFO - [__main__] - [INFO] Approximate FPS: 12.87
2025-06-25 22:33:45 - INFO - [__main__] - [INFO] Approximate FPS: 12.91
2025-06-25 22:33:53 - INFO - [__main__] - [INFO] Approximate FPS: 12.87
2025-06-25 22:34:01 - INFO - [__main__] - [INFO] Approximate FPS: 12.82
2025-06-25 22:34:09 - INFO - [__main__] - [INFO] Approximate FPS: 12.85
2025-06-25 22:34:16 - INFO - [__main__] - [INFO] Approximate FPS: 12.88
2025-06-25 22:34:24 - INFO - [__main__] - [INFO] Approximate FPS: 12.88
2025-06-25 22:34:32 - INFO - [__main__] - [INFO] Approximate FPS: 12.88
2025-06-25 22:34:40 - INFO - [__main__] - [INFO] Approximate FPS: 12.77
2025-06-25 22:34:47 - INFO - [__main__] - [INFO] Approximate FPS: 12.89
2025-06-25 22:34:55 - INFO - [__main__] - [INFO] Approximate FPS: 12.86
2025-06-25 22:35:03 - INFO - [__main__] - [INFO] Approximate FPS: 12.86
2025-06-25 22:35:11 - INFO - [__main__] - [INFO] Approximate FPS: 12.82
2025-06-25 22:35:19 - INFO - [__main__] - [INFO] Approximate FPS: 12.83
2025-06-25 22:35:26 - INFO - [__main__] - [INFO] Approximate FPS: 12.87
2025-06-25 22:35:34 - INFO - [__main__] - [INFO] Approximate FPS: 12.83
2025-06-25 22:35:42 - INFO - [__main__] - [INFO] Approximate FPS: 12.90
2025-06-25 22:35:50 - INFO - [__main__] - [INFO] Approximate FPS: 12.90
2025-06-25 22:35:57 - INFO - [__main__] - [INFO] Approximate FPS: 12.86
2025-06-25 22:36:05 - INFO - [__main__] - [INFO] Approximate FPS: 12.82
2025-06-25 22:36:13 - INFO - [__main__] - [INFO] Approximate FPS: 12.96
2025-06-25 22:36:21 - INFO - [__main__] - [INFO] Approximate FPS: 12.90
2025-06-25 22:36:29 - INFO - [__main__] - [INFO] Approximate FPS: 12.86
2025-06-25 22:36:36 - INFO - [__main__] - [INFO] Approximate FPS: 12.87
2025-06-25 22:36:44 - INFO - [__main__] - [INFO] Approximate FPS: 12.86
2025-06-25 22:36:52 - INFO - [__main__] - [INFO] Approximate FPS: 12.87
2025-06-25 22:37:00 - INFO - [__main__] - [INFO] Approximate FPS: 12.89
2025-06-25 22:37:07 - INFO - [__main__] - [INFO] Approximate FPS: 12.82
2025-06-25 22:37:15 - INFO - [__main__] - [INFO] Approximate FPS: 12.87
2025-06-25 22:37:23 - INFO - [__main__] - [INFO] Approximate FPS: 12.86
2025-06-25 22:37:31 - INFO - [__main__] - [INFO] Approximate FPS: 12.92
2025-06-25 22:37:38 - INFO - [__main__] - [INFO] Approximate FPS: 12.93
2025-06-25 22:37:46 - INFO - [__main__] - [INFO] Approximate FPS: 12.83
2025-06-25 22:37:54 - INFO - [__main__] - [INFO] Approximate FPS: 12.86
2025-06-25 22:38:02 - INFO - [__main__] - [INFO] Approximate FPS: 12.79
2025-06-25 22:38:10 - INFO - [__main__] - [INFO] Approximate FPS: 12.87
2025-06-25 22:38:17 - INFO - [__main__] - [INFO] Approximate FPS: 12.83
2025-06-25 22:38:25 - INFO - [__main__] - [INFO] Approximate FPS: 12.86
2025-06-25 22:38:33 - INFO - [__main__] - [INFO] Approximate FPS: 12.85
2025-06-25 22:38:41 - INFO - [__main__] - [INFO] Approximate FPS: 12.82
2025-06-25 22:38:48 - INFO - [__main__] - [INFO] Approximate FPS: 12.87
2025-06-25 22:38:56 - INFO - [__main__] - [INFO] Approximate FPS: 12.87
2025-06-25 22:39:04 - INFO - [__main__] - [INFO] Approximate FPS: 12.80
2025-06-25 22:39:12 - INFO - [__main__] - [INFO] Approximate FPS: 12.90
2025-06-25 22:39:20 - INFO - [__main__] - [INFO] Approximate FPS: 12.83
2025-06-25 22:39:27 - INFO - [__main__] - [INFO] Approximate FPS: 12.85
2025-06-25 22:39:35 - INFO - [__main__] - [INFO] Approximate FPS: 12.86
2025-06-25 22:39:43 - INFO - [__main__] - [INFO] Approximate FPS: 12.89
2025-06-25 22:39:51 - INFO - [__main__] - [INFO] Approximate FPS: 12.88
2025-06-25 22:39:59 - INFO - [__main__] - [INFO] Approximate FPS: 12.75
2025-06-25 22:40:06 - INFO - [__main__] - [INFO] Approximate FPS: 12.82
2025-06-25 22:40:14 - INFO - [__main__] - [INFO] Approximate FPS: 12.84
2025-06-25 22:40:22 - INFO - [__main__] - [INFO] Approximate FPS: 12.86
2025-06-25 22:40:30 - INFO - [__main__] - [INFO] Approximate FPS: 12.87
2025-06-25 22:40:37 - INFO - [__main__] - [INFO] Approximate FPS: 12.87
2025-06-25 22:40:45 - INFO - [__main__] - [INFO] Approximate FPS: 12.86
2025-06-25 22:40:53 - INFO - [__main__] - [INFO] Approximate FPS: 12.79
2025-06-25 22:41:01 - INFO - [__main__] - [INFO] Approximate FPS: 12.87
2025-06-25 22:41:09 - INFO - [__main__] - [INFO] Approximate FPS: 12.87
2025-06-25 22:41:16 - INFO - [__main__] - [INFO] Approximate FPS: 12.79
2025-06-25 22:41:24 - INFO - [__main__] - [INFO] Approximate FPS: 12.80
2025-06-25 22:41:32 - INFO - [__main__] - [INFO] Approximate FPS: 12.86
2025-06-25 22:41:40 - INFO - [__main__] - [INFO] Approximate FPS: 12.85
2025-06-25 22:41:48 - INFO - [__main__] - [INFO] Approximate FPS: 12.78
2025-06-25 22:41:55 - INFO - [__main__] - [INFO] Approximate FPS: 12.85
2025-06-25 22:42:03 - INFO - [__main__] - [INFO] Approximate FPS: 12.83
2025-06-25 22:42:11 - INFO - [__main__] - [INFO] Approximate FPS: 12.83
2025-06-25 22:42:19 - INFO - [__main__] - [INFO] Approximate FPS: 12.88
2025-06-25 22:42:26 - INFO - [__main__] - [INFO] Approximate FPS: 12.87
2025-06-25 22:42:34 - INFO - [__main__] - [INFO] Approximate FPS: 12.90
2025-06-25 22:42:42 - INFO - [__main__] - [INFO] Approximate FPS: 12.93
2025-06-25 22:42:50 - INFO - [__main__] - [INFO] Approximate FPS: 12.85
2025-06-25 22:42:58 - INFO - [__main__] - [INFO] Approximate FPS: 12.87
2025-06-25 22:43:05 - INFO - [__main__] - [INFO] Approximate FPS: 12.83
2025-06-25 22:43:13 - INFO - [__main__] - [INFO] Approximate FPS: 12.76
2025-06-25 22:43:21 - INFO - [__main__] - [INFO] Approximate FPS: 12.86
2025-06-25 22:43:29 - INFO - [__main__] - [INFO] Approximate FPS: 12.92
2025-06-25 22:43:36 - INFO - [__main__] - [INFO] Approximate FPS: 12.90
2025-06-25 22:43:44 - INFO - [__main__] - [INFO] Approximate FPS: 12.87
2025-06-25 22:43:52 - INFO - [__main__] - [INFO] Approximate FPS: 12.85
2025-06-25 22:44:00 - INFO - [__main__] - [INFO] Approximate FPS: 12.82
2025-06-25 22:44:08 - INFO - [__main__] - [INFO] Approximate FPS: 12.85
2025-06-25 22:44:15 - INFO - [__main__] - [INFO] Approximate FPS: 12.93
2025-06-25 22:44:23 - INFO - [__main__] - [INFO] Approximate FPS: 12.84
2025-06-25 22:44:31 - INFO - [__main__] - [INFO] Approximate FPS: 12.84
2025-06-25 22:44:39 - INFO - [__main__] - [INFO] Approximate FPS: 12.91
2025-06-25 22:44:46 - INFO - [__main__] - [INFO] Approximate FPS: 12.93
2025-06-25 22:44:54 - INFO - [__main__] - [INFO] Approximate FPS: 12.88
2025-06-25 22:45:02 - INFO - [__main__] - [INFO] Approximate FPS: 12.78
2025-06-25 22:45:10 - INFO - [__main__] - [INFO] Approximate FPS: 12.89
2025-06-25 22:45:17 - INFO - [__main__] - [INFO] Approximate FPS: 12.87
2025-06-25 22:45:25 - INFO - [__main__] - [INFO] Approximate FPS: 12.83
2025-06-25 22:45:33 - INFO - [__main__] - [INFO] Approximate FPS: 12.82
2025-06-25 22:45:41 - INFO - [__main__] - [INFO] Approximate FPS: 12.90
2025-06-25 22:45:49 - INFO - [__main__] - [INFO] Approximate FPS: 12.88
2025-06-25 22:45:56 - INFO - [__main__] - [INFO] Approximate FPS: 12.87
2025-06-25 22:46:04 - INFO - [__main__] - [INFO] Approximate FPS: 12.88
2025-06-25 22:46:12 - INFO - [__main__] - [INFO] Approximate FPS: 12.94
2025-06-25 22:46:20 - INFO - [__main__] - [INFO] Approximate FPS: 12.89
2025-06-25 22:46:27 - INFO - [__main__] - [INFO] Approximate FPS: 12.94
2025-06-25 22:46:35 - INFO - [__main__] - [INFO] Approximate FPS: 12.91
2025-06-25 22:46:43 - INFO - [__main__] - [INFO] Approximate FPS: 12.90
2025-06-25 22:46:51 - INFO - [__main__] - [INFO] Approximate FPS: 12.91
2025-06-25 22:46:58 - INFO - [__main__] - [INFO] Approximate FPS: 12.83
2025-06-25 22:47:06 - INFO - [__main__] - [INFO] Approximate FPS: 12.84
2025-06-25 22:47:14 - INFO - [__main__] - [INFO] Approximate FPS: 12.86
2025-06-25 22:47:22 - INFO - [__main__] - [INFO] Approximate FPS: 12.87
2025-06-25 22:47:30 - INFO - [__main__] - [INFO] Approximate FPS: 12.82
2025-06-25 22:47:37 - INFO - [__main__] - [INFO] Approximate FPS: 12.86
2025-06-25 22:47:45 - INFO - [__main__] - [INFO] Approximate FPS: 12.77
2025-06-25 22:47:53 - INFO - [__main__] - [INFO] Approximate FPS: 12.80
2025-06-25 22:48:01 - INFO - [__main__] - [INFO] Approximate FPS: 12.81
2025-06-25 22:48:09 - INFO - [__main__] - [INFO] Approximate FPS: 12.82
2025-06-25 22:48:16 - INFO - [__main__] - [INFO] Approximate FPS: 12.83
2025-06-25 22:48:24 - INFO - [__main__] - [INFO] Approximate FPS: 12.86
2025-06-25 22:48:32 - INFO - [__main__] - [INFO] Approximate FPS: 12.83
2025-06-25 22:48:40 - INFO - [__main__] - [INFO] Approximate FPS: 12.82
2025-06-25 22:48:47 - INFO - [__main__] - [INFO] Approximate FPS: 12.88
2025-06-25 22:48:55 - INFO - [__main__] - [INFO] Approximate FPS: 12.86
2025-06-25 22:49:03 - INFO - [__main__] - [INFO] Approximate FPS: 12.86
2025-06-25 22:49:11 - INFO - [__main__] - [INFO] Approximate FPS: 12.83
2025-06-25 22:49:19 - INFO - [__main__] - [INFO] Approximate FPS: 12.80
2025-06-25 22:49:26 - INFO - [__main__] - [INFO] Approximate FPS: 12.88
2025-06-25 22:49:34 - INFO - [__main__] - [INFO] Approximate FPS: 12.86
2025-06-25 22:49:42 - INFO - [__main__] - [INFO] Approximate FPS: 12.85
2025-06-25 22:49:50 - INFO - [__main__] - [INFO] Approximate FPS: 12.89
2025-06-25 22:49:57 - INFO - [__main__] - [INFO] Approximate FPS: 12.85
2025-06-25 22:50:05 - INFO - [__main__] - [INFO] Approximate FPS: 12.82
2025-06-25 22:50:13 - INFO - [__main__] - [INFO] Approximate FPS: 12.88
2025-06-25 22:50:21 - INFO - [__main__] - [INFO] Approximate FPS: 12.82
2025-06-25 22:50:29 - INFO - [__main__] - [INFO] Approximate FPS: 12.90
2025-06-25 22:50:36 - INFO - [__main__] - [INFO] Approximate FPS: 12.94
2025-06-25 22:50:44 - INFO - [__main__] - [INFO] Approximate FPS: 12.86
2025-06-25 22:50:52 - INFO - [__main__] - [INFO] Approximate FPS: 12.86
2025-06-25 22:51:00 - INFO - [__main__] - [INFO] Approximate FPS: 12.82
2025-06-25 22:51:07 - INFO - [__main__] - [INFO] Approximate FPS: 12.86
2025-06-25 22:51:15 - INFO - [__main__] - [INFO] Approximate FPS: 12.82
2025-06-25 22:51:23 - INFO - [__main__] - [INFO] Approximate FPS: 12.89
2025-06-25 22:51:31 - INFO - [__main__] - [INFO] Approximate FPS: 12.90
2025-06-25 22:51:39 - INFO - [__main__] - [INFO] Approximate FPS: 12.87
2025-06-25 22:51:46 - INFO - [__main__] - [INFO] Approximate FPS: 12.84
2025-06-25 22:51:54 - INFO - [__main__] - [INFO] Approximate FPS: 12.82
2025-06-25 22:52:02 - INFO - [__main__] - [INFO] Approximate FPS: 12.87
2025-06-25 22:52:10 - INFO - [__main__] - [INFO] Approximate FPS: 12.89
2025-06-25 22:52:17 - INFO - [__main__] - [INFO] Approximate FPS: 12.91
2025-06-25 22:52:25 - INFO - [__main__] - [INFO] Approximate FPS: 12.88
2025-06-25 22:52:33 - INFO - [__main__] - [INFO] Approximate FPS: 12.90
2025-06-25 22:52:41 - INFO - [__main__] - [INFO] Approximate FPS: 12.86
2025-06-25 22:52:49 - INFO - [__main__] - [INFO] Approximate FPS: 12.81
2025-06-25 22:52:56 - INFO - [__main__] - [INFO] Approximate FPS: 12.86
2025-06-25 22:53:04 - INFO - [__main__] - [INFO] Approximate FPS: 12.87
2025-06-25 22:53:12 - INFO - [__main__] - [INFO] Approximate FPS: 12.84
2025-06-25 22:53:20 - INFO - [__main__] - [INFO] Approximate FPS: 12.86
2025-06-25 22:53:27 - INFO - [__main__] - [INFO] Approximate FPS: 12.84
2025-06-25 22:53:35 - INFO - [__main__] - [INFO] Approximate FPS: 12.85
2025-06-25 22:53:43 - INFO - [__main__] - [INFO] Approximate FPS: 12.82
2025-06-25 22:53:51 - INFO - [__main__] - [INFO] Approximate FPS: 12.82
2025-06-25 22:53:59 - INFO - [__main__] - [INFO] Approximate FPS: 12.87
2025-06-25 22:54:06 - INFO - [__main__] - [INFO] Approximate FPS: 12.88
2025-06-25 22:54:14 - INFO - [__main__] - [INFO] Approximate FPS: 12.80
2025-06-25 22:54:22 - INFO - [__main__] - [INFO] Approximate FPS: 12.89
2025-06-25 22:54:30 - INFO - [__main__] - [INFO] Approximate FPS: 12.77
2025-06-25 22:54:38 - INFO - [__main__] - [INFO] Approximate FPS: 12.88
2025-06-25 22:54:45 - INFO - [__main__] - [INFO] Approximate FPS: 12.94
2025-06-25 22:54:53 - INFO - [__main__] - [INFO] Approximate FPS: 12.87
2025-06-25 22:55:01 - INFO - [__main__] - [INFO] Approximate FPS: 12.80
2025-06-25 22:55:09 - INFO - [__main__] - [INFO] Approximate FPS: 12.85
2025-06-25 22:55:16 - INFO - [__main__] - [INFO] Approximate FPS: 12.77
2025-06-25 22:55:24 - INFO - [__main__] - [INFO] Approximate FPS: 12.84
2025-06-25 22:55:32 - INFO - [__main__] - [INFO] Approximate FPS: 12.79
2025-06-25 22:55:40 - INFO - [__main__] - [INFO] Approximate FPS: 12.81
2025-06-25 22:55:48 - INFO - [__main__] - [INFO] Approximate FPS: 12.87
2025-06-25 22:55:55 - INFO - [__main__] - [INFO] Approximate FPS: 12.86
2025-06-25 22:56:03 - INFO - [__main__] - [INFO] Approximate FPS: 12.80
2025-06-25 22:56:11 - INFO - [__main__] - [INFO] Approximate FPS: 12.91
2025-06-25 22:56:19 - INFO - [__main__] - [INFO] Approximate FPS: 12.81
2025-06-25 22:56:27 - INFO - [__main__] - [INFO] Approximate FPS: 12.80
2025-06-25 22:56:34 - INFO - [__main__] - [INFO] Approximate FPS: 12.88
2025-06-25 22:56:42 - INFO - [__main__] - [INFO] Approximate FPS: 12.80
2025-06-25 22:56:50 - INFO - [__main__] - [INFO] Approximate FPS: 12.90
2025-06-25 22:56:58 - INFO - [__main__] - [INFO] Approximate FPS: 12.86
2025-06-25 22:57:06 - INFO - [__main__] - [INFO] Approximate FPS: 12.80
2025-06-25 22:57:13 - INFO - [__main__] - [INFO] Approximate FPS: 12.86
2025-06-25 22:57:21 - INFO - [__main__] - [INFO] Approximate FPS: 12.83
2025-06-25 22:57:29 - INFO - [__main__] - [INFO] Approximate FPS: 12.83
2025-06-25 22:57:37 - INFO - [__main__] - [INFO] Approximate FPS: 12.89
2025-06-25 22:57:44 - INFO - [__main__] - [INFO] Approximate FPS: 12.87
2025-06-25 22:57:52 - INFO - [__main__] - [INFO] Approximate FPS: 12.80
2025-06-25 22:58:00 - INFO - [__main__] - [INFO] Approximate FPS: 12.86
2025-06-25 22:58:08 - INFO - [__main__] - [INFO] Approximate FPS: 12.90
2025-06-25 22:58:16 - INFO - [__main__] - [INFO] Approximate FPS: 12.79
2025-06-25 22:58:23 - INFO - [__main__] - [INFO] Approximate FPS: 12.84
2025-06-25 22:58:31 - INFO - [__main__] - [INFO] Approximate FPS: 12.82
2025-06-25 22:58:39 - INFO - [__main__] - [INFO] Approximate FPS: 12.78
2025-06-25 22:58:47 - INFO - [__main__] - [INFO] Approximate FPS: 12.84
2025-06-25 22:58:55 - INFO - [__main__] - [INFO] Approximate FPS: 12.86
2025-06-25 22:59:02 - INFO - [__main__] - [INFO] Approximate FPS: 12.84
2025-06-25 22:59:10 - INFO - [__main__] - [INFO] Approximate FPS: 12.79
2025-06-25 22:59:18 - INFO - [__main__] - [INFO] Approximate FPS: 12.86
2025-06-25 22:59:26 - INFO - [__main__] - [INFO] Approximate FPS: 12.91
2025-06-25 22:59:33 - INFO - [__main__] - [INFO] Approximate FPS: 12.93
2025-06-25 22:59:41 - INFO - [__main__] - [INFO] Approximate FPS: 12.86
2025-06-25 22:59:49 - INFO - [__main__] - [INFO] Approximate FPS: 12.85
2025-06-25 22:59:57 - INFO - [__main__] - [INFO] Approximate FPS: 12.91
2025-06-25 23:00:04 - INFO - [__main__] - [INFO] Approximate FPS: 12.84
2025-06-25 23:00:12 - INFO - [__main__] - [INFO] Approximate FPS: 12.86
2025-06-25 23:00:20 - INFO - [__main__] - [INFO] Approximate FPS: 12.81
2025-06-25 23:00:28 - INFO - [__main__] - [INFO] Approximate FPS: 12.84
2025-06-25 23:00:36 - INFO - [__main__] - [INFO] Approximate FPS: 12.83
2025-06-25 23:00:43 - INFO - [__main__] - [INFO] Approximate FPS: 12.82
2025-06-25 23:00:51 - INFO - [__main__] - [INFO] Approximate FPS: 12.86
2025-06-25 23:00:59 - INFO - [__main__] - [INFO] Approximate FPS: 12.88
2025-06-25 23:01:07 - INFO - [__main__] - [INFO] Approximate FPS: 12.87
2025-06-25 23:01:15 - INFO - [__main__] - [INFO] Approximate FPS: 12.86
2025-06-25 23:01:22 - INFO - [__main__] - [INFO] Approximate FPS: 12.84
2025-06-25 23:01:30 - INFO - [__main__] - [INFO] Approximate FPS: 12.88
2025-06-25 23:01:38 - INFO - [__main__] - [INFO] Approximate FPS: 12.92
2025-06-25 23:01:46 - INFO - [__main__] - [INFO] Approximate FPS: 12.92
2025-06-25 23:01:53 - INFO - [__main__] - [INFO] Approximate FPS: 12.85
2025-06-25 23:02:01 - INFO - [__main__] - [INFO] Approximate FPS: 12.83
2025-06-25 23:02:09 - INFO - [__main__] - [INFO] Approximate FPS: 12.86
2025-06-25 23:02:17 - INFO - [__main__] - [INFO] Approximate FPS: 12.80
2025-06-25 23:02:25 - INFO - [__main__] - [INFO] Approximate FPS: 12.88
2025-06-25 23:02:32 - INFO - [__main__] - [INFO] Approximate FPS: 12.91
2025-06-25 23:02:40 - INFO - [__main__] - [INFO] Approximate FPS: 12.85
2025-06-25 23:02:48 - INFO - [__main__] - [INFO] Approximate FPS: 12.89
2025-06-25 23:02:56 - INFO - [__main__] - [INFO] Approximate FPS: 12.85
2025-06-25 23:03:03 - INFO - [__main__] - [INFO] Approximate FPS: 12.82
2025-06-25 23:03:11 - INFO - [__main__] - [INFO] Approximate FPS: 12.83
2025-06-25 23:03:19 - INFO - [__main__] - [INFO] Approximate FPS: 12.93
2025-06-25 23:03:27 - INFO - [__main__] - [INFO] Approximate FPS: 12.81
2025-06-25 23:03:35 - INFO - [__main__] - [INFO] Approximate FPS: 12.83
2025-06-25 23:03:42 - INFO - [__main__] - [INFO] Approximate FPS: 12.86
2025-06-25 23:03:50 - INFO - [__main__] - [INFO] Approximate FPS: 12.88
2025-06-25 23:03:58 - INFO - [__main__] - [INFO] Approximate FPS: 12.85
2025-06-25 23:04:06 - INFO - [__main__] - [INFO] Approximate FPS: 12.87
2025-06-25 23:04:13 - INFO - [__main__] - [INFO] Approximate FPS: 12.89
2025-06-25 23:04:21 - INFO - [__main__] - [INFO] Approximate FPS: 12.80
2025-06-25 23:04:29 - INFO - [__main__] - [INFO] Approximate FPS: 12.84
2025-06-25 23:04:37 - INFO - [__main__] - [INFO] Approximate FPS: 12.85
2025-06-25 23:04:45 - INFO - [__main__] - [INFO] Approximate FPS: 12.82
2025-06-25 23:04:52 - INFO - [__main__] - [INFO] Approximate FPS: 12.87
2025-06-25 23:05:00 - INFO - [__main__] - [INFO] Approximate FPS: 12.85
2025-06-25 23:05:08 - INFO - [__main__] - [INFO] Approximate FPS: 12.83
2025-06-25 23:05:16 - INFO - [__main__] - [INFO] Approximate FPS: 12.88
2025-06-25 23:05:23 - INFO - [__main__] - [INFO] Approximate FPS: 12.86
2025-06-25 23:05:31 - INFO - [__main__] - [INFO] Approximate FPS: 12.84
2025-06-25 23:05:39 - INFO - [__main__] - [INFO] Approximate FPS: 12.83
2025-06-25 23:05:47 - INFO - [__main__] - [INFO] Approximate FPS: 12.83
2025-06-25 23:05:55 - INFO - [__main__] - [INFO] Approximate FPS: 12.83
2025-06-25 23:06:02 - INFO - [__main__] - [INFO] Approximate FPS: 12.77
2025-06-25 23:06:10 - INFO - [__main__] - [INFO] Approximate FPS: 12.87
2025-06-25 23:06:18 - INFO - [__main__] - [INFO] Approximate FPS: 12.81
2025-06-25 23:06:26 - INFO - [__main__] - [INFO] Approximate FPS: 12.83
2025-06-25 23:06:34 - INFO - [__main__] - [INFO] Approximate FPS: 12.88
2025-06-25 23:06:41 - INFO - [__main__] - [INFO] Approximate FPS: 12.81
2025-06-25 23:06:49 - INFO - [__main__] - [INFO] Approximate FPS: 12.82
2025-06-25 23:06:57 - INFO - [__main__] - [INFO] Approximate FPS: 12.88
2025-06-25 23:07:05 - INFO - [__main__] - [INFO] Approximate FPS: 12.88
2025-06-25 23:07:12 - INFO - [__main__] - [INFO] Approximate FPS: 12.91
2025-06-25 23:07:20 - INFO - [__main__] - [INFO] Approximate FPS: 12.89
2025-06-25 23:07:28 - INFO - [__main__] - [INFO] Approximate FPS: 12.89
2025-06-25 23:07:36 - INFO - [__main__] - [INFO] Approximate FPS: 12.83
2025-06-25 23:07:44 - INFO - [__main__] - [INFO] Approximate FPS: 12.84
2025-06-25 23:07:51 - INFO - [__main__] - [INFO] Approximate FPS: 12.88
2025-06-25 23:07:59 - INFO - [__main__] - [INFO] Approximate FPS: 12.90
2025-06-25 23:08:07 - INFO - [__main__] - [INFO] Approximate FPS: 12.84
2025-06-25 23:08:15 - INFO - [__main__] - [INFO] Approximate FPS: 12.86
2025-06-25 23:08:22 - INFO - [__main__] - [INFO] Approximate FPS: 12.83
2025-06-25 23:08:30 - INFO - [__main__] - [INFO] Approximate FPS: 12.84
2025-06-25 23:08:38 - INFO - [__main__] - [INFO] Approximate FPS: 12.85
2025-06-25 23:08:46 - INFO - [__main__] - [INFO] Approximate FPS: 12.87
2025-06-25 23:08:54 - INFO - [__main__] - [INFO] Approximate FPS: 12.90
2025-06-25 23:09:01 - INFO - [__main__] - [INFO] Approximate FPS: 12.90
2025-06-25 23:09:09 - INFO - [__main__] - [INFO] Approximate FPS: 12.86
2025-06-25 23:09:17 - INFO - [__main__] - [INFO] Approximate FPS: 12.85
2025-06-25 23:09:25 - INFO - [__main__] - [INFO] Approximate FPS: 12.91
2025-06-25 23:09:32 - INFO - [__main__] - [INFO] Approximate FPS: 12.93
2025-06-25 23:09:40 - INFO - [__main__] - [INFO] Approximate FPS: 12.82
2025-06-25 23:09:48 - INFO - [__main__] - [INFO] Approximate FPS: 12.81
2025-06-25 23:09:56 - INFO - [__main__] - [INFO] Approximate FPS: 12.88
2025-06-25 23:10:03 - INFO - [__main__] - [INFO] Approximate FPS: 12.82
2025-06-25 23:10:11 - INFO - [__main__] - [INFO] Approximate FPS: 12.86
2025-06-25 23:10:19 - INFO - [__main__] - [INFO] Approximate FPS: 12.84
2025-06-25 23:10:27 - INFO - [__main__] - [INFO] Approximate FPS: 12.78
2025-06-25 23:10:35 - INFO - [__main__] - [INFO] Approximate FPS: 12.90
2025-06-25 23:10:42 - INFO - [__main__] - [INFO] Approximate FPS: 12.87
2025-06-25 23:10:50 - INFO - [__main__] - [INFO] Approximate FPS: 12.87
2025-06-25 23:10:58 - INFO - [__main__] - [INFO] Approximate FPS: 12.79
2025-06-25 23:11:06 - INFO - [__main__] - [INFO] Approximate FPS: 12.82
2025-06-25 23:11:14 - INFO - [__main__] - [INFO] Approximate FPS: 12.90
2025-06-25 23:11:21 - INFO - [__main__] - [INFO] Approximate FPS: 12.91
2025-06-25 23:11:29 - INFO - [__main__] - [INFO] Approximate FPS: 12.88
2025-06-25 23:11:37 - INFO - [__main__] - [INFO] Approximate FPS: 12.86
2025-06-25 23:11:45 - INFO - [__main__] - [INFO] Approximate FPS: 12.82
2025-06-25 23:11:52 - INFO - [__main__] - [INFO] Approximate FPS: 12.85
2025-06-25 23:12:00 - INFO - [__main__] - [INFO] Approximate FPS: 12.82
2025-06-25 23:12:08 - INFO - [__main__] - [INFO] Approximate FPS: 12.84
2025-06-25 23:12:16 - INFO - [__main__] - [INFO] Approximate FPS: 12.86
2025-06-25 23:12:24 - INFO - [__main__] - [INFO] Approximate FPS: 12.85
2025-06-25 23:12:31 - INFO - [__main__] - [INFO] Approximate FPS: 12.84
2025-06-25 23:12:39 - INFO - [__main__] - [INFO] Approximate FPS: 12.88
2025-06-25 23:12:47 - INFO - [__main__] - [INFO] Approximate FPS: 12.81
2025-06-25 23:12:55 - INFO - [__main__] - [INFO] Approximate FPS: 12.83
2025-06-25 23:13:02 - INFO - [__main__] - [INFO] Approximate FPS: 12.88
2025-06-25 23:13:10 - INFO - [__main__] - [INFO] Approximate FPS: 12.77
2025-06-25 23:13:18 - INFO - [__main__] - [INFO] Approximate FPS: 12.87
2025-06-25 23:13:26 - INFO - [__main__] - [INFO] Approximate FPS: 12.82
2025-06-25 23:13:34 - INFO - [__main__] - [INFO] Approximate FPS: 12.83
2025-06-25 23:13:41 - INFO - [__main__] - [INFO] Approximate FPS: 12.83
2025-06-25 23:13:49 - INFO - [__main__] - [INFO] Approximate FPS: 12.88
2025-06-25 23:13:59 - INFO - [__main__] - [INFO] Approximate FPS: 10.07
2025-06-25 23:14:07 - INFO - [__main__] - [INFO] Approximate FPS: 12.77
2025-06-25 23:14:15 - INFO - [__main__] - [INFO] Approximate FPS: 12.83
2025-06-25 23:14:23 - INFO - [__main__] - [INFO] Approximate FPS: 12.78
2025-06-25 23:14:30 - INFO - [__main__] - [INFO] Approximate FPS: 12.81
2025-06-25 23:14:38 - INFO - [__main__] - [INFO] Approximate FPS: 12.83
2025-06-25 23:14:46 - INFO - [__main__] - [INFO] Approximate FPS: 12.88
2025-06-25 23:14:54 - INFO - [__main__] - [INFO] Approximate FPS: 12.84
2025-06-25 23:15:02 - INFO - [__main__] - [INFO] Approximate FPS: 12.92
2025-06-25 23:15:09 - INFO - [__main__] - [INFO] Approximate FPS: 12.83
2025-06-25 23:15:17 - INFO - [__main__] - [INFO] Approximate FPS: 12.85
2025-06-25 23:15:25 - INFO - [__main__] - [INFO] Approximate FPS: 12.84
2025-06-25 23:15:33 - INFO - [__main__] - [INFO] Approximate FPS: 12.81
2025-06-25 23:15:40 - INFO - [__main__] - [INFO] Approximate FPS: 12.90
2025-06-25 23:15:48 - INFO - [__main__] - [INFO] Approximate FPS: 12.86
2025-06-25 23:15:56 - INFO - [__main__] - [INFO] Approximate FPS: 12.82
2025-06-25 23:16:04 - INFO - [__main__] - [INFO] Approximate FPS: 12.87
2025-06-25 23:16:12 - INFO - [__main__] - [INFO] Approximate FPS: 12.83
2025-06-25 23:16:19 - INFO - [__main__] - [INFO] Approximate FPS: 12.86
2025-06-25 23:16:27 - INFO - [__main__] - [INFO] Approximate FPS: 12.87
2025-06-25 23:16:35 - INFO - [__main__] - [INFO] Approximate FPS: 12.88
2025-06-25 23:16:43 - INFO - [__main__] - [INFO] Approximate FPS: 12.87
2025-06-25 23:16:50 - INFO - [__main__] - [INFO] Approximate FPS: 12.83
2025-06-25 23:16:58 - INFO - [__main__] - [INFO] Approximate FPS: 12.85
2025-06-25 23:17:06 - INFO - [__main__] - [INFO] Approximate FPS: 12.76
2025-06-25 23:17:14 - INFO - [__main__] - [INFO] Approximate FPS: 12.85
2025-06-25 23:17:22 - INFO - [__main__] - [INFO] Approximate FPS: 12.85
2025-06-25 23:17:29 - INFO - [__main__] - [INFO] Approximate FPS: 12.84
2025-06-25 23:17:37 - INFO - [__main__] - [INFO] Approximate FPS: 12.85
2025-06-25 23:17:45 - INFO - [__main__] - [INFO] Approximate FPS: 12.84
2025-06-25 23:17:53 - INFO - [__main__] - [INFO] Approximate FPS: 12.80
2025-06-25 23:18:01 - INFO - [__main__] - [INFO] Approximate FPS: 12.73
2025-06-25 23:18:08 - INFO - [__main__] - [INFO] Approximate FPS: 12.82
2025-06-25 23:18:16 - INFO - [__main__] - [INFO] Approximate FPS: 12.84
2025-06-25 23:18:24 - INFO - [__main__] - [INFO] Approximate FPS: 12.85
2025-06-25 23:18:32 - INFO - [__main__] - [INFO] Approximate FPS: 12.82
2025-06-25 23:18:40 - INFO - [__main__] - [INFO] Approximate FPS: 12.83
2025-06-25 23:18:47 - INFO - [__main__] - [INFO] Approximate FPS: 12.78
2025-06-25 23:18:55 - INFO - [__main__] - [INFO] Approximate FPS: 12.80
2025-06-25 23:19:03 - INFO - [__main__] - [INFO] Approximate FPS: 12.88
2025-06-25 23:19:11 - INFO - [__main__] - [INFO] Approximate FPS: 12.90
2025-06-25 23:19:19 - INFO - [__main__] - [INFO] Approximate FPS: 12.87
2025-06-25 23:19:26 - INFO - [__main__] - [INFO] Approximate FPS: 12.84
2025-06-25 23:19:34 - INFO - [__main__] - [INFO] Approximate FPS: 12.91
2025-06-25 23:19:42 - INFO - [__main__] - [INFO] Approximate FPS: 12.86
2025-06-25 23:19:50 - INFO - [__main__] - [INFO] Approximate FPS: 12.87
2025-06-25 23:19:57 - INFO - [__main__] - [INFO] Approximate FPS: 12.86
2025-06-25 23:20:05 - INFO - [__main__] - [INFO] Approximate FPS: 12.88
2025-06-25 23:20:13 - INFO - [__main__] - [INFO] Approximate FPS: 12.91
2025-06-25 23:20:21 - INFO - [__main__] - [INFO] Approximate FPS: 12.87
2025-06-25 23:20:28 - INFO - [__main__] - [INFO] Approximate FPS: 12.85
2025-06-25 23:20:36 - INFO - [__main__] - [INFO] Approximate FPS: 12.87
2025-06-25 23:20:44 - INFO - [__main__] - [INFO] Approximate FPS: 12.87
2025-06-25 23:20:52 - INFO - [__main__] - [INFO] Approximate FPS: 12.89
2025-06-25 23:21:00 - INFO - [__main__] - [INFO] Approximate FPS: 12.85
2025-06-25 23:21:07 - INFO - [__main__] - [INFO] Approximate FPS: 12.83
2025-06-25 23:21:15 - INFO - [__main__] - [INFO] Approximate FPS: 12.94
2025-06-25 23:21:23 - INFO - [__main__] - [INFO] Approximate FPS: 12.89
2025-06-25 23:21:31 - INFO - [__main__] - [INFO] Approximate FPS: 12.89
2025-06-25 23:21:38 - INFO - [__main__] - [INFO] Approximate FPS: 12.85
2025-06-25 23:21:46 - INFO - [__main__] - [INFO] Approximate FPS: 12.90
2025-06-25 23:21:54 - INFO - [__main__] - [INFO] Approximate FPS: 12.88
2025-06-25 23:22:02 - INFO - [__main__] - [INFO] Approximate FPS: 12.87
2025-06-25 23:22:09 - INFO - [__main__] - [INFO] Approximate FPS: 12.86
2025-06-25 23:22:17 - INFO - [__main__] - [INFO] Approximate FPS: 12.91
2025-06-25 23:22:25 - INFO - [__main__] - [INFO] Approximate FPS: 12.84
2025-06-25 23:22:33 - INFO - [__main__] - [INFO] Approximate FPS: 12.82
2025-06-25 23:22:41 - INFO - [__main__] - [INFO] Approximate FPS: 12.84
2025-06-25 23:22:48 - INFO - [__main__] - [INFO] Approximate FPS: 12.86
2025-06-25 23:22:56 - INFO - [__main__] - [INFO] Approximate FPS: 12.90
2025-06-25 23:23:04 - INFO - [__main__] - [INFO] Approximate FPS: 12.84
2025-06-25 23:23:12 - INFO - [__main__] - [INFO] Approximate FPS: 12.87
2025-06-25 23:23:19 - INFO - [__main__] - [INFO] Approximate FPS: 12.85
2025-06-25 23:23:27 - INFO - [__main__] - [INFO] Approximate FPS: 12.91
2025-06-25 23:23:35 - INFO - [__main__] - [INFO] Approximate FPS: 12.82
2025-06-25 23:23:43 - INFO - [__main__] - [INFO] Approximate FPS: 12.86
2025-06-25 23:23:51 - INFO - [__main__] - [INFO] Approximate FPS: 12.89
2025-06-25 23:23:58 - INFO - [__main__] - [INFO] Approximate FPS: 12.86
2025-06-25 23:24:06 - INFO - [__main__] - [INFO] Approximate FPS: 12.80
2025-06-25 23:24:14 - INFO - [__main__] - [INFO] Approximate FPS: 12.88
2025-06-25 23:24:22 - INFO - [__main__] - [INFO] Approximate FPS: 12.79
2025-06-25 23:24:30 - INFO - [__main__] - [INFO] Approximate FPS: 12.84
2025-06-25 23:24:37 - INFO - [__main__] - [INFO] Approximate FPS: 12.82
2025-06-25 23:24:45 - INFO - [__main__] - [INFO] Approximate FPS: 12.79
2025-06-25 23:24:53 - INFO - [__main__] - [INFO] Approximate FPS: 12.79
2025-06-25 23:25:01 - INFO - [__main__] - [INFO] Approximate FPS: 12.94
2025-06-25 23:25:08 - INFO - [__main__] - [INFO] Approximate FPS: 12.89
2025-06-25 23:25:16 - INFO - [__main__] - [INFO] Approximate FPS: 12.85
2025-06-25 23:25:24 - INFO - [__main__] - [INFO] Approximate FPS: 12.88
2025-06-25 23:25:32 - INFO - [__main__] - [INFO] Approximate FPS: 12.91
2025-06-25 23:25:39 - INFO - [__main__] - [INFO] Approximate FPS: 12.91
2025-06-25 23:25:47 - INFO - [__main__] - [INFO] Approximate FPS: 12.91
2025-06-25 23:25:55 - INFO - [__main__] - [INFO] Approximate FPS: 12.87
2025-06-25 23:26:03 - INFO - [__main__] - [INFO] Approximate FPS: 12.83
2025-06-25 23:26:11 - INFO - [__main__] - [INFO] Approximate FPS: 12.87
2025-06-25 23:26:18 - INFO - [__main__] - [INFO] Approximate FPS: 12.91
2025-06-25 23:26:26 - INFO - [__main__] - [INFO] Approximate FPS: 12.91
2025-06-25 23:26:34 - INFO - [__main__] - [INFO] Approximate FPS: 12.93
2025-06-25 23:26:42 - INFO - [__main__] - [INFO] Approximate FPS: 12.88
2025-06-25 23:26:49 - INFO - [__main__] - [INFO] Approximate FPS: 12.86
2025-06-25 23:26:57 - INFO - [__main__] - [INFO] Approximate FPS: 12.82
2025-06-25 23:27:05 - INFO - [__main__] - [INFO] Approximate FPS: 12.84
2025-06-25 23:27:13 - INFO - [__main__] - [INFO] Approximate FPS: 12.87
2025-06-25 23:27:20 - INFO - [__main__] - [INFO] Approximate FPS: 12.89
2025-06-25 23:27:28 - INFO - [__main__] - [INFO] Approximate FPS: 12.89
2025-06-25 23:27:36 - INFO - [__main__] - [INFO] Approximate FPS: 12.82
2025-06-25 23:27:44 - INFO - [__main__] - [INFO] Approximate FPS: 12.83
2025-06-25 23:27:52 - INFO - [__main__] - [INFO] Approximate FPS: 12.86
2025-06-25 23:27:59 - INFO - [__main__] - [INFO] Approximate FPS: 12.89
2025-06-25 23:28:07 - INFO - [__main__] - [INFO] Approximate FPS: 12.84
2025-06-25 23:28:15 - INFO - [__main__] - [INFO] Approximate FPS: 12.84
2025-06-25 23:28:23 - INFO - [__main__] - [INFO] Approximate FPS: 12.83
2025-06-25 23:28:30 - INFO - [__main__] - [INFO] Approximate FPS: 12.87
2025-06-25 23:28:38 - INFO - [__main__] - [INFO] Approximate FPS: 12.77
2025-06-25 23:28:46 - INFO - [__main__] - [INFO] Approximate FPS: 12.84
2025-06-25 23:28:54 - INFO - [__main__] - [INFO] Approximate FPS: 12.86
2025-06-25 23:29:02 - INFO - [__main__] - [INFO] Approximate FPS: 12.81
2025-06-25 23:29:09 - INFO - [__main__] - [INFO] Approximate FPS: 12.81
2025-06-25 23:29:17 - INFO - [__main__] - [INFO] Approximate FPS: 12.85
2025-06-25 23:29:25 - INFO - [__main__] - [INFO] Approximate FPS: 12.78
2025-06-25 23:29:33 - INFO - [__main__] - [INFO] Approximate FPS: 12.82
2025-06-25 23:29:41 - INFO - [__main__] - [INFO] Approximate FPS: 12.83
2025-06-25 23:29:48 - INFO - [__main__] - [INFO] Approximate FPS: 12.84
2025-06-25 23:29:56 - INFO - [__main__] - [INFO] Approximate FPS: 12.83
2025-06-25 23:30:04 - INFO - [__main__] - [INFO] Approximate FPS: 12.82
2025-06-25 23:30:12 - INFO - [__main__] - [INFO] Approximate FPS: 12.81
2025-06-25 23:30:20 - INFO - [__main__] - [INFO] Approximate FPS: 12.88
2025-06-25 23:30:27 - INFO - [__main__] - [INFO] Approximate FPS: 12.85
2025-06-25 23:30:35 - INFO - [__main__] - [INFO] Approximate FPS: 12.85
2025-06-25 23:30:43 - INFO - [__main__] - [INFO] Approximate FPS: 12.90
2025-06-25 23:30:51 - INFO - [__main__] - [INFO] Approximate FPS: 12.81
2025-06-25 23:30:59 - INFO - [__main__] - [INFO] Approximate FPS: 12.88
2025-06-25 23:31:06 - INFO - [__main__] - [INFO] Approximate FPS: 12.82
2025-06-25 23:31:14 - INFO - [__main__] - [INFO] Approximate FPS: 12.91
2025-06-25 23:31:22 - INFO - [__main__] - [INFO] Approximate FPS: 12.81
2025-06-25 23:31:30 - INFO - [__main__] - [INFO] Approximate FPS: 12.84
2025-06-25 23:31:37 - INFO - [__main__] - [INFO] Approximate FPS: 12.91
2025-06-25 23:31:45 - INFO - [__main__] - [INFO] Approximate FPS: 12.86
2025-06-25 23:31:53 - INFO - [__main__] - [INFO] Approximate FPS: 12.87
2025-06-25 23:32:01 - INFO - [__main__] - [INFO] Approximate FPS: 12.88
2025-06-25 23:32:08 - INFO - [__main__] - [INFO] Approximate FPS: 12.90
2025-06-25 23:32:16 - INFO - [__main__] - [INFO] Approximate FPS: 12.91
2025-06-25 23:32:24 - INFO - [__main__] - [INFO] Approximate FPS: 12.92
2025-06-25 23:32:32 - INFO - [__main__] - [INFO] Approximate FPS: 12.88
2025-06-25 23:32:40 - INFO - [__main__] - [INFO] Approximate FPS: 12.83
2025-06-25 23:32:47 - INFO - [__main__] - [INFO] Approximate FPS: 12.82
2025-06-25 23:32:55 - INFO - [__main__] - [INFO] Approximate FPS: 12.82
2025-06-25 23:33:03 - INFO - [__main__] - [INFO] Approximate FPS: 12.88
2025-06-25 23:33:11 - INFO - [__main__] - [INFO] Approximate FPS: 12.86
2025-06-25 23:33:18 - INFO - [__main__] - [INFO] Approximate FPS: 12.86
2025-06-25 23:33:26 - INFO - [__main__] - [INFO] Approximate FPS: 12.90
2025-06-25 23:33:34 - INFO - [__main__] - [INFO] Approximate FPS: 12.84
2025-06-25 23:33:42 - INFO - [__main__] - [INFO] Approximate FPS: 12.89
2025-06-25 23:33:50 - INFO - [__main__] - [INFO] Approximate FPS: 12.84
2025-06-25 23:33:57 - INFO - [__main__] - [INFO] Approximate FPS: 12.82
2025-06-25 23:34:05 - INFO - [__main__] - [INFO] Approximate FPS: 12.85
2025-06-25 23:34:13 - INFO - [__main__] - [INFO] Approximate FPS: 12.89
2025-06-25 23:34:21 - INFO - [__main__] - [INFO] Approximate FPS: 12.88
2025-06-25 23:34:28 - INFO - [__main__] - [INFO] Approximate FPS: 12.90
2025-06-25 23:34:36 - INFO - [__main__] - [INFO] Approximate FPS: 12.85
2025-06-25 23:34:44 - INFO - [__main__] - [INFO] Approximate FPS: 12.86
2025-06-25 23:34:52 - INFO - [__main__] - [INFO] Approximate FPS: 12.88
2025-06-25 23:34:59 - INFO - [__main__] - [INFO] Approximate FPS: 12.89
2025-06-25 23:35:07 - INFO - [__main__] - [INFO] Approximate FPS: 12.78
2025-06-25 23:35:15 - INFO - [__main__] - [INFO] Approximate FPS: 12.88
2025-06-25 23:35:23 - INFO - [__main__] - [INFO] Approximate FPS: 12.87
2025-06-25 23:35:31 - INFO - [__main__] - [INFO] Approximate FPS: 12.94
2025-06-25 23:35:38 - INFO - [__main__] - [INFO] Approximate FPS: 12.82
2025-06-25 23:35:46 - INFO - [__main__] - [INFO] Approximate FPS: 12.84
2025-06-25 23:35:54 - INFO - [__main__] - [INFO] Approximate FPS: 12.85
2025-06-25 23:36:02 - INFO - [__main__] - [INFO] Approximate FPS: 12.81
2025-06-25 23:36:10 - INFO - [__main__] - [INFO] Approximate FPS: 12.87
2025-06-25 23:36:17 - INFO - [__main__] - [INFO] Approximate FPS: 12.87
2025-06-25 23:36:25 - INFO - [__main__] - [INFO] Approximate FPS: 12.85
2025-06-25 23:36:33 - INFO - [__main__] - [INFO] Approximate FPS: 12.83
2025-06-25 23:36:41 - INFO - [__main__] - [INFO] Approximate FPS: 12.81
2025-06-25 23:36:48 - INFO - [__main__] - [INFO] Approximate FPS: 12.86
2025-06-25 23:36:56 - INFO - [__main__] - [INFO] Approximate FPS: 12.88
2025-06-25 23:37:04 - INFO - [__main__] - [INFO] Approximate FPS: 12.94
2025-06-25 23:37:12 - INFO - [__main__] - [INFO] Approximate FPS: 12.90
2025-06-25 23:37:19 - INFO - [__main__] - [INFO] Approximate FPS: 12.90
2025-06-25 23:37:27 - INFO - [__main__] - [INFO] Approximate FPS: 12.83
2025-06-25 23:37:35 - INFO - [__main__] - [INFO] Approximate FPS: 12.87
2025-06-25 23:37:43 - INFO - [__main__] - [INFO] Approximate FPS: 12.86
2025-06-25 23:37:51 - INFO - [__main__] - [INFO] Approximate FPS: 12.87
2025-06-25 23:37:58 - INFO - [__main__] - [INFO] Approximate FPS: 12.95
2025-06-25 23:38:06 - INFO - [__main__] - [INFO] Approximate FPS: 12.82
2025-06-25 23:38:14 - INFO - [__main__] - [INFO] Approximate FPS: 12.79
2025-06-25 23:38:22 - INFO - [__main__] - [INFO] Approximate FPS: 12.86
2025-06-25 23:38:29 - INFO - [__main__] - [INFO] Approximate FPS: 12.83
2025-06-25 23:38:37 - INFO - [__main__] - [INFO] Approximate FPS: 12.84
2025-06-25 23:38:45 - INFO - [__main__] - [INFO] Approximate FPS: 12.81
2025-06-25 23:38:53 - INFO - [__main__] - [INFO] Approximate FPS: 12.82
2025-06-25 23:39:01 - INFO - [__main__] - [INFO] Approximate FPS: 12.82
2025-06-25 23:39:08 - INFO - [__main__] - [INFO] Approximate FPS: 12.86
2025-06-25 23:39:16 - INFO - [__main__] - [INFO] Approximate FPS: 12.79
2025-06-25 23:39:24 - INFO - [__main__] - [INFO] Approximate FPS: 12.90
2025-06-25 23:39:32 - INFO - [__main__] - [INFO] Approximate FPS: 12.90
2025-06-25 23:39:40 - INFO - [__main__] - [INFO] Approximate FPS: 12.88
2025-06-25 23:39:47 - INFO - [__main__] - [INFO] Approximate FPS: 12.83
2025-06-25 23:39:55 - INFO - [__main__] - [INFO] Approximate FPS: 12.81
2025-06-25 23:40:03 - INFO - [__main__] - [INFO] Approximate FPS: 12.75
2025-06-25 23:40:11 - INFO - [__main__] - [INFO] Approximate FPS: 12.90
2025-06-25 23:40:18 - INFO - [__main__] - [INFO] Approximate FPS: 12.88
2025-06-25 23:40:26 - INFO - [__main__] - [INFO] Approximate FPS: 12.90
2025-06-25 23:40:34 - INFO - [__main__] - [INFO] Approximate FPS: 12.85
2025-06-25 23:40:42 - INFO - [__main__] - [INFO] Approximate FPS: 12.84
2025-06-25 23:40:50 - INFO - [__main__] - [INFO] Approximate FPS: 12.84
2025-06-25 23:40:57 - INFO - [__main__] - [INFO] Approximate FPS: 12.84
2025-06-25 23:41:05 - INFO - [__main__] - [INFO] Approximate FPS: 12.85
2025-06-25 23:41:13 - INFO - [__main__] - [INFO] Approximate FPS: 12.87
2025-06-25 23:41:21 - INFO - [__main__] - [INFO] Approximate FPS: 12.89
2025-06-25 23:41:28 - INFO - [__main__] - [INFO] Approximate FPS: 12.90
2025-06-25 23:41:36 - INFO - [__main__] - [INFO] Approximate FPS: 12.84
2025-06-25 23:41:44 - INFO - [__main__] - [INFO] Approximate FPS: 12.87
2025-06-25 23:41:52 - INFO - [__main__] - [INFO] Approximate FPS: 12.89
2025-06-25 23:42:00 - INFO - [__main__] - [INFO] Approximate FPS: 12.87
2025-06-25 23:42:07 - INFO - [__main__] - [INFO] Approximate FPS: 12.79
2025-06-25 23:42:15 - INFO - [__main__] - [INFO] Approximate FPS: 12.85
2025-06-25 23:42:23 - INFO - [__main__] - [INFO] Approximate FPS: 12.84
2025-06-25 23:42:32 - INFO - [__main__] - [INFO] Approximate FPS: 11.53
2025-06-25 23:42:40 - INFO - [__main__] - [INFO] Approximate FPS: 11.36
