2025-09-22 23:02:52,586 - INFO - Starting OWL - checking imports...
2025-09-22 23:02:56,343 - INFO - All required modules imported successfully
2025-09-22 23:02:56 - INFO - [__main__] - Initializing OWL...
2025-09-22 23:02:56 - INFO - [__main__] - Starting OWL version 2.1.0
2025-09-22 23:02:56 - INFO - [__main__] - System Information: OS: Linux 6.12.25+rpt-rpi-2712, Machine: aarch64
2025-09-22 23:02:56 - INFO - [__main__] - Python Version: 3.11.2 (main, Apr 28 2025, 14:11:48) [GCC 12.2.0], Implementation: CPython, Compiler: GCC 12.2.0
2025-09-22 23:02:56 - INFO - [__main__] - Hardware: Raspberry Pi 5 Model B Rev 1.0
fatal : ni ceci ni aucun de ses répertoires parents n'est un dépôt git : .git
2025-09-22 23:02:56 - WARNING - [SystemInfo] - Git information could not be retrieved: Command '['git', 'rev-parse', '--short', 'HEAD']' returned non-zero exit status 128.
2025-09-22 23:02:56 - INFO - [__main__] - Git information not available.
2025-09-22 23:02:56 - WARNING - [utils.config_manager] - Unknown keys in section [Relays]: 9, 4, 6, 8, 5, 7
2025-09-22 23:02:56 - INFO - [utils.config_manager] - Successfully loaded and validated config: /home/owl/owl/config/DAY_SENSITIVITY_2.ini
2025-09-22 23:02:56 - INFO - [__main__] - Raspberry Pi version: rpi-5
2025-09-22 23:02:56 - ERROR - [utils.output_manager] - Failed to initialize RelayCo2025-09-22 23:02:57 - INFO - [utils.output_manager] - [INFO] Nozzle setup complete. Initiating camera...
2025-09-22 23:02:57 - WARNING - [__main__] - High resolution, expect low framerate. Resolution set to 640x480.
2025-09-22 23:02:57 - INFO - [utils.video_manager] - Camera type: Picamera2Stream
2025-09-22 23:02:57 - INFO - [utils.video_manager] - Setting camera format
2025-09-22 23:02:57 - INFO - [utils.video_manager] - Setting camera controls
[0:00:10.743218474] [830] [1;32m INFO [1;37mCamera [1;34mcamera_manager.cpp:326 [0mlibcamera v0.5.0+59-d83ff0a4
[0:00:10.751239974] [1393] [1;32m INFO [1;37mRPI [1;34mpisp.cpp:720 [0mlibpisp version v1.2.1 981977ff21f3 29-04-2025 (14:13:50)
[0:00:10.763628270] [1393] [1;32m INFO [1;37mRPI [1;34mpisp.cpp:1179 [0mRegistered camera /base/axi/pcie@1000120000/rp1/i2c@80000/imx296@1a to CFE device /dev/media0 and ISP device /dev/media2 using PiSP variant BCM2712_C0
2025-09-22 23:02:57 - INFO - [picamera2.picamera2] - Initialization successful.
2025-09-22 23:02:57 - INFO - [picamera2.picamera2] - Camera now open.
2025-09-22 23:02:57 - INFO - [utils.video_manager] - [INFO] Using IMX296 Global Shutter Camera
2025-09-22 23:02:57 - INFO - [picamera2.picamera2] - Camera configuration has been adjusted!
[0:00:10.767890937] [830] [1;32m INFO [1;37mCamera [1;34mcamera.cpp:1205 [0mconfiguring streams: (0) 640x480-RGB888 (1) 1456x1088-RGGB_PISP_COMP1
[0:00:10.768242770] [1393] [1;32m INFO [1;37mRPI [1;34mpisp.cpp:1483 [0mSensor: /base/axi/pcie@1000120000/rp1/i2c@80000/imx296@1a - Selected sensor format: 1456x1088-SRGGB10_1X10 - Selected CFE format: 1456x1088-PC1R
2025-09-22 23:02:57 - INFO - [picamera2.picamera2] - Configuration successful!
2025-09-22 23:02:58 - INFO - [picamera2.picamera2] - Camera started
2025-09-22 23:03:05 - INFO - [utils.greenongreen] - Using NCNN model from models/best_ncnn_model
WARNING ⚠️ Unable to automatically guess model task, assuming 'task=detect'. Explicitly define task for your model, i.e. 'task=detect', 'segment', 'classify','pose' or 'obb'.
Loading models/best_ncnn_model for NCNN inference...
2025-09-22 23:03:16 - INFO - [__main__] - [INFO] Approximate FPS: 6.30
2025-09-22 23:28:36 - INFO - [__main__] - [INFO] Approximate FPS: 0.07
2025-09-22 23:28:44 - INFO - [__main__] - [INFO] Approximate FPS: 12.29
2025-09-22 23:28:53 - INFO - [__main__] - [INFO] Approximate FPS: 12.05
2025-09-22 23:29:01 - INFO - [__main__] - [INFO] Approximate FPS: 12.11
2025-09-22 23:29:09 - INFO - [__main__] - [INFO] Approximate FPS: 12.23
2025-09-22 23:29:17 - INFO - [__main__] - [INFO] Approximate FPS: 12.22
2025-09-22 23:29:25 - INFO - [__main__] - [INFO] Approximate FPS: 12.29
2025-09-22 23:29:34 - INFO - [__main__] - [INFO] Approximate FPS: 11.99
2025-09-22 23:29:42 - INFO - [__main__] - [INFO] Approximate FPS: 12.00
2025-09-22 23:29:50 - INFO - [__main__] - [INFO] Approximate FPS: 11.89
2025-09-22 23:29:59 - INFO - [__main__] - [INFO] Approximate FPS: 11.87
2025-09-22 23:30:07 - INFO - [__main__] - [INFO] Approximate FPS: 11.81
2025-09-22 23:30:16 - INFO - [__main__] - [INFO] Approximate FPS: 11.95
2025-09-22 23:30:24 - INFO - [__main__] - [INFO] Approximate FPS: 11.90
2025-09-22 23:30:33 - INFO - [__main__] - [INFO] Approximate FPS: 11.81
2025-09-22 23:30:41 - INFO - [__main__] - [INFO] Approximate FPS: 11.94
2025-09-22 23:30:49 - INFO - [__main__] - [INFO] Approximate FPS: 11.92
2025-09-22 23:30:58 - INFO - [__main__] - [INFO] Approximate FPS: 11.94
2025-09-22 23:31:06 - INFO - [__main__] - [INFO] Approximate FPS: 11.78
2025-09-22 23:31:15 - INFO - [__main__] - [INFO] Approximate FPS: 11.87
2025-09-22 23:31:23 - INFO - [__main__] - [INFO] Approximate FPS: 11.82
2025-09-22 23:31:31 - INFO - [__main__] - [INFO] Approximate FPS: 11.88
2025-09-22 23:31:40 - INFO - [__main__] - [INFO] Approximate FPS: 11.90
