2025-11-15 22:03:56,586 - INFO - Starting OWL - checking imports...
2025-11-15 22:04:00,406 - INFO - All required modules imported successfully
2025-11-15 22:04:00 - INFO - [__main__] - Initializing OWL...
2025-11-15 22:04:00 - INFO - [__main__] - Starting OWL version 2.1.0
2025-11-15 22:04:00 - INFO - [__main__] - System Information: OS: Linux 6.12.25+rpt-rpi-2712, Machine: aarch64
2025-11-15 22:04:00 - INFO - [__main__] - Python Version: 3.11.2 (main, Apr 28 2025, 14:11:48) [GCC 12.2.0], Implementation: CPython, Compiler: GCC 12.2.0
2025-11-15 22:04:00 - INFO - [__main__] - Hardware: Raspberry Pi 5 Model B Rev 1.0
fatal : ni ceci ni aucun de ses répertoires parents n'est un dépôt git : .git
2025-11-15 22:04:00 - WARNING - [SystemInfo] - Git information could not be retrieved: Command '['git', 'rev-parse', '--short', 'HEAD']' returned non-zero exit status 128.
2025-11-15 22:04:00 - INFO - [__main__] - Git information not available.
2025-11-15 22:04:00 - WARNING - [utils.config_manager] - Unknown keys in section [Relays]: 5, 9, 8, 7, 6, 4
2025-11-15 22:04:00 - INFO - [utils.config_manager] - Successfully loaded and validated config: /home/owl/owl/config/DAY_SENSITIVITY_2.ini
2025-11-15 22:04:00 - INFO - [__main__] - Raspberry Pi version: rpi-5
2025-11-15 22:04:00 - ERROR - [utils.output_manager] - Failed to initialize RelayCo2025-11-15 22:04:01 - INFO - [utils.output_manager] - [INFO] Nozzle setup complete. Initiating camera...
2025-11-15 22:04:01 - WARNING - [__main__] - High resolution, expect low framerate. Resolution set to 1024x768.
2025-11-15 22:04:01 - INFO - [utils.video_manager] - Camera type: Picamera2Stream
2025-11-15 22:04:01 - INFO - [utils.video_manager] - Setting camera format
2025-11-15 22:04:01 - INFO - [utils.video_manager] - Setting camera controls
[0:00:11.539532678] [834] [1;32m INFO [1;37mCamera [1;34mcamera_manager.cpp:326 [0mlibcamera v0.5.0+59-d83ff0a4
[0:00:11.547304993] [1416] [1;32m INFO [1;37mRPI [1;34mpisp.cpp:720 [0mlibpisp version v1.2.1 981977ff21f3 29-04-2025 (14:13:50)
[0:00:11.557539141] [1416] [1;32m INFO [1;37mRPI [1;34mpisp.cpp:1179 [0mRegistered camera /base/axi/pcie@1000120000/rp1/i2c@80000/imx296@1a to CFE device /dev/media0 and ISP device /dev/media1 using PiSP variant BCM2712_C0
2025-11-15 22:04:01 - INFO - [picamera2.picamera2] - Initialization successful.
2025-11-15 22:04:01 - INFO - [picamera2.picamera2] - Camera now open.
2025-11-15 22:04:01 - INFO - [utils.video_manager] - [INFO] Using IMX296 Global Shutter Camera
2025-11-15 22:04:01 - INFO - [picamera2.picamera2] - Camera configuration has been adjusted!
[0:00:11.561334048] [834] [1;32m INFO [1;37mCamera [1;34mcamera.cpp:1205 [0mconfiguring streams: (0) 1024x768-RGB888 (1) 1456x1088-RGGB_PISP_COMP1
[0:00:11.561462530] [1416] [1;32m INFO [1;37mRPI [1;34mpisp.cpp:1483 [0mSensor: /base/axi/pcie@1000120000/rp1/i2c@80000/imx296@1a - Selected sensor format: 1456x1088-SRGGB10_1X10 - Selected CFE format: 1456x1088-PC1R
2025-11-15 22:04:01 - INFO - [picamera2.picamera2] - Configuration successful!
2025-11-15 22:04:02 - INFO - [picamera2.picamera2] - Camera started
2025-11-15 22:04:09 - INFO - [utils.greenongreen] - Using NCNN model from models/best_ncnn_model
WARNING ⚠️ Unable to automatically guess model task, assuming 'task=detect'. Explicitly define task for your model, i.e. 'task=detect', 'segment', 'classify','pose' or 'obb'.
Loading models/best_ncnn_model for NCNN inference...
2025-11-15 22:04:20 - INFO - [__main__] - [INFO] Approximate FPS: 6.29
2025-11-15 22:04:28 - INFO - [__main__] - [INFO] Approximate FPS: 12.47
2025-11-15 22:04:37 - INFO - [__main__] - [INFO] Approximate FPS: 11.94
2025-11-15 22:04:45 - INFO - [__main__] - [INFO] Approximate FPS: 11.58
2025-11-15 22:04:54 - INFO - [__main__] - [INFO] Approximate FPS: 11.84
2025-11-15 22:05:02 - INFO - [__main__] - [INFO] Approximate FPS: 12.01
2025-11-15 22:05:11 - INFO - [__main__] - [INFO] Approximate FPS: 12.09
2025-11-15 22:05:19 - INFO - [__main__] - [INFO] Approximate FPS: 11.89
2025-11-15 22:05:27 - INFO - [__main__] - [INFO] Approximate FPS: 12.06
2025-11-15 22:05:36 - INFO - [__main__] - [INFO] Approximate FPS: 12.03
2025-11-15 22:05:44 - INFO - [__main__] - [INFO] Approximate FPS: 11.83
2025-11-15 22:05:52 - INFO - [__main__] - [INFO] Approximate FPS: 12.05
2025-11-15 22:06:01 - INFO - [__main__] - [INFO] Approximate FPS: 12.04
2025-11-15 22:06:09 - INFO - [__main__] - [INFO] Approximate FPS: 11.98
2025-11-15 22:06:17 - INFO - [__main__] - [INFO] Approximate FPS: 11.88
2025-11-15 22:06:26 - INFO - [__main__] - [INFO] Approximate FPS: 11.97
2025-11-15 22:06:34 - INFO - [__main__] - [INFO] Approximate FPS: 11.95
2025-11-15 22:06:42 - INFO - [__main__] - [INFO] Approximate FPS: 12.00
2025-11-15 22:06:51 - INFO - [__main__] - [INFO] Approximate FPS: 11.95
2025-11-15 22:06:59 - INFO - [__main__] - [INFO] Approximate FPS: 11.92
2025-11-15 22:07:08 - INFO - [__main__] - [INFO] Approximate FPS: 10.99
2025-11-15 22:07:23 - INFO - [__main__] - [INFO] Approximate FPS: 6.69
2025-11-15 22:07:32 - INFO - [__main__] - [INFO] Approximate FPS: 11.27
2025-11-15 22:07:41 - INFO - [__main__] - [INFO] Approximate FPS: 11.67
2025-11-15 22:07:49 - INFO - [__main__] - [INFO] Approximate FPS: 11.42
2025-11-15 22:07:59 - INFO - [__main__] - [INFO] Approximate FPS: 10.20
2025-11-15 22:08:13 - INFO - [__main__] - [INFO] Approximate FPS: 7.43
2025-11-15 22:08:26 - INFO - [__main__] - [INFO] Approximate FPS: 7.32
2025-11-15 22:08:35 - INFO - [__main__] - [INFO] Approximate FPS: 11.26
2025-11-15 22:08:45 - INFO - [__main__] - [INFO] Approximate FPS: 10.23
2025-11-15 22:08:55 - INFO - [__main__] - [INFO] Approximate FPS: 10.37
2025-11-15 22:09:12 - INFO - [__main__] - [INFO] Approximate FPS: 5.77
2025-11-15 22:09:39 - INFO - [__main__] - [INFO] Approximate FPS: 3.77
2025-11-15 22:09:52 - INFO - [__main__] - [INFO] Approximate FPS: 7.39
2025-11-15 22:10:07 - INFO - [__main__] - [INFO] Approximate FPS: 6.84
2025-11-15 22:10:21 - INFO - [__main__] - [INFO] Approximate FPS: 6.84
2025-11-15 22:10:37 - INFO - [__main__] - [INFO] Approximate FPS: 6.53
2025-11-15 22:10:57 - INFO - [__main__] - [INFO] Approximate FPS: 4.92
2025-11-15 22:11:11 - INFO - [__main__] - [INFO] Approximate FPS: 7.33
2025-11-15 22:11:24 - INFO - [__main__] - [INFO] Approximate FPS: 7.71
2025-11-15 22:11:39 - INFO - [__main__] - [INFO] Approximate FPS: 6.53
2025-11-15 22:11:55 - INFO - [__main__] - [INFO] Approximate FPS: 6.05
2025-11-15 22:12:10 - INFO - [__main__] - [INFO] Approximate FPS: 6.74
2025-11-15 22:12:24 - INFO - [__main__] - [INFO] Approximate FPS: 7.37
2025-11-15 22:12:40 - INFO - [__main__] - [INFO] Approximate FPS: 6.18
2025-11-15 22:12:57 - INFO - [__main__] - [INFO] Approximate FPS: 5.89
2025-11-15 22:13:11 - INFO - [__main__] - [INFO] Approximate FPS: 7.24
2025-11-15 22:13:23 - INFO - [__main__] - [INFO] Approximate FPS: 7.86
2025-11-15 22:13:37 - INFO - [__main__] - [INFO] Approximate FPS: 7.31
2025-11-15 22:13:52 - INFO - [__main__] - [INFO] Approximate FPS: 6.80
2025-11-15 22:14:06 - INFO - [__main__] - [INFO] Approximate FPS: 7.06
2025-11-15 22:14:22 - INFO - [__main__] - [INFO] Approximate FPS: 6.30
2025-11-15 22:14:37 - INFO - [__main__] - [INFO] Approximate FPS: 6.46
2025-11-15 22:14:51 - INFO - [__main__] - [INFO] Approximate FPS: 7.48
2025-11-15 22:15:04 - INFO - [__main__] - [INFO] Approximate FPS: 7.28
2025-11-15 22:15:18 - INFO - [__main__] - [INFO] Approximate FPS: 7.53
2025-11-15 22:15:34 - INFO - [__main__] - [INFO] Approximate FPS: 6.19
2025-11-15 22:15:48 - INFO - [__main__] - [INFO] Approximate FPS: 7.22
2025-11-15 22:15:59 - INFO - [__main__] - [INFO] Approximate FPS: 8.74
2025-11-15 22:16:09 - INFO - [__main__] - [INFO] Approximate FPS: 10.03
2025-11-15 22:16:20 - INFO - [__main__] - [INFO] Approximate FPS: 9.47
2025-11-15 22:16:31 - INFO - [__main__] - [INFO] Approximate FPS: 9.22
2025-11-15 22:16:42 - INFO - [__main__] - [INFO] Approximate FPS: 8.54
