2025-11-15 21:49:19,244 - INFO - Starting OWL - checking imports...
2025-11-15 21:49:22,722 - INFO - All required modules imported successfully
2025-11-15 21:49:22 - INFO - [__main__] - Initializing OWL...
2025-11-15 21:49:22 - INFO - [__main__] - Starting OWL version 2.1.0
2025-11-15 21:49:22 - INFO - [__main__] - System Information: OS: Linux 6.12.25+rpt-rpi-2712, Machine: aarch64
2025-11-15 21:49:22 - INFO - [__main__] - Python Version: 3.11.2 (main, Apr 28 2025, 14:11:48) [GCC 12.2.0], Implementation: CPython, Compiler: GCC 12.2.0
2025-11-15 21:49:22 - INFO - [__main__] - Hardware: Raspberry Pi 5 Model B Rev 1.0
fatal : ni ceci ni aucun de ses répertoires parents n'est un dépôt git : .git
2025-11-15 21:49:22 - WARNING - [SystemInfo] - Git information could not be retrieved: Command '['git', 'rev-parse', '--short', 'HEAD']' returned non-zero exit status 128.
2025-11-15 21:49:22 - INFO - [__main__] - Git information not available.
2025-11-15 21:49:22 - WARNING - [utils.config_manager] - Unknown keys in section [Relays]: 9, 4, 8, 7, 6, 5
2025-11-15 21:49:22 - INFO - [utils.config_manager] - Successfully loaded and validated config: /home/owl/owl/config/DAY_SENSITIVITY_2.ini
2025-11-15 21:49:22 - INFO - [__main__] - Raspberry Pi version: rpi-5
2025-11-15 21:49:22 - ERROR - [utils.output_manager] - Failed to initialize RelayCo2025-11-15 21:49:23 - INFO - [utils.output_manager] - [INFO] Nozzle setup complete. Initiating camera...
2025-11-15 21:49:23 - WARNING - [__main__] - High resolution, expect low framerate. Resolution set to 1024x768.
2025-11-15 21:49:23 - INFO - [utils.video_manager] - Camera type: Picamera2Stream
2025-11-15 21:49:23 - INFO - [utils.video_manager] - Setting camera format
2025-11-15 21:49:23 - INFO - [utils.video_manager] - Setting camera controls
[0:00:10.687327085] [834] [1;32m INFO [1;37mCamera [1;34mcamera_manager.cpp:326 [0mlibcamera v0.5.0+59-d83ff0a4
[0:00:10.694575233] [1437] [1;32m INFO [1;37mRPI [1;34mpisp.cpp:720 [0mlibpisp version v1.2.1 981977ff21f3 29-04-2025 (14:13:50)
[0:00:10.704391215] [1437] [1;32m INFO [1;37mRPI [1;34mpisp.cpp:1179 [0mRegistered camera /base/axi/pcie@1000120000/rp1/i2c@80000/imx296@1a to CFE device /dev/media1 and ISP device /dev/media0 using PiSP variant BCM2712_C0
2025-11-15 21:49:23 - INFO - [picamera2.picamera2] - Initialization successful.
2025-11-15 21:49:23 - INFO - [picamera2.picamera2] - Camera now open.
2025-11-15 21:49:23 - INFO - [utils.video_manager] - [INFO] Using IMX296 Global Shutter Camera
2025-11-15 21:49:23 - INFO - [picamera2.picamera2] - Camera configuration has been adjusted!
[0:00:10.707738178] [834] [1;32m INFO [1;37mCamera [1;34mcamera.cpp:1205 [0mconfiguring streams: (0) 1024x768-RGB888 (1) 1456x1088-RGGB_PISP_COMP1
[0:00:10.707827270] [1437] [1;32m INFO [1;37mRPI [1;34mpisp.cpp:1483 [0mSensor: /base/axi/pcie@1000120000/rp1/i2c@80000/imx296@1a - Selected sensor format: 1456x1088-SRGGB10_1X10 - Selected CFE format: 1456x1088-PC1R
2025-11-15 21:49:23 - INFO - [picamera2.picamera2] - Configuration successful!
2025-11-15 21:49:24 - INFO - [picamera2.picamera2] - Camera started
2025-11-15 21:49:30 - INFO - [utils.greenongreen] - Using NCNN model from models/best_ncnn_model
WARNING ⚠️ Unable to automatically guess model task, assuming 'task=detect'. Explicitly define task for your model, i.e. 'task=detect', 'segment', 'classify','pose' or 'obb'.
Loading models/best_ncnn_model for NCNN inference...
2025-11-15 21:49:42 - INFO - [__main__] - [INFO] Approximate FPS: 6.70
2025-11-15 21:49:53 - INFO - [__main__] - [INFO] Approximate FPS: 9.06
2025-11-15 21:50:12 - INFO - [__main__] - [INFO] Approximate FPS: 5.08
2025-11-15 21:50:22 - INFO - [__main__] - [INFO] Approximate FPS: 10.31
2025-11-15 21:50:31 - INFO - [__main__] - [INFO] Approximate FPS: 10.95
2025-11-15 21:50:42 - INFO - [__main__] - [INFO] Approximate FPS: 9.15
2025-11-15 21:50:52 - INFO - [__main__] - [INFO] Approximate FPS: 9.77
2025-11-15 21:51:01 - INFO - [__main__] - [INFO] Approximate FPS: 11.18
2025-11-15 21:51:11 - INFO - [__main__] - [INFO] Approximate FPS: 10.03
2025-11-15 21:51:21 - INFO - [__main__] - [INFO] Approximate FPS: 10.89
2025-11-15 21:51:38 - INFO - [__main__] - [INFO] Approximate FPS: 5.78
2025-11-15 21:51:47 - INFO - [__main__] - [INFO] Approximate FPS: 10.38
2025-11-15 21:51:58 - INFO - [__main__] - [INFO] Approximate FPS: 9.59
2025-11-15 21:52:07 - INFO - [__main__] - [INFO] Approximate FPS: 11.57
2025-11-15 21:52:15 - INFO - [__main__] - [INFO] Approximate FPS: 11.58
2025-11-15 21:52:24 - INFO - [__main__] - [INFO] Approximate FPS: 11.73
2025-11-15 21:52:33 - INFO - [__main__] - [INFO] Approximate FPS: 11.38
2025-11-15 21:52:43 - INFO - [__main__] - [INFO] Approximate FPS: 9.75
2025-11-15 21:52:51 - INFO - [__main__] - [INFO] Approximate FPS: 11.49
2025-11-15 21:53:01 - INFO - [__main__] - [INFO] Approximate FPS: 10.76
2025-11-15 21:53:10 - INFO - [__main__] - [INFO] Approximate FPS: 11.01
2025-11-15 21:53:18 - INFO - [__main__] - [INFO] Approximate FPS: 11.77
2025-11-15 21:53:28 - INFO - [__main__] - [INFO] Approximate FPS: 10.66
2025-11-15 21:53:38 - INFO - [__main__] - [INFO] Approximate FPS: 9.99
2025-11-15 21:53:47 - INFO - [__main__] - [INFO] Approximate FPS: 10.31
2025-11-15 21:53:57 - INFO - [__main__] - [INFO] Approximate FPS: 9.98
2025-11-15 21:54:07 - INFO - [__main__] - [INFO] Approximate FPS: 10.99
2025-11-15 21:54:15 - INFO - [__main__] - [INFO] Approximate FPS: 12.03
2025-11-15 21:54:25 - INFO - [__main__] - [INFO] Approximate FPS: 9.46
2025-11-15 21:54:34 - INFO - [__main__] - [INFO] Approximate FPS: 11.31
2025-11-15 21:54:43 - INFO - [__main__] - [INFO] Approximate FPS: 11.00
2025-11-15 21:54:52 - INFO - [__main__] - [INFO] Approximate FPS: 11.84
2025-11-15 21:55:01 - INFO - [__main__] - [INFO] Approximate FPS: 11.05
2025-11-15 21:55:10 - INFO - [__main__] - [INFO] Approximate FPS: 11.08
2025-11-15 21:55:19 - INFO - [__main__] - [INFO] Approximate FPS: 10.51
2025-11-15 21:55:29 - INFO - [__main__] - [INFO] Approximate FPS: 10.54
2025-11-15 21:55:38 - INFO - [__main__] - [INFO] Approximate FPS: 11.48
2025-11-15 21:55:47 - INFO - [__main__] - [INFO] Approximate FPS: 10.90
2025-11-15 21:55:56 - INFO - [__main__] - [INFO] Approximate FPS: 10.50
2025-11-15 21:56:05 - INFO - [__main__] - [INFO] Approximate FPS: 11.80
2025-11-15 21:56:13 - INFO - [__main__] - [INFO] Approximate FPS: 11.76
2025-11-15 21:56:22 - INFO - [__main__] - [INFO] Approximate FPS: 11.67
2025-11-15 21:56:30 - INFO - [__main__] - [INFO] Approximate FPS: 12.09
2025-11-15 21:56:39 - INFO - [__main__] - [INFO] Approximate FPS: 11.80
2025-11-15 21:56:47 - INFO - [__main__] - [INFO] Approximate FPS: 12.00
2025-11-15 21:56:55 - INFO - [__main__] - [INFO] Approximate FPS: 11.88
2025-11-15 21:57:04 - INFO - [__main__] - [INFO] Approximate FPS: 11.65
2025-11-15 21:57:12 - INFO - [__main__] - [INFO] Approximate FPS: 11.82
2025-11-15 21:57:21 - INFO - [__main__] - [INFO] Approximate FPS: 11.59
2025-11-15 21:57:29 - INFO - [__main__] - [INFO] Approximate FPS: 11.91
2025-11-15 21:57:39 - INFO - [__main__] - [INFO] Approximate FPS: 10.81
2025-11-15 21:57:49 - INFO - [__main__] - [INFO] Approximate FPS: 9.83
2025-11-15 21:57:59 - INFO - [__main__] - [INFO] Approximate FPS: 9.94
2025-11-15 21:58:08 - INFO - [__main__] - [INFO] Approximate FPS: 11.18
2025-11-15 21:58:17 - INFO - [__main__] - [INFO] Approximate FPS: 11.56
2025-11-15 21:58:25 - INFO - [__main__] - [INFO] Approximate FPS: 11.19
2025-11-15 21:58:35 - INFO - [__main__] - [INFO] Approximate FPS: 10.73
2025-11-15 21:58:44 - INFO - [__main__] - [INFO] Approximate FPS: 10.80
2025-11-15 21:58:52 - INFO - [__main__] - [INFO] Approximate FPS: 12.06
2025-11-15 21:59:01 - INFO - [__main__] - [INFO] Approximate FPS: 12.01
2025-11-15 21:59:09 - INFO - [__main__] - [INFO] Approximate FPS: 11.91
2025-11-15 21:59:17 - INFO - [__main__] - [INFO] Approximate FPS: 11.87
2025-11-15 21:59:27 - INFO - [__main__] - [INFO] Approximate FPS: 10.40
2025-11-15 21:59:37 - INFO - [__main__] - [INFO] Approximate FPS: 10.27
2025-11-15 21:59:47 - INFO - [__main__] - [INFO] Approximate FPS: 10.29
2025-11-15 21:59:56 - INFO - [__main__] - [INFO] Approximate FPS: 10.45
2025-11-15 22:00:07 - INFO - [__main__] - [INFO] Approximate FPS: 9.55
2025-11-15 22:00:15 - INFO - [__main__] - [INFO] Approximate FPS: 11.63
2025-11-15 22:00:24 - INFO - [__main__] - [INFO] Approximate FPS: 10.96
2025-11-15 22:00:34 - INFO - [__main__] - [INFO] Approximate FPS: 10.79
2025-11-15 22:00:42 - INFO - [__main__] - [INFO] Approximate FPS: 11.82
2025-11-15 22:00:51 - INFO - [__main__] - [INFO] Approximate FPS: 11.09
2025-11-15 22:01:01 - INFO - [__main__] - [INFO] Approximate FPS: 10.03
2025-11-15 22:01:10 - INFO - [__main__] - [INFO] Approximate FPS: 10.53
2025-11-15 22:01:20 - INFO - [__main__] - [INFO] Approximate FPS: 10.15
2025-11-15 22:01:30 - INFO - [__main__] - [INFO] Approximate FPS: 9.92
2025-11-15 22:01:40 - INFO - [__main__] - [INFO] Approximate FPS: 10.91
2025-11-15 22:01:48 - INFO - [__main__] - [INFO] Approximate FPS: 11.37
2025-11-15 22:01:58 - INFO - [__main__] - [INFO] Approximate FPS: 10.81
2025-11-15 22:02:07 - INFO - [__main__] - [INFO] Approximate FPS: 11.19
2025-11-15 22:02:16 - INFO - [__main__] - [INFO] Approximate FPS: 10.98
2025-11-15 22:02:26 - INFO - [__main__] - [INFO] Approximate FPS: 9.89
2025-11-15 22:02:35 - INFO - [__main__] - [INFO] Approximate FPS: 10.59
2025-11-15 22:02:45 - INFO - [__main__] - [INFO] Approximate FPS: 10.58
2025-11-15 22:02:54 - INFO - [__main__] - [INFO] Approximate FPS: 11.13
2025-11-15 22:03:02 - INFO - [__main__] - [INFO] Approximate FPS: 11.69
2025-11-15 22:03:11 - INFO - [__main__] - [INFO] Approximate FPS: 11.70
2025-11-15 22:03:19 - INFO - [__main__] - [INFO] Approximate FPS: 11.93
2025-11-15 22:03:28 - INFO - [__main__] - [INFO] Approximate FPS: 11.99
2025-11-15 22:03:38 - INFO - [__main__] - [INFO] Approximate FPS: 9.58
