2025-10-06 22:59:14,522 - INFO - Starting OWL - checking imports...
2025-10-06 22:59:18,427 - INFO - All required modules imported successfully
2025-10-06 22:59:18 - INFO - [__main__] - Initializing OWL...
2025-10-06 22:59:18 - INFO - [__main__] - Starting OWL version 2.1.0
2025-10-06 22:59:18 - INFO - [__main__] - System Information: OS: Linux 6.12.25+rpt-rpi-2712, Machine: aarch64
2025-10-06 22:59:18 - INFO - [__main__] - Python Version: 3.11.2 (main, Apr 28 2025, 14:11:48) [GCC 12.2.0], Implementation: CPython, Compiler: GCC 12.2.0
2025-10-06 22:59:18 - INFO - [__main__] - Hardware: Raspberry Pi 5 Model B Rev 1.0
fatal : ni ceci ni aucun de ses répertoires parents n'est un dépôt git : .git
2025-10-06 22:59:18 - WARNING - [SystemInfo] - Git information could not be retrieved: Command '['git', 'rev-parse', '--short', 'HEAD']' returned non-zero exit status 128.
2025-10-06 22:59:18 - INFO - [__main__] - Git information not available.
2025-10-06 22:59:18 - WARNING - [utils.config_manager] - Unknown keys in section [Relays]: 4, 6, 5, 9, 8, 7
2025-10-06 22:59:18 - INFO - [utils.config_manager] - Successfully loaded and validated config: /home/owl/owl/config/DAY_SENSITIVITY_2.ini
2025-10-06 22:59:18 - INFO - [__main__] - Raspberry Pi version: rpi-5
2025-10-06 22:59:18 - ERROR - [utils.output_manager] - Failed to initialize RelayCo2025-10-06 22:59:19 - INFO - [utils.output_manager] - [INFO] Nozzle setup complete. Initiating camera...
2025-10-06 22:59:19 - WARNING - [__main__] - High resolution, expect low framerate. Resolution set to 1024x768.
2025-10-06 22:59:19 - INFO - [utils.video_manager] - Camera type: Picamera2Stream
2025-10-06 22:59:19 - INFO - [utils.video_manager] - Setting camera format
2025-10-06 22:59:19 - INFO - [utils.video_manager] - Setting camera controls
[0:00:10.822646307] [830] [1;32m INFO [1;37mCamera [1;34mcamera_manager.cpp:326 [0mlibcamera v0.5.0+59-d83ff0a4
[0:00:10.829759251] [1386] [1;32m INFO [1;37mRPI [1;34mpisp.cpp:720 [0mlibpisp version v1.2.1 981977ff21f3 29-04-2025 (14:13:50)
[0:00:10.839183640] [1386] [1;32m INFO [1;37mRPI [1;34mpisp.cpp:1179 [0mRegistered camera /base/axi/pcie@1000120000/rp1/i2c@80000/imx296@1a to CFE device /dev/media0 and ISP device /dev/media1 using PiSP variant BCM2712_C0
2025-10-06 22:59:19 - INFO - [picamera2.picamera2] - Initialization successful.
2025-10-06 22:59:19 - INFO - [picamera2.picamera2] - Camera now open.
2025-10-06 22:59:19 - INFO - [utils.video_manager] - [INFO] Using IMX296 Global Shutter Camera
2025-10-06 22:59:19 - INFO - [picamera2.picamera2] - Camera configuration has been adjusted!
[0:00:10.842871029] [830] [1;32m INFO [1;37mCamera [1;34mcamera.cpp:1205 [0mconfiguring streams: (0) 1024x768-RGB888 (1) 1456x1088-RGGB_PISP_COMP1
[0:00:10.842989936] [1386] [1;32m INFO [1;37mRPI [1;34mpisp.cpp:1483 [0mSensor: /base/axi/pcie@1000120000/rp1/i2c@80000/imx296@1a - Selected sensor format: 1456x1088-SRGGB10_1X10 - Selected CFE format: 1456x1088-PC1R
2025-10-06 22:59:19 - INFO - [picamera2.picamera2] - Configuration successful!
2025-10-06 22:59:20 - INFO - [picamera2.picamera2] - Camera started
2025-10-06 22:59:26 - INFO - [utils.greenongreen] - Using NCNN model from models/best_ncnn_model
WARNING ⚠️ Unable to automatically guess model task, assuming 'task=detect'. Explicitly define task for your model, i.e. 'task=detect', 'segment', 'classify','pose' or 'obb'.
Loading models/best_ncnn_model for NCNN inference...
2025-10-06 22:59:37 - INFO - [__main__] - [INFO] Approximate FPS: 6.82
2025-10-07 21:35:39 - INFO - [__main__] - [INFO] Approximate FPS: 0.00
2025-10-07 21:35:47 - INFO - [__main__] - [INFO] Approximate FPS: 12.10
2025-10-07 21:35:55 - INFO - [__main__] - [INFO] Approximate FPS: 11.87
2025-10-07 21:36:04 - INFO - [__main__] - [INFO] Approximate FPS: 11.97
2025-10-07 21:36:12 - INFO - [__main__] - [INFO] Approximate FPS: 12.04
2025-10-07 21:36:20 - INFO - [__main__] - [INFO] Approximate FPS: 12.14
2025-10-07 21:36:28 - INFO - [__main__] - [INFO] Approximate FPS: 12.05
2025-10-07 21:36:37 - INFO - [__main__] - [INFO] Approximate FPS: 12.00
2025-10-07 21:36:45 - INFO - [__main__] - [INFO] Approximate FPS: 11.90
2025-10-07 21:36:54 - INFO - [__main__] - [INFO] Approximate FPS: 11.79
2025-10-07 21:37:02 - INFO - [__main__] - [INFO] Approximate FPS: 11.86
2025-10-07 21:37:11 - INFO - [__main__] - [INFO] Approximate FPS: 11.62
2025-10-07 21:37:19 - INFO - [__main__] - [INFO] Approximate FPS: 11.94
2025-10-07 21:37:28 - INFO - [__main__] - [INFO] Approximate FPS: 10.61
2025-10-07 21:37:38 - INFO - [__main__] - [INFO] Approximate FPS: 10.11
ul termination
    [1m[97mkill -9 <PID>[0m - Force termination (use with caution)

[92mImportant Notes:[0m
- Double-check the PID before stopping it!
- If no processes are listed but error persists, check GPIO outputs
- Ensure all GPIO resources are properly released
- Try rebooting if the issue persists

