2025-11-14 23:26:04,551 - INFO - Starting OWL - checking imports...
2025-11-14 23:26:08,327 - INFO - All required modules imported successfully
2025-11-14 23:26:08 - INFO - [__main__] - Initializing OWL...
2025-11-14 23:26:08 - INFO - [__main__] - Starting OWL version 2.1.0
2025-11-14 23:26:08 - INFO - [__main__] - System Information: OS: Linux 6.12.25+rpt-rpi-2712, Machine: aarch64
2025-11-14 23:26:08 - INFO - [__main__] - Python Version: 3.11.2 (main, Apr 28 2025, 14:11:48) [GCC 12.2.0], Implementation: CPython, Compiler: GCC 12.2.0
2025-11-14 23:26:08 - INFO - [__main__] - Hardware: Raspberry Pi 5 Model B Rev 1.0
fatal : ni ceci ni aucun de ses répertoires parents n'est un dépôt git : .git
2025-11-14 23:26:08 - WARNING - [SystemInfo] - Git information could not be retrieved: Command '['git', 'rev-parse', '--short', 'HEAD']' returned non-zero exit status 128.
2025-11-14 23:26:08 - INFO - [__main__] - Git information not available.
2025-11-14 23:26:08 - WARNING - [utils.config_manager] - Unknown keys in section [Relays]: 8, 7, 6, 9, 4, 5
2025-11-14 23:26:08 - INFO - [utils.config_manager] - Successfully loaded and validated config: /home/owl/owl/config/DAY_SENSITIVITY_2.ini
2025-11-14 23:26:08 - INFO - [__main__] - Raspberry Pi version: rpi-5
2025-11-14 23:26:08 - ERROR - [utils.output_manager] - Failed to initialize RelayCo2025-11-14 23:26:09 - INFO - [utils.output_manager] - [INFO] Nozzle setup complete. Initiating camera...
2025-11-14 23:26:09 - WARNING - [__main__] - High resolution, expect low framerate. Resolution set to 1024x768.
2025-11-14 23:26:09 - INFO - [utils.video_manager] - Camera type: Picamera2Stream
2025-11-14 23:26:09 - INFO - [utils.video_manager] - Setting camera format
2025-11-14 23:26:09 - INFO - [utils.video_manager] - Setting camera controls
[0:00:11.221343233] [834] [1;32m INFO [1;37mCamera [1;34mcamera_manager.cpp:326 [0mlibcamera v0.5.0+59-d83ff0a4
[0:00:11.234725770] [1397] [1;32m INFO [1;37mRPI [1;34mpisp.cpp:720 [0mlibpisp version v1.2.1 981977ff21f3 29-04-2025 (14:13:50)
[0:00:11.245363770] [1397] [1;32m INFO [1;37mRPI [1;34mpisp.cpp:1179 [0mRegistered camera /base/axi/pcie@1000120000/rp1/i2c@80000/imx296@1a to CFE device /dev/media2 and ISP device /dev/media0 using PiSP variant BCM2712_C0
2025-11-14 23:26:09 - INFO - [picamera2.picamera2] - Initialization successful.
2025-11-14 23:26:09 - INFO - [picamera2.picamera2] - Camera now open.
2025-11-14 23:26:09 - INFO - [utils.video_manager] - [INFO] Using IMX296 Global Shutter Camera
2025-11-14 23:26:09 - INFO - [picamera2.picamera2] - Camera configuration has been adjusted!
[0:00:11.250707418] [834] [1;32m INFO [1;37mCamera [1;34mcamera.cpp:1205 [0mconfiguring streams: (0) 1024x768-RGB888 (1) 1456x1088-RGGB_PISP_COMP1
[0:00:11.250864270] [1397] [1;32m INFO [1;37mRPI [1;34mpisp.cpp:1483 [0mSensor: /base/axi/pcie@1000120000/rp1/i2c@80000/imx296@1a - Selected sensor format: 1456x1088-SRGGB10_1X10 - Selected CFE format: 1456x1088-PC1R
2025-11-14 23:26:09 - INFO - [picamera2.picamera2] - Configuration successful!
2025-11-14 23:26:10 - INFO - [picamera2.picamera2] - Camera started
2025-11-14 23:26:20 - INFO - [utils.greenongreen] - Using NCNN model from models/best_ncnn_model
WARNING ⚠️ Unable to automatically guess model task, assuming 'task=detect'. Explicitly define task for your model, i.e. 'task=detect', 'segment', 'classify','pose' or 'obb'.
Loading models/best_ncnn_model for NCNN inference...
2025-11-15 18:56:37 - INFO - [__main__] - [INFO] Approximate FPS: 0.00
2025-11-15 18:56:46 - INFO - [__main__] - [INFO] Approximate FPS: 11.18
2025-11-15 18:56:55 - INFO - [__main__] - [INFO] Approximate FPS: 11.18
2025-11-15 18:57:04 - INFO - [__main__] - [INFO] Approximate FPS: 10.72
2025-11-15 18:57:16 - INFO - [__main__] - [INFO] Approximate FPS: 9.05
2025-11-15 18:57:24 - INFO - [__main__] - [INFO] Approximate FPS: 11.14
2025-11-15 18:57:36 - INFO - [__main__] - [INFO] Approximate FPS: 8.94
2025-11-15 18:57:45 - INFO - [__main__] - [INFO] Approximate FPS: 10.60
2025-11-15 18:57:54 - INFO - [__main__] - [INFO] Approximate FPS: 10.80
2025-11-15 18:58:03 - INFO - [__main__] - [INFO] Approximate FPS: 10.98
2025-11-15 18:58:13 - INFO - [__main__] - [INFO] Approximate FPS: 10.25
2025-11-15 18:58:22 - INFO - [__main__] - [INFO] Approximate FPS: 11.14
2025-11-15 18:58:32 - INFO - [__main__] - [INFO] Approximate FPS: 10.38
2025-11-15 18:58:42 - INFO - [__main__] - [INFO] Approximate FPS: 9.94
2025-11-15 18:58:51 - INFO - [__main__] - [INFO] Approximate FPS: 10.66
2025-11-15 18:59:01 - INFO - [__main__] - [INFO] Approximate FPS: 9.90
2025-11-15 18:59:12 - INFO - [__main__] - [INFO] Approximate FPS: 9.41
2025-11-15 18:59:22 - INFO - [__main__] - [INFO] Approximate FPS: 10.16
2025-11-15 18:59:31 - INFO - [__main__] - [INFO] Approximate FPS: 11.18
2025-11-15 18:59:40 - INFO - [__main__] - [INFO] Approximate FPS: 10.64
2025-11-15 18:59:50 - INFO - [__main__] - [INFO] Approximate FPS: 10.77
2025-11-15 19:00:00 - INFO - [__main__] - [INFO] Approximate FPS: 9.91
2025-11-15 19:00:09 - INFO - [__main__] - [INFO] Approximate FPS: 11.04
2025-11-15 19:00:18 - INFO - [__main__] - [INFO] Approximate FPS: 10.77
2025-11-15 19:00:27 - INFO - [__main__] - [INFO] Approximate FPS: 11.37
2025-11-15 19:00:36 - INFO - [__main__] - [INFO] Approximate FPS: 10.72
2025-11-15 19:01:08 - INFO - [__main__] - [INFO] Approximate FPS: 3.17
2025-11-15 19:01:22 - INFO - [__main__] - [INFO] Approximate FPS: 6.79
2025-11-15 19:01:32 - INFO - [__main__] - [INFO] Approximate FPS: 10.67
2025-11-15 19:01:43 - INFO - [__main__] - [INFO] Approximate FPS: 9.11
2025-11-15 19:01:51 - INFO - [__main__] - [INFO] Approximate FPS: 11.38
2025-11-15 19:02:01 - INFO - [__main__] - [INFO] Approximate FPS: 11.07
2025-11-15 19:02:09 - INFO - [__main__] - [INFO] Approximate FPS: 11.99
2025-11-15 19:02:18 - INFO - [__main__] - [INFO] Approximate FPS: 11.40
2025-11-15 19:02:27 - INFO - [__main__] - [INFO] Approximate FPS: 10.73
2025-11-15 19:02:37 - INFO - [__main__] - [INFO] Approximate FPS: 10.41
2025-11-15 19:02:46 - INFO - [__main__] - [INFO] Approximate FPS: 10.48
2025-11-15 19:02:55 - INFO - [__main__] - [INFO] Approximate FPS: 11.87
2025-11-15 19:03:04 - INFO - [__main__] - [INFO] Approximate FPS: 10.46
2025-11-15 19:03:13 - INFO - [__main__] - [INFO] Approximate FPS: 11.37
2025-11-15 19:03:21 - INFO - [__main__] - [INFO] Approximate FPS: 12.02
2025-11-15 19:03:30 - INFO - [__main__] - [INFO] Approximate FPS: 11.97
2025-11-15 19:03:38 - INFO - [__main__] - [INFO] Approximate FPS: 12.09
2025-11-15 19:03:46 - INFO - [__main__] - [INFO] Approximate FPS: 11.96
2025-11-15 19:03:55 - INFO - [__main__] - [INFO] Approximate FPS: 10.93
2025-11-15 19:04:04 - INFO - [__main__] - [INFO] Approximate FPS: 11.98
2025-11-15 19:04:12 - INFO - [__main__] - [INFO] Approximate FPS: 11.87
2025-11-15 19:04:21 - INFO - [__main__] - [INFO] Approximate FPS: 10.78
2025-11-15 19:04:30 - INFO - [__main__] - [INFO] Approximate FPS: 11.24
2025-11-15 19:04:39 - INFO - [__main__] - [INFO] Approximate FPS: 11.52
2025-11-15 19:04:47 - INFO - [__main__] - [INFO] Approximate FPS: 11.77
2025-11-15 19:04:56 - INFO - [__main__] - [INFO] Approximate FPS: 11.97
2025-11-15 19:05:04 - INFO - [__main__] - [INFO] Approximate FPS: 11.97
2025-11-15 19:05:13 - INFO - [__main__] - [INFO] Approximate FPS: 11.89
2025-11-15 19:05:21 - INFO - [__main__] - [INFO] Approximate FPS: 12.04
2025-11-15 19:05:29 - INFO - [__main__] - [INFO] Approximate FPS: 11.92
2025-11-15 19:05:38 - INFO - [__main__] - [INFO] Approximate FPS: 11.98
2025-11-15 19:05:46 - INFO - [__main__] - [INFO] Approximate FPS: 12.06
2025-11-15 19:05:54 - INFO - [__main__] - [INFO] Approximate FPS: 12.00
2025-11-15 19:06:03 - INFO - [__main__] - [INFO] Approximate FPS: 11.94
2025-11-15 19:06:13 - INFO - [__main__] - [INFO] Approximate FPS: 9.83
2025-11-15 19:06:22 - INFO - [__main__] - [INFO] Approximate FPS: 10.47
2025-11-15 19:06:31 - INFO - [__main__] - [INFO] Approximate FPS: 11.33
2025-11-15 19:06:41 - INFO - [__main__] - [INFO] Approximate FPS: 10.34
2025-11-15 19:06:50 - INFO - [__main__] - [INFO] Approximate FPS: 10.55
2025-11-15 19:06:59 - INFO - [__main__] - [INFO] Approximate FPS: 11.04
2025-11-15 19:07:08 - INFO - [__main__] - [INFO] Approximate FPS: 11.30
2025-11-15 19:07:17 - INFO - [__main__] - [INFO] Approximate FPS: 11.13
2025-11-15 19:07:26 - INFO - [__main__] - [INFO] Approximate FPS: 11.01
2025-11-15 19:07:36 - INFO - [__main__] - [INFO] Approximate FPS: 10.68
2025-11-15 19:07:45 - INFO - [__main__] - [INFO] Approximate FPS: 11.07
2025-11-15 19:07:54 - INFO - [__main__] - [INFO] Approximate FPS: 10.59
2025-11-15 19:08:03 - INFO - [__main__] - [INFO] Approximate FPS: 11.18
2025-11-15 19:08:14 - INFO - [__main__] - [INFO] Approximate FPS: 9.13
2025-11-15 19:08:35 - INFO - [__main__] - [INFO] Approximate FPS: 4.71
2025-11-15 19:09:05 - INFO - [__main__] - [INFO] Approximate FPS: 3.32
2025-11-15 19:09:15 - INFO - [__main__] - [INFO] Approximate FPS: 10.51
2025-11-15 19:09:24 - INFO - [__main__] - [INFO] Approximate FPS: 10.80
2025-11-15 19:09:34 - INFO - [__main__] - [INFO] Approximate FPS: 10.13
2025-11-15 19:09:43 - INFO - [__main__] - [INFO] Approximate FPS: 11.11
2025-11-15 19:09:52 - INFO - [__main__] - [INFO] Approximate FPS: 11.06
2025-11-15 19:10:01 - INFO - [__main__] - [INFO] Approximate FPS: 11.47
2025-11-15 19:10:11 - INFO - [__main__] - [INFO] Approximate FPS: 9.77
2025-11-15 19:10:21 - INFO - [__main__] - [INFO] Approximate FPS: 9.83
2025-11-15 19:10:30 - INFO - [__main__] - [INFO] Approximate FPS: 11.68
2025-11-15 19:10:38 - INFO - [__main__] - [INFO] Approximate FPS: 11.88
2025-11-15 19:10:47 - INFO - [__main__] - [INFO] Approximate FPS: 11.80
2025-11-15 19:10:55 - INFO - [__main__] - [INFO] Approximate FPS: 11.61
2025-11-15 19:11:05 - INFO - [__main__] - [INFO] Approximate FPS: 10.15
2025-11-15 19:11:14 - INFO - [__main__] - [INFO] Approximate FPS: 11.55
2025-11-15 19:11:22 - INFO - [__main__] - [INFO] Approximate FPS: 11.72
2025-11-15 19:11:31 - INFO - [__main__] - [INFO] Approximate FPS: 11.85
2025-11-15 19:11:39 - INFO - [__main__] - [INFO] Approximate FPS: 11.80
2025-11-15 19:11:48 - INFO - [__main__] - [INFO] Approximate FPS: 11.89
2025-11-15 19:11:56 - INFO - [__main__] - [INFO] Approximate FPS: 11.93
2025-11-15 19:12:07 - INFO - [__main__] - [INFO] Approximate FPS: 9.59
2025-11-15 19:12:16 - INFO - [__main__] - [INFO] Approximate FPS: 10.98
2025-11-15 19:12:24 - INFO - [__main__] - [INFO] Approximate FPS: 12.10
2025-11-15 19:12:32 - INFO - [__main__] - [INFO] Approximate FPS: 11.78
2025-11-15 19:12:41 - INFO - [__main__] - [INFO] Approximate FPS: 11.51
2025-11-15 19:12:51 - INFO - [__main__] - [INFO] Approximate FPS: 10.21
2025-11-15 19:13:12 - INFO - [__main__] - [INFO] Approximate FPS: 4.79
2025-11-15 19:13:21 - INFO - [__main__] - [INFO] Approximate FPS: 10.57
2025-11-15 19:13:32 - INFO - [__main__] - [INFO] Approximate FPS: 9.69
2025-11-15 19:13:41 - INFO - [__main__] - [INFO] Approximate FPS: 10.05
2025-11-15 19:13:50 - INFO - [__main__] - [INFO] Approximate FPS: 11.28
2025-11-15 19:13:59 - INFO - [__main__] - [INFO] Approximate FPS: 11.04
2025-11-15 19:14:09 - INFO - [__main__] - [INFO] Approximate FPS: 10.47
2025-11-15 19:14:18 - INFO - [__main__] - [INFO] Approximate FPS: 10.93
2025-11-15 19:14:27 - INFO - [__main__] - [INFO] Approximate FPS: 10.93
2025-11-15 19:14:37 - INFO - [__main__] - [INFO] Approximate FPS: 10.62
2025-11-15 19:14:45 - INFO - [__main__] - [INFO] Approximate FPS: 11.40
2025-11-15 19:14:54 - INFO - [__main__] - [INFO] Approximate FPS: 11.21
2025-11-15 19:15:04 - INFO - [__main__] - [INFO] Approximate FPS: 9.87
2025-11-15 19:15:13 - INFO - [__main__] - [INFO] Approximate FPS: 11.70
2025-11-15 19:15:21 - INFO - [__main__] - [INFO] Approximate FPS: 11.83
2025-11-15 19:15:30 - INFO - [__main__] - [INFO] Approximate FPS: 11.65
2025-11-15 19:15:39 - INFO - [__main__] - [INFO] Approximate FPS: 11.79
2025-11-15 19:15:47 - INFO - [__main__] - [INFO] Approximate FPS: 11.19
2025-11-15 19:15:56 - INFO - [__main__] - [INFO] Approximate FPS: 11.33
2025-11-15 19:16:06 - INFO - [__main__] - [INFO] Approximate FPS: 10.10
2025-11-15 19:16:16 - INFO - [__main__] - [INFO] Approximate FPS: 10.60
2025-11-15 19:16:25 - INFO - [__main__] - [INFO] Approximate FPS: 11.23
2025-11-15 19:16:34 - INFO - [__main__] - [INFO] Approximate FPS: 10.19
2025-11-15 19:16:46 - INFO - [__main__] - [INFO] Approximate FPS: 8.70
2025-11-15 19:16:56 - INFO - [__main__] - [INFO] Approximate FPS: 9.71
2025-11-15 19:17:05 - INFO - [__main__] - [INFO] Approximate FPS: 11.83
2025-11-15 19:17:13 - INFO - [__main__] - [INFO] Approximate FPS: 11.81
2025-11-15 19:17:21 - INFO - [__main__] - [INFO] Approximate FPS: 11.93
2025-11-15 19:17:30 - INFO - [__main__] - [INFO] Approximate FPS: 11.83
2025-11-15 19:17:38 - INFO - [__main__] - [INFO] Approximate FPS: 12.02
2025-11-15 19:17:47 - INFO - [__main__] - [INFO] Approximate FPS: 11.91
2025-11-15 19:17:55 - INFO - [__main__] - [INFO] Approximate FPS: 11.85
2025-11-15 19:18:04 - INFO - [__main__] - [INFO] Approximate FPS: 10.89
2025-11-15 19:18:15 - INFO - [__main__] - [INFO] Approximate FPS: 9.48
2025-11-15 19:18:23 - INFO - [__main__] - [INFO] Approximate FPS: 11.92
2025-11-15 19:18:33 - INFO - [__main__] - [INFO] Approximate FPS: 10.48
2025-11-15 19:18:41 - INFO - [__main__] - [INFO] Approximate FPS: 12.00
2025-11-15 19:18:58 - INFO - [__main__] - [INFO] Approximate FPS: 5.89
2025-11-15 19:19:13 - INFO - [__main__] - [INFO] Approximate FPS: 6.70
2025-11-15 19:19:26 - INFO - [__main__] - [INFO] Approximate FPS: 7.98
2025-11-15 19:19:37 - INFO - [__main__] - [INFO] Approximate FPS: 8.99
2025-11-15 19:19:48 - INFO - [__main__] - [INFO] Approximate FPS: 8.73
2025-11-15 19:19:57 - INFO - [__main__] - [INFO] Approximate FPS: 11.71
2025-11-15 19:20:07 - INFO - [__main__] - [INFO] Approximate FPS: 10.11
2025-11-15 19:20:15 - INFO - [__main__] - [INFO] Approximate FPS: 11.62
2025-11-15 19:20:24 - INFO - [__main__] - [INFO] Approximate FPS: 11.85
2025-11-15 19:20:33 - INFO - [__main__] - [INFO] Approximate FPS: 11.12
2025-11-15 19:20:41 - INFO - [__main__] - [INFO] Approximate FPS: 11.59
2025-11-15 19:20:51 - INFO - [__main__] - [INFO] Approximate FPS: 9.89
2025-11-15 19:21:01 - INFO - [__main__] - [INFO] Approximate FPS: 10.20
2025-11-15 19:21:12 - INFO - [__main__] - [INFO] Approximate FPS: 9.06
2025-11-15 19:21:22 - INFO - [__main__] - [INFO] Approximate FPS: 10.47
2025-11-15 19:21:32 - INFO - [__main__] - [INFO] Approximate FPS: 10.20
2025-11-15 19:21:42 - INFO - [__main__] - [INFO] Approximate FPS: 9.33
2025-11-15 19:21:52 - INFO - [__main__] - [INFO] Approximate FPS: 10.37
2025-11-15 19:22:01 - INFO - [__main__] - [INFO] Approximate FPS: 11.53
2025-11-15 19:22:11 - INFO - [__main__] - [INFO] Approximate FPS: 9.91
2025-11-15 19:22:22 - INFO - [__main__] - [INFO] Approximate FPS: 9.07
2025-11-15 19:22:32 - INFO - [__main__] - [INFO] Approximate FPS: 9.53
2025-11-15 19:22:42 - INFO - [__main__] - [INFO] Approximate FPS: 9.98
2025-11-15 19:22:53 - INFO - [__main__] - [INFO] Approximate FPS: 9.11
2025-11-15 19:23:03 - INFO - [__main__] - [INFO] Approximate FPS: 10.20
2025-11-15 19:23:12 - INFO - [__main__] - [INFO] Approximate FPS: 10.72
2025-11-15 19:23:22 - INFO - [__main__] - [INFO] Approximate FPS: 9.95
2025-11-15 19:23:33 - INFO - [__main__] - [INFO] Approximate FPS: 9.34
2025-11-15 19:23:43 - INFO - [__main__] - [INFO] Approximate FPS: 9.68
2025-11-15 19:23:52 - INFO - [__main__] - [INFO] Approximate FPS: 11.20
2025-11-15 19:24:01 - INFO - [__main__] - [INFO] Approximate FPS: 11.53
2025-11-15 19:24:10 - INFO - [__main__] - [INFO] Approximate FPS: 11.51
2025-11-15 19:24:18 - INFO - [__main__] - [INFO] Approximate FPS: 11.46
2025-11-15 19:24:29 - INFO - [__main__] - [INFO] Approximate FPS: 9.02
2025-11-15 19:24:40 - INFO - [__main__] - [INFO] Approximate FPS: 9.74
2025-11-15 19:24:48 - INFO - [__main__] - [INFO] Approximate FPS: 11.67
2025-11-15 19:24:57 - INFO - [__main__] - [INFO] Approximate FPS: 11.39
2025-11-15 19:25:06 - INFO - [__main__] - [INFO] Approximate FPS: 11.40
2025-11-15 19:25:15 - INFO - [__main__] - [INFO] Approximate FPS: 11.09
2025-11-15 19:25:27 - INFO - [__main__] - [INFO] Approximate FPS: 8.16
2025-11-15 19:25:39 - INFO - [__main__] - [INFO] Approximate FPS: 8.79
2025-11-15 19:25:52 - INFO - [__main__] - [INFO] Approximate FPS: 7.40
2025-11-15 19:26:02 - INFO - [__main__] - [INFO] Approximate FPS: 9.99
2025-11-15 19:26:13 - INFO - [__main__] - [INFO] Approximate FPS: 9.45
2025-11-15 19:26:21 - INFO - [__main__] - [INFO] Approximate FPS: 11.46
2025-11-15 19:26:33 - INFO - [__main__] - [INFO] Approximate FPS: 8.84
2025-11-15 19:26:43 - INFO - [__main__] - [INFO] Approximate FPS: 9.83
2025-11-15 19:26:53 - INFO - [__main__] - [INFO] Approximate FPS: 10.24
2025-11-15 19:27:01 - INFO - [__main__] - [INFO] Approximate FPS: 11.48
2025-11-15 19:27:11 - INFO - [__main__] - [INFO] Approximate FPS: 10.14
2025-11-15 19:27:22 - INFO - [__main__] - [INFO] Approximate FPS: 9.01
2025-11-15 19:27:32 - INFO - [__main__] - [INFO] Approximate FPS: 10.67
2025-11-15 19:27:43 - INFO - [__main__] - [INFO] Approximate FPS: 9.06
2025-11-15 19:27:52 - INFO - [__main__] - [INFO] Approximate FPS: 11.14
2025-11-15 19:28:00 - INFO - [__main__] - [INFO] Approximate FPS: 11.50
2025-11-15 19:28:09 - INFO - [__main__] - [INFO] Approximate FPS: 11.47
2025-11-15 19:28:18 - INFO - [__main__] - [INFO] Approximate FPS: 11.64
2025-11-15 19:28:27 - INFO - [__main__] - [INFO] Approximate FPS: 10.38
2025-11-15 19:28:36 - INFO - [__main__] - [INFO] Approximate FPS: 11.87
2025-11-15 19:28:46 - INFO - [__main__] - [INFO] Approximate FPS: 9.95
2025-11-15 19:28:55 - INFO - [__main__] - [INFO] Approximate FPS: 10.45
2025-11-15 19:29:05 - INFO - [__main__] - [INFO] Approximate FPS: 10.89
2025-11-15 19:29:14 - INFO - [__main__] - [INFO] Approximate FPS: 10.43
2025-11-15 19:29:23 - INFO - [__main__] - [INFO] Approximate FPS: 11.75
2025-11-15 19:29:31 - INFO - [__main__] - [INFO] Approximate FPS: 11.49
2025-11-15 19:29:40 - INFO - [__main__] - [INFO] Approximate FPS: 11.84
2025-11-15 19:29:48 - INFO - [__main__] - [INFO] Approximate FPS: 11.58
2025-11-15 19:30:01 - INFO - [__main__] - [INFO] Approximate FPS: 8.13
2025-11-15 19:30:10 - INFO - [__main__] - [INFO] Approximate FPS: 10.78
2025-11-15 19:30:19 - INFO - [__main__] - [INFO] Approximate FPS: 11.01
2025-11-15 19:30:28 - INFO - [__main__] - [INFO] Approximate FPS: 11.47
2025-11-15 19:30:37 - INFO - [__main__] - [INFO] Approximate FPS: 11.09
2025-11-15 19:30:48 - INFO - [__main__] - [INFO] Approximate FPS: 8.81
2025-11-15 19:31:00 - INFO - [__main__] - [INFO] Approximate FPS: 8.67
2025-11-15 19:31:10 - INFO - [__main__] - [INFO] Approximate FPS: 9.79
2025-11-15 19:31:19 - INFO - [__main__] - [INFO] Approximate FPS: 10.52
2025-11-15 19:31:28 - INFO - [__main__] - [INFO] Approximate FPS: 11.90
2025-11-15 19:31:36 - INFO - [__main__] - [INFO] Approximate FPS: 11.80
2025-11-15 19:31:45 - INFO - [__main__] - [INFO] Approximate FPS: 11.94
2025-11-15 19:31:53 - INFO - [__main__] - [INFO] Approximate FPS: 11.64
2025-11-15 19:32:03 - INFO - [__main__] - [INFO] Approximate FPS: 10.02
2025-11-15 19:32:13 - INFO - [__main__] - [INFO] Approximate FPS: 10.32
2025-11-15 19:32:24 - INFO - [__main__] - [INFO] Approximate FPS: 9.37
2025-11-15 19:32:32 - INFO - [__main__] - [INFO] Approximate FPS: 11.68
2025-11-15 19:32:41 - INFO - [__main__] - [INFO] Approximate FPS: 11.75
2025-11-15 19:32:50 - INFO - [__main__] - [INFO] Approximate FPS: 11.16
2025-11-15 19:33:00 - INFO - [__main__] - [INFO] Approximate FPS: 9.79
2025-11-15 19:33:11 - INFO - [__main__] - [INFO] Approximate FPS: 9.18
2025-11-15 19:33:35 - INFO - [__main__] - [INFO] Approximate FPS: 4.20
2025-11-15 19:33:44 - INFO - [__main__] - [INFO] Approximate FPS: 10.20
2025-11-15 19:33:54 - INFO - [__main__] - [INFO] Approximate FPS: 10.91
2025-11-15 19:34:02 - INFO - [__main__] - [INFO] Approximate FPS: 11.74
2025-11-15 19:34:11 - INFO - [__main__] - [INFO] Approximate FPS: 11.73
2025-11-15 19:34:19 - INFO - [__main__] - [INFO] Approximate FPS: 11.75
2025-11-15 19:34:28 - INFO - [__main__] - [INFO] Approximate FPS: 11.82
2025-11-15 19:34:36 - INFO - [__main__] - [INFO] Approximate FPS: 11.78
2025-11-15 19:34:47 - INFO - [__main__] - [INFO] Approximate FPS: 9.44
2025-11-15 19:34:55 - INFO - [__main__] - [INFO] Approximate FPS: 11.60
2025-11-15 19:35:05 - INFO - [__main__] - [INFO] Approximate FPS: 10.77
2025-11-15 19:35:15 - INFO - [__main__] - [INFO] Approximate FPS: 9.76
2025-11-15 19:35:24 - INFO - [__main__] - [INFO] Approximate FPS: 10.41
2025-11-15 19:35:33 - INFO - [__main__] - [INFO] Approximate FPS: 11.82
2025-11-15 19:35:41 - INFO - [__main__] - [INFO] Approximate FPS: 11.95
2025-11-15 19:35:50 - INFO - [__main__] - [INFO] Approximate FPS: 11.97
2025-11-15 19:35:58 - INFO - [__main__] - [INFO] Approximate FPS: 11.99
2025-11-15 19:36:06 - INFO - [__main__] - [INFO] Approximate FPS: 11.87
2025-11-15 19:36:15 - INFO - [__main__] - [INFO] Approximate FPS: 11.75
2025-11-15 19:36:23 - INFO - [__main__] - [INFO] Approximate FPS: 11.94
2025-11-15 19:36:32 - INFO - [__main__] - [INFO] Approximate FPS: 11.80
2025-11-15 19:36:40 - INFO - [__main__] - [INFO] Approximate FPS: 11.93
2025-11-15 19:36:48 - INFO - [__main__] - [INFO] Approximate FPS: 11.98
2025-11-15 19:36:57 - INFO - [__main__] - [INFO] Approximate FPS: 11.95
2025-11-15 19:37:05 - INFO - [__main__] - [INFO] Approximate FPS: 11.88
2025-11-15 19:37:14 - INFO - [__main__] - [INFO] Approximate FPS: 11.87
2025-11-15 19:37:22 - INFO - [__main__] - [INFO] Approximate FPS: 11.83
2025-11-15 19:37:31 - INFO - [__main__] - [INFO] Approximate FPS: 11.78
2025-11-15 19:37:39 - INFO - [__main__] - [INFO] Approximate FPS: 11.91
2025-11-15 19:37:47 - INFO - [__main__] - [INFO] Approximate FPS: 11.94
2025-11-15 19:37:56 - INFO - [__main__] - [INFO] Approximate FPS: 11.87
2025-11-15 19:38:06 - INFO - [__main__] - [INFO] Approximate FPS: 10.04
2025-11-15 19:38:14 - INFO - [__main__] - [INFO] Approximate FPS: 11.86
2025-11-15 19:38:22 - INFO - [__main__] - [INFO] Approximate FPS: 12.02
2025-11-15 19:38:31 - INFO - [__main__] - [INFO] Approximate FPS: 12.10
2025-11-15 19:38:39 - INFO - [__main__] - [INFO] Approximate FPS: 11.95
2025-11-15 19:38:48 - INFO - [__main__] - [INFO] Approximate FPS: 11.82
2025-11-15 19:38:57 - INFO - [__main__] - [INFO] Approximate FPS: 10.13
2025-11-15 19:39:07 - INFO - [__main__] - [INFO] Approximate FPS: 9.97
2025-11-15 19:39:17 - INFO - [__main__] - [INFO] Approximate FPS: 10.31
2025-11-15 19:39:27 - INFO - [__main__] - [INFO] Approximate FPS: 10.72
2025-11-15 19:39:35 - INFO - [__main__] - [INFO] Approximate FPS: 11.75
2025-11-15 19:39:44 - INFO - [__main__] - [INFO] Approximate FPS: 11.80
2025-11-15 19:39:53 - INFO - [__main__] - [INFO] Approximate FPS: 10.40
2025-11-15 19:40:01 - INFO - [__main__] - [INFO] Approximate FPS: 11.96
2025-11-15 19:40:10 - INFO - [__main__] - [INFO] Approximate FPS: 11.87
2025-11-15 19:40:18 - INFO - [__main__] - [INFO] Approximate FPS: 11.91
2025-11-15 19:40:27 - INFO - [__main__] - [INFO] Approximate FPS: 12.00
2025-11-15 19:40:35 - INFO - [__main__] - [INFO] Approximate FPS: 11.93
2025-11-15 19:40:43 - INFO - [__main__] - [INFO] Approximate FPS: 11.84
2025-11-15 19:40:52 - INFO - [__main__] - [INFO] Approximate FPS: 11.48
2025-11-15 19:41:01 - INFO - [__main__] - [INFO] Approximate FPS: 11.77
2025-11-15 19:41:11 - INFO - [__main__] - [INFO] Approximate FPS: 10.04
2025-11-15 19:41:19 - INFO - [__main__] - [INFO] Approximate FPS: 11.39
2025-11-15 19:41:28 - INFO - [__main__] - [INFO] Approximate FPS: 11.21
2025-11-15 19:41:37 - INFO - [__main__] - [INFO] Approximate FPS: 11.00
2025-11-15 19:41:47 - INFO - [__main__] - [INFO] Approximate FPS: 10.96
2025-11-15 19:42:08 - INFO - [__main__] - [INFO] Approximate FPS: 4.60
2025-11-15 19:42:27 - INFO - [__main__] - [INFO] Approximate FPS: 5.47
2025-11-15 19:42:36 - INFO - [__main__] - [INFO] Approximate FPS: 10.34
2025-11-15 19:42:45 - INFO - [__main__] - [INFO] Approximate FPS: 12.01
2025-11-15 19:42:53 - INFO - [__main__] - [INFO] Approximate FPS: 11.87
2025-11-15 19:43:01 - INFO - [__main__] - [INFO] Approximate FPS: 12.02
2025-11-15 19:43:10 - INFO - [__main__] - [INFO] Approximate FPS: 11.23
2025-11-15 19:43:19 - INFO - [__main__] - [INFO] Approximate FPS: 11.74
2025-11-15 19:43:27 - INFO - [__main__] - [INFO] Approximate FPS: 11.48
2025-11-15 19:43:36 - INFO - [__main__] - [INFO] Approximate FPS: 11.96
2025-11-15 19:43:44 - INFO - [__main__] - [INFO] Approximate FPS: 11.95
2025-11-15 19:43:53 - INFO - [__main__] - [INFO] Approximate FPS: 11.93
2025-11-15 19:44:01 - INFO - [__main__] - [INFO] Approximate FPS: 11.19
2025-11-15 19:44:12 - INFO - [__main__] - [INFO] Approximate FPS: 9.29
2025-11-15 19:44:22 - INFO - [__main__] - [INFO] Approximate FPS: 9.80
2025-11-15 19:44:31 - INFO - [__main__] - [INFO] Approximate FPS: 11.63
2025-11-15 19:44:39 - INFO - [__main__] - [INFO] Approximate FPS: 11.98
2025-11-15 19:44:48 - INFO - [__main__] - [INFO] Approximate FPS: 11.84
2025-11-15 19:44:58 - INFO - [__main__] - [INFO] Approximate FPS: 10.24
2025-11-15 19:45:07 - INFO - [__main__] - [INFO] Approximate FPS: 10.93
2025-11-15 19:45:15 - INFO - [__main__] - [INFO] Approximate FPS: 11.84
2025-11-15 19:45:24 - INFO - [__main__] - [INFO] Approximate FPS: 11.95
2025-11-15 19:45:32 - INFO - [__main__] - [INFO] Approximate FPS: 11.43
2025-11-15 19:45:41 - INFO - [__main__] - [INFO] Approximate FPS: 11.66
2025-11-15 19:45:50 - INFO - [__main__] - [INFO] Approximate FPS: 11.18
2025-11-15 19:45:59 - INFO - [__main__] - [INFO] Approximate FPS: 11.28
2025-11-15 19:46:08 - INFO - [__main__] - [INFO] Approximate FPS: 11.09
2025-11-15 19:46:16 - INFO - [__main__] - [INFO] Approximate FPS: 11.73
2025-11-15 19:46:25 - INFO - [__main__] - [INFO] Approximate FPS: 11.99
2025-11-15 19:46:34 - INFO - [__main__] - [INFO] Approximate FPS: 11.20
2025-11-15 19:46:42 - INFO - [__main__] - [INFO] Approximate FPS: 11.91
2025-11-15 19:46:50 - INFO - [__main__] - [INFO] Approximate FPS: 11.94
2025-11-15 19:46:59 - INFO - [__main__] - [INFO] Approximate FPS: 11.93
2025-11-15 19:47:08 - INFO - [__main__] - [INFO] Approximate FPS: 11.18
2025-11-15 19:47:17 - INFO - [__main__] - [INFO] Approximate FPS: 10.90
2025-11-15 19:47:32 - INFO - [__main__] - [INFO] Approximate FPS: 6.39
2025-11-15 19:47:43 - INFO - [__main__] - [INFO] Approximate FPS: 9.85
2025-11-15 19:47:55 - INFO - [__main__] - [INFO] Approximate FPS: 8.28
2025-11-15 19:48:06 - INFO - [__main__] - [INFO] Approximate FPS: 8.68
2025-11-15 19:48:15 - INFO - [__main__] - [INFO] Approximate FPS: 11.18
2025-11-15 19:48:25 - INFO - [__main__] - [INFO] Approximate FPS: 9.98
2025-11-15 19:48:36 - INFO - [__main__] - [INFO] Approximate FPS: 9.15
2025-11-15 19:48:48 - INFO - [__main__] - [INFO] Approximate FPS: 8.71
2025-11-15 19:48:57 - INFO - [__main__] - [INFO] Approximate FPS: 10.39
2025-11-15 19:49:06 - INFO - [__main__] - [INFO] Approximate FPS: 11.83
2025-11-15 19:49:14 - INFO - [__main__] - [INFO] Approximate FPS: 11.75
2025-11-15 19:49:23 - INFO - [__main__] - [INFO] Approximate FPS: 11.84
2025-11-15 19:49:34 - INFO - [__main__] - [INFO] Approximate FPS: 8.67
2025-11-15 19:49:46 - INFO - [__main__] - [INFO] Approximate FPS: 8.50
2025-11-15 19:49:56 - INFO - [__main__] - [INFO] Approximate FPS: 10.23
2025-11-15 19:50:05 - INFO - [__main__] - [INFO] Approximate FPS: 10.86
2025-11-15 19:50:14 - INFO - [__main__] - [INFO] Approximate FPS: 11.48
2025-11-15 19:50:22 - INFO - [__main__] - [INFO] Approximate FPS: 11.56
2025-11-15 19:50:32 - INFO - [__main__] - [INFO] Approximate FPS: 10.33
2025-11-15 19:50:40 - INFO - [__main__] - [INFO] Approximate FPS: 11.84
2025-11-15 19:50:51 - INFO - [__main__] - [INFO] Approximate FPS: 9.79
2025-11-15 19:51:01 - INFO - [__main__] - [INFO] Approximate FPS: 9.67
2025-11-15 19:51:12 - INFO - [__main__] - [INFO] Approximate FPS: 9.14
2025-11-15 19:51:21 - INFO - [__main__] - [INFO] Approximate FPS: 11.00
2025-11-15 19:51:30 - INFO - [__main__] - [INFO] Approximate FPS: 10.67
2025-11-15 19:51:40 - INFO - [__main__] - [INFO] Approximate FPS: 10.75
2025-11-15 19:51:54 - INFO - [__main__] - [INFO] Approximate FPS: 6.96
2025-11-15 19:52:16 - INFO - [__main__] - [INFO] Approximate FPS: 4.52
2025-11-15 19:52:26 - INFO - [__main__] - [INFO] Approximate FPS: 10.36
2025-11-15 19:52:36 - INFO - [__main__] - [INFO] Approximate FPS: 9.81
2025-11-15 19:52:45 - INFO - [__main__] - [INFO] Approximate FPS: 10.80
2025-11-15 19:52:59 - INFO - [__main__] - [INFO] Approximate FPS: 7.48
2025-11-15 19:53:10 - INFO - [__main__] - [INFO] Approximate FPS: 8.55
2025-11-15 19:53:19 - INFO - [__main__] - [INFO] Approximate FPS: 11.82
2025-11-15 19:53:29 - INFO - [__main__] - [INFO] Approximate FPS: 10.20
2025-11-15 19:53:37 - INFO - [__main__] - [INFO] Approximate FPS: 11.54
2025-11-15 19:53:46 - INFO - [__main__] - [INFO] Approximate FPS: 11.85
2025-11-15 19:53:54 - INFO - [__main__] - [INFO] Approximate FPS: 11.82
2025-11-15 19:54:03 - INFO - [__main__] - [INFO] Approximate FPS: 11.74
2025-11-15 19:54:11 - INFO - [__main__] - [INFO] Approximate FPS: 11.72
2025-11-15 19:54:20 - INFO - [__main__] - [INFO] Approximate FPS: 11.70
2025-11-15 19:54:28 - INFO - [__main__] - [INFO] Approximate FPS: 11.58
2025-11-15 19:54:37 - INFO - [__main__] - [INFO] Approximate FPS: 11.07
2025-11-15 19:54:46 - INFO - [__main__] - [INFO] Approximate FPS: 11.71
2025-11-15 19:54:55 - INFO - [__main__] - [INFO] Approximate FPS: 11.58
2025-11-15 19:55:03 - INFO - [__main__] - [INFO] Approximate FPS: 11.81
2025-11-15 19:55:13 - INFO - [__main__] - [INFO] Approximate FPS: 9.82
2025-11-15 19:55:22 - INFO - [__main__] - [INFO] Approximate FPS: 11.92
2025-11-15 19:55:30 - INFO - [__main__] - [INFO] Approximate FPS: 11.90
2025-11-15 19:55:38 - INFO - [__main__] - [INFO] Approximate FPS: 11.83
2025-11-15 19:55:47 - INFO - [__main__] - [INFO] Approximate FPS: 11.79
2025-11-15 19:55:55 - INFO - [__main__] - [INFO] Approximate FPS: 11.71
2025-11-15 19:56:04 - INFO - [__main__] - [INFO] Approximate FPS: 11.58
2025-11-15 19:56:13 - INFO - [__main__] - [INFO] Approximate FPS: 11.54
2025-11-15 19:56:21 - INFO - [__main__] - [INFO] Approximate FPS: 11.56
2025-11-15 19:56:30 - INFO - [__main__] - [INFO] Approximate FPS: 11.68
2025-11-15 19:56:39 - INFO - [__main__] - [INFO] Approximate FPS: 11.62
2025-11-15 19:56:47 - INFO - [__main__] - [INFO] Approximate FPS: 11.68
2025-11-15 19:56:56 - INFO - [__main__] - [INFO] Approximate FPS: 11.76
2025-11-15 19:57:04 - INFO - [__main__] - [INFO] Approximate FPS: 11.59
2025-11-15 19:57:13 - INFO - [__main__] - [INFO] Approximate FPS: 11.71
2025-11-15 19:57:21 - INFO - [__main__] - [INFO] Approximate FPS: 11.82
2025-11-15 19:57:30 - INFO - [__main__] - [INFO] Approximate FPS: 11.69
2025-11-15 19:57:38 - INFO - [__main__] - [INFO] Approximate FPS: 11.82
2025-11-15 19:57:47 - INFO - [__main__] - [INFO] Approximate FPS: 11.74
2025-11-15 19:57:55 - INFO - [__main__] - [INFO] Approximate FPS: 11.87
2025-11-15 19:58:04 - INFO - [__main__] - [INFO] Approximate FPS: 11.88
2025-11-15 19:58:12 - INFO - [__main__] - [INFO] Approximate FPS: 11.69
2025-11-15 19:58:21 - INFO - [__main__] - [INFO] Approximate FPS: 11.82
2025-11-15 19:58:29 - INFO - [__main__] - [INFO] Approximate FPS: 11.79
2025-11-15 19:58:38 - INFO - [__main__] - [INFO] Approximate FPS: 11.80
2025-11-15 19:58:46 - INFO - [__main__] - [INFO] Approximate FPS: 11.79
2025-11-15 19:58:55 - INFO - [__main__] - [INFO] Approximate FPS: 11.86
2025-11-15 19:59:03 - INFO - [__main__] - [INFO] Approximate FPS: 11.89
2025-11-15 19:59:12 - INFO - [__main__] - [INFO] Approximate FPS: 11.65
2025-11-15 19:59:20 - INFO - [__main__] - [INFO] Approximate FPS: 11.87
2025-11-15 19:59:28 - INFO - [__main__] - [INFO] Approximate FPS: 11.86
2025-11-15 19:59:37 - INFO - [__main__] - [INFO] Approximate FPS: 11.80
2025-11-15 19:59:45 - INFO - [__main__] - [INFO] Approximate FPS: 11.91
2025-11-15 19:59:54 - INFO - [__main__] - [INFO] Approximate FPS: 11.87
2025-11-15 20:00:02 - INFO - [__main__] - [INFO] Approximate FPS: 11.91
2025-11-15 20:00:11 - INFO - [__main__] - [INFO] Approximate FPS: 11.72
2025-11-15 20:00:19 - INFO - [__main__] - [INFO] Approximate FPS: 11.83
2025-11-15 20:00:28 - INFO - [__main__] - [INFO] Approximate FPS: 10.95
2025-11-15 20:00:38 - INFO - [__main__] - [INFO] Approximate FPS: 10.40
2025-11-15 20:00:48 - INFO - [__main__] - [INFO] Approximate FPS: 9.56
2025-11-15 20:00:57 - INFO - [__main__] - [INFO] Approximate FPS: 12.02
2025-11-15 20:01:06 - INFO - [__main__] - [INFO] Approximate FPS: 10.76
2025-11-15 20:01:14 - INFO - [__main__] - [INFO] Approximate FPS: 12.01
2025-11-15 20:01:23 - INFO - [__main__] - [INFO] Approximate FPS: 11.97
2025-11-15 20:01:31 - INFO - [__main__] - [INFO] Approximate FPS: 11.97
2025-11-15 20:01:39 - INFO - [__main__] - [INFO] Approximate FPS: 11.97
2025-11-15 20:01:48 - INFO - [__main__] - [INFO] Approximate FPS: 11.94
2025-11-15 20:01:56 - INFO - [__main__] - [INFO] Approximate FPS: 11.96
2025-11-15 20:02:04 - INFO - [__main__] - [INFO] Approximate FPS: 11.92
2025-11-15 20:02:13 - INFO - [__main__] - [INFO] Approximate FPS: 11.83
2025-11-15 20:02:21 - INFO - [__main__] - [INFO] Approximate FPS: 12.02
2025-11-15 20:02:30 - INFO - [__main__] - [INFO] Approximate FPS: 11.88
2025-11-15 20:02:38 - INFO - [__main__] - [INFO] Approximate FPS: 11.93
2025-11-15 20:02:46 - INFO - [__main__] - [INFO] Approximate FPS: 11.93
2025-11-15 20:02:55 - INFO - [__main__] - [INFO] Approximate FPS: 11.95
2025-11-15 20:03:03 - INFO - [__main__] - [INFO] Approximate FPS: 11.88
2025-11-15 20:03:12 - INFO - [__main__] - [INFO] Approximate FPS: 11.81
2025-11-15 20:03:20 - INFO - [__main__] - [INFO] Approximate FPS: 11.89
2025-11-15 20:03:28 - INFO - [__main__] - [INFO] Approximate FPS: 11.95
2025-11-15 20:03:37 - INFO - [__main__] - [INFO] Approximate FPS: 11.97
2025-11-15 20:03:45 - INFO - [__main__] - [INFO] Approximate FPS: 12.00
2025-11-15 20:03:53 - INFO - [__main__] - [INFO] Approximate FPS: 12.03
2025-11-15 20:04:02 - INFO - [__main__] - [INFO] Approximate FPS: 11.99
2025-11-15 20:04:12 - INFO - [__main__] - [INFO] Approximate FPS: 10.14
2025-11-15 20:04:20 - INFO - [__main__] - [INFO] Approximate FPS: 11.92
2025-11-15 20:04:30 - INFO - [__main__] - [INFO] Approximate FPS: 9.92
2025-11-15 20:04:40 - INFO - [__main__] - [INFO] Approximate FPS: 10.21
2025-11-15 20:04:49 - INFO - [__main__] - [INFO] Approximate FPS: 10.45
2025-11-15 20:05:01 - INFO - [__main__] - [INFO] Approximate FPS: 8.83
2025-11-15 20:05:11 - INFO - [__main__] - [INFO] Approximate FPS: 9.82
2025-11-15 20:05:21 - INFO - [__main__] - [INFO] Approximate FPS: 9.69
2025-11-15 20:05:31 - INFO - [__main__] - [INFO] Approximate FPS: 10.35
2025-11-15 20:05:40 - INFO - [__main__] - [INFO] Approximate FPS: 11.31
2025-11-15 20:05:49 - INFO - [__main__] - [INFO] Approximate FPS: 10.80
2025-11-15 20:05:59 - INFO - [__main__] - [INFO] Approximate FPS: 10.20
2025-11-15 20:06:09 - INFO - [__main__] - [INFO] Approximate FPS: 9.52
2025-11-15 20:06:20 - INFO - [__main__] - [INFO] Approximate FPS: 9.75
2025-11-15 20:06:29 - INFO - [__main__] - [INFO] Approximate FPS: 10.61
2025-11-15 20:06:39 - INFO - [__main__] - [INFO] Approximate FPS: 9.57
2025-11-15 20:06:50 - INFO - [__main__] - [INFO] Approximate FPS: 9.19
2025-11-15 20:07:02 - INFO - [__main__] - [INFO] Approximate FPS: 8.95
2025-11-15 20:07:13 - INFO - [__main__] - [INFO] Approximate FPS: 8.41
2025-11-15 20:07:25 - INFO - [__main__] - [INFO] Approximate FPS: 8.62
2025-11-15 20:07:38 - INFO - [__main__] - [INFO] Approximate FPS: 7.59
2025-11-15 20:07:48 - INFO - [__main__] - [INFO] Approximate FPS: 10.50
2025-11-15 20:07:59 - INFO - [__main__] - [INFO] Approximate FPS: 8.60
2025-11-15 20:08:12 - INFO - [__main__] - [INFO] Approximate FPS: 7.68
2025-11-15 20:08:23 - INFO - [__main__] - [INFO] Approximate FPS: 9.42
2025-11-15 20:08:33 - INFO - [__main__] - [INFO] Approximate FPS: 9.63
2025-11-15 20:08:43 - INFO - [__main__] - [INFO] Approximate FPS: 10.77
2025-11-15 20:08:51 - INFO - [__main__] - [INFO] Approximate FPS: 11.90
2025-11-15 20:09:00 - INFO - [__main__] - [INFO] Approximate FPS: 11.87
2025-11-15 20:09:08 - INFO - [__main__] - [INFO] Approximate FPS: 11.94
2025-11-15 20:09:16 - INFO - [__main__] - [INFO] Approximate FPS: 11.90
2025-11-15 20:09:25 - INFO - [__main__] - [INFO] Approximate FPS: 11.62
2025-11-15 20:09:34 - INFO - [__main__] - [INFO] Approximate FPS: 10.81
2025-11-15 20:09:43 - INFO - [__main__] - [INFO] Approximate FPS: 11.47
2025-11-15 20:09:51 - INFO - [__main__] - [INFO] Approximate FPS: 11.64
2025-11-15 20:10:02 - INFO - [__main__] - [INFO] Approximate FPS: 9.52
2025-11-15 20:10:12 - INFO - [__main__] - [INFO] Approximate FPS: 10.40
2025-11-15 20:10:22 - INFO - [__main__] - [INFO] Approximate FPS: 9.90
2025-11-15 20:10:31 - INFO - [__main__] - [INFO] Approximate FPS: 10.31
2025-11-15 20:10:42 - INFO - [__main__] - [INFO] Approximate FPS: 9.37
2025-11-15 20:10:51 - INFO - [__main__] - [INFO] Approximate FPS: 11.59
2025-11-15 20:11:00 - INFO - [__main__] - [INFO] Approximate FPS: 11.35
2025-11-15 20:11:11 - INFO - [__main__] - [INFO] Approximate FPS: 9.04
2025-11-15 20:11:21 - INFO - [__main__] - [INFO] Approximate FPS: 9.52
2025-11-15 20:11:30 - INFO - [__main__] - [INFO] Approximate FPS: 11.47
2025-11-15 20:11:39 - INFO - [__main__] - [INFO] Approximate FPS: 11.29
2025-11-15 20:11:47 - INFO - [__main__] - [INFO] Approximate FPS: 11.42
2025-11-15 20:11:57 - INFO - [__main__] - [INFO] Approximate FPS: 10.34
2025-11-15 20:12:08 - INFO - [__main__] - [INFO] Approximate FPS: 9.00
2025-11-15 20:12:17 - INFO - [__main__] - [INFO] Approximate FPS: 11.56
2025-11-15 20:12:25 - INFO - [__main__] - [INFO] Approximate FPS: 11.68
2025-11-15 20:12:34 - INFO - [__main__] - [INFO] Approximate FPS: 11.72
2025-11-15 20:12:43 - INFO - [__main__] - [INFO] Approximate FPS: 11.66
2025-11-15 20:12:51 - INFO - [__main__] - [INFO] Approximate FPS: 11.47
2025-11-15 20:13:00 - INFO - [__main__] - [INFO] Approximate FPS: 11.66
2025-11-15 20:13:08 - INFO - [__main__] - [INFO] Approximate FPS: 11.63
2025-11-15 20:13:17 - INFO - [__main__] - [INFO] Approximate FPS: 11.67
2025-11-15 20:13:26 - INFO - [__main__] - [INFO] Approximate FPS: 11.12
2025-11-15 20:13:36 - INFO - [__main__] - [INFO] Approximate FPS: 9.91
2025-11-15 20:13:45 - INFO - [__main__] - [INFO] Approximate FPS: 11.44
2025-11-15 20:13:53 - INFO - [__main__] - [INFO] Approximate FPS: 11.93
2025-11-15 20:14:02 - INFO - [__main__] - [INFO] Approximate FPS: 11.82
2025-11-15 20:14:10 - INFO - [__main__] - [INFO] Approximate FPS: 11.75
2025-11-15 20:14:21 - INFO - [__main__] - [INFO] Approximate FPS: 9.60
2025-11-15 20:14:29 - INFO - [__main__] - [INFO] Approximate FPS: 11.84
2025-11-15 20:14:38 - INFO - [__main__] - [INFO] Approximate FPS: 10.71
