2025-11-15 20:39:42,777 - INFO - Starting OWL - checking imports...
2025-11-15 20:39:46,387 - INFO - All required modules imported successfully
2025-11-15 20:39:46 - INFO - [__main__] - Initializing OWL...
2025-11-15 20:39:46 - INFO - [__main__] - Starting OWL version 2.1.0
2025-11-15 20:39:46 - INFO - [__main__] - System Information: OS: Linux 6.12.25+rpt-rpi-2712, Machine: aarch64
2025-11-15 20:39:46 - INFO - [__main__] - Python Version: 3.11.2 (main, Apr 28 2025, 14:11:48) [GCC 12.2.0], Implementation: CPython, Compiler: GCC 12.2.0
2025-11-15 20:39:46 - INFO - [__main__] - Hardware: Raspberry Pi 5 Model B Rev 1.0
fatal : ni ceci ni aucun de ses répertoires parents n'est un dépôt git : .git
2025-11-15 20:39:46 - WARNING - [SystemInfo] - Git information could not be retrieved: Command '['git', 'rev-parse', '--short', 'HEAD']' returned non-zero exit status 128.
2025-11-15 20:39:46 - INFO - [__main__] - Git information not available.
2025-11-15 20:39:46 - WARNING - [utils.config_manager] - Unknown keys in section [Relays]: 9, 5, 7, 8, 4, 6
2025-11-15 20:39:46 - INFO - [utils.config_manager] - Successfully loaded and validated config: /home/owl/owl/config/DAY_SENSITIVITY_2.ini
2025-11-15 20:39:46 - INFO - [__main__] - Raspberry Pi version: rpi-5
2025-11-15 20:39:46 - ERROR - [utils.output_manager] - Failed to initialize RelayCo2025-11-15 20:39:47 - INFO - [utils.output_manager] - [INFO] Nozzle setup complete. Initiating camera...
2025-11-15 20:39:47 - WARNING - [__main__] - High resolution, expect low framerate. Resolution set to 1024x768.
2025-11-15 20:39:47 - INFO - [utils.video_manager] - Camera type: Picamera2Stream
2025-11-15 20:39:47 - INFO - [utils.video_manager] - Setting camera format
2025-11-15 20:39:47 - INFO - [utils.video_manager] - Setting camera controls
[0:00:11.098930121] [832] [1;32m INFO [1;37mCamera [1;34mcamera_manager.cpp:326 [0mlibcamera v0.5.0+59-d83ff0a4
[0:00:11.106697398] [1457] [1;32m INFO [1;37mRPI [1;34mpisp.cpp:720 [0mlibpisp version v1.2.1 981977ff21f3 29-04-2025 (14:13:50)
[0:00:11.117154843] [1457] [1;32m INFO [1;37mRPI [1;34mpisp.cpp:1179 [0mRegistered camera /base/axi/pcie@1000120000/rp1/i2c@80000/imx296@1a to CFE device /dev/media0 and ISP device /dev/media2 using PiSP variant BCM2712_C0
2025-11-15 20:39:47 - INFO - [picamera2.picamera2] - Initialization successful.
2025-11-15 20:39:47 - INFO - [picamera2.picamera2] - Camera now open.
2025-11-15 20:39:47 - INFO - [utils.video_manager] - [INFO] Using IMX296 Global Shutter Camera
2025-11-15 20:39:47 - INFO - [picamera2.picamera2] - Camera configuration has been adjusted!
[0:00:11.121321787] [832] [1;32m INFO [1;37mCamera [1;34mcamera.cpp:1205 [0mconfiguring streams: (0) 1024x768-RGB888 (1) 1456x1088-RGGB_PISP_COMP1
[0:00:11.121459639] [1457] [1;32m INFO [1;37mRPI [1;34mpisp.cpp:1483 [0mSensor: /base/axi/pcie@1000120000/rp1/i2c@80000/imx296@1a - Selected sensor format: 1456x1088-SRGGB10_1X10 - Selected CFE format: 1456x1088-PC1R
2025-11-15 20:39:47 - INFO - [picamera2.picamera2] - Configuration successful!
2025-11-15 20:39:48 - INFO - [picamera2.picamera2] - Camera started
2025-11-15 20:39:54 - INFO - [utils.greenongreen] - Using NCNN model from models/best_ncnn_model
WARNING ⚠️ Unable to automatically guess model task, assuming 'task=detect'. Explicitly define task for your model, i.e. 'task=detect', 'segment', 'classify','pose' or 'obb'.
Loading models/best_ncnn_model for NCNN inference...
2025-11-15 20:40:05 - INFO - [__main__] - [INFO] Approximate FPS: 6.76
2025-11-15 20:41:03 - INFO - [__main__] - [INFO] Approximate FPS: 1.72
2025-11-15 20:41:15 - INFO - [__main__] - [INFO] Approximate FPS: 8.46
2025-11-15 20:41:27 - INFO - [__main__] - [INFO] Approximate FPS: 8.80
2025-11-15 20:41:38 - INFO - [__main__] - [INFO] Approximate FPS: 9.00
2025-11-15 20:41:50 - INFO - [__main__] - [INFO] Approximate FPS: 8.31
2025-11-15 20:41:59 - INFO - [__main__] - [INFO] Approximate FPS: 10.43
2025-11-15 20:42:08 - INFO - [__main__] - [INFO] Approximate FPS: 11.33
2025-11-15 20:42:16 - INFO - [__main__] - [INFO] Approximate FPS: 11.89
2025-11-15 20:42:25 - INFO - [__main__] - [INFO] Approximate FPS: 11.95
2025-11-15 20:42:33 - INFO - [__main__] - [INFO] Approximate FPS: 11.66
2025-11-15 20:42:42 - INFO - [__main__] - [INFO] Approximate FPS: 11.87
2025-11-15 20:42:50 - INFO - [__main__] - [INFO] Approximate FPS: 11.68
2025-11-15 20:42:59 - INFO - [__main__] - [INFO] Approximate FPS: 11.48
2025-11-15 20:43:08 - INFO - [__main__] - [INFO] Approximate FPS: 11.92
2025-11-15 20:43:16 - INFO - [__main__] - [INFO] Approximate FPS: 12.09
2025-11-15 20:43:24 - INFO - [__main__] - [INFO] Approximate FPS: 12.02
2025-11-15 20:43:32 - INFO - [__main__] - [INFO] Approximate FPS: 11.92
2025-11-15 20:43:41 - INFO - [__main__] - [INFO] Approximate FPS: 12.12
2025-11-15 20:43:49 - INFO - [__main__] - [INFO] Approximate FPS: 11.98
2025-11-15 20:43:57 - INFO - [__main__] - [INFO] Approximate FPS: 12.08
2025-11-15 20:44:06 - INFO - [__main__] - [INFO] Approximate FPS: 11.93
2025-11-15 20:44:14 - INFO - [__main__] - [INFO] Approximate FPS: 11.99
2025-11-15 20:44:22 - INFO - [__main__] - [INFO] Approximate FPS: 11.97
2025-11-15 20:44:31 - INFO - [__main__] - [INFO] Approximate FPS: 11.91
2025-11-15 20:44:39 - INFO - [__main__] - [INFO] Approximate FPS: 11.94
2025-11-15 20:44:48 - INFO - [__main__] - [INFO] Approximate FPS: 12.00
2025-11-15 20:44:56 - INFO - [__main__] - [INFO] Approximate FPS: 12.08
2025-11-15 20:45:04 - INFO - [__main__] - [INFO] Approximate FPS: 11.89
2025-11-15 20:45:12 - INFO - [__main__] - [INFO] Approximate FPS: 12.15
2025-11-15 20:45:21 - INFO - [__main__] - [INFO] Approximate FPS: 12.08
2025-11-15 20:45:29 - INFO - [__main__] - [INFO] Approximate FPS: 12.00
2025-11-15 20:45:37 - INFO - [__main__] - [INFO] Approximate FPS: 11.93
2025-11-15 20:45:46 - INFO - [__main__] - [INFO] Approximate FPS: 12.03
2025-11-15 20:45:54 - INFO - [__main__] - [INFO] Approximate FPS: 11.98
2025-11-15 20:46:02 - INFO - [__main__] - [INFO] Approximate FPS: 11.97
2025-11-15 20:46:11 - INFO - [__main__] - [INFO] Approximate FPS: 12.08
2025-11-15 20:46:19 - INFO - [__main__] - [INFO] Approximate FPS: 12.11
2025-11-15 20:46:27 - INFO - [__main__] - [INFO] Approximate FPS: 12.00
2025-11-15 20:46:36 - INFO - [__main__] - [INFO] Approximate FPS: 11.92
2025-11-15 20:46:44 - INFO - [__main__] - [INFO] Approximate FPS: 12.05
2025-11-15 20:46:52 - INFO - [__main__] - [INFO] Approximate FPS: 12.10
2025-11-15 20:47:01 - INFO - [__main__] - [INFO] Approximate FPS: 11.98
2025-11-15 20:47:09 - INFO - [__main__] - [INFO] Approximate FPS: 11.98
2025-11-15 20:47:17 - INFO - [__main__] - [INFO] Approximate FPS: 12.05
2025-11-15 20:47:26 - INFO - [__main__] - [INFO] Approximate FPS: 12.02
2025-11-15 20:47:34 - INFO - [__main__] - [INFO] Approximate FPS: 11.96
2025-11-15 20:47:42 - INFO - [__main__] - [INFO] Approximate FPS: 12.01
2025-11-15 20:47:51 - INFO - [__main__] - [INFO] Approximate FPS: 12.03
2025-11-15 20:47:59 - INFO - [__main__] - [INFO] Approximate FPS: 12.03
2025-11-15 20:48:07 - INFO - [__main__] - [INFO] Approximate FPS: 11.96
2025-11-15 20:48:16 - INFO - [__main__] - [INFO] Approximate FPS: 12.07
2025-11-15 20:48:24 - INFO - [__main__] - [INFO] Approximate FPS: 12.03
2025-11-15 20:48:32 - INFO - [__main__] - [INFO] Approximate FPS: 11.97
2025-11-15 20:48:41 - INFO - [__main__] - [INFO] Approximate FPS: 11.95
2025-11-15 20:48:49 - INFO - [__main__] - [INFO] Approximate FPS: 12.06
2025-11-15 20:48:57 - INFO - [__main__] - [INFO] Approximate FPS: 11.97
2025-11-15 20:49:06 - INFO - [__main__] - [INFO] Approximate FPS: 11.98
2025-11-15 20:49:14 - INFO - [__main__] - [INFO] Approximate FPS: 12.09
2025-11-15 20:49:22 - INFO - [__main__] - [INFO] Approximate FPS: 12.04
2025-11-15 20:49:31 - INFO - [__main__] - [INFO] Approximate FPS: 11.97
2025-11-15 20:49:39 - INFO - [__main__] - [INFO] Approximate FPS: 12.03
2025-11-15 20:49:47 - INFO - [__main__] - [INFO] Approximate FPS: 12.04
2025-11-15 20:49:56 - INFO - [__main__] - [INFO] Approximate FPS: 11.99
2025-11-15 20:50:04 - INFO - [__main__] - [INFO] Approximate FPS: 11.97
2025-11-15 20:50:12 - INFO - [__main__] - [INFO] Approximate FPS: 12.03
2025-11-15 20:50:20 - INFO - [__main__] - [INFO] Approximate FPS: 12.03
2025-11-15 20:50:29 - INFO - [__main__] - [INFO] Approximate FPS: 12.05
2025-11-15 20:50:37 - INFO - [__main__] - [INFO] Approximate FPS: 11.88
2025-11-15 20:50:46 - INFO - [__main__] - [INFO] Approximate FPS: 11.98
2025-11-15 20:50:54 - INFO - [__main__] - [INFO] Approximate FPS: 12.01
2025-11-15 20:51:02 - INFO - [__main__] - [INFO] Approximate FPS: 11.90
2025-11-15 20:51:11 - INFO - [__main__] - [INFO] Approximate FPS: 12.06
2025-11-15 20:51:19 - INFO - [__main__] - [INFO] Approximate FPS: 12.10
2025-11-15 20:51:27 - INFO - [__main__] - [INFO] Approximate FPS: 12.04
2025-11-15 20:51:36 - INFO - [__main__] - [INFO] Approximate FPS: 11.95
2025-11-15 20:51:44 - INFO - [__main__] - [INFO] Approximate FPS: 12.07
2025-11-15 20:51:52 - INFO - [__main__] - [INFO] Approximate FPS: 12.04
2025-11-15 20:52:00 - INFO - [__main__] - [INFO] Approximate FPS: 12.01
2025-11-15 20:52:09 - INFO - [__main__] - [INFO] Approximate FPS: 12.04
2025-11-15 20:52:17 - INFO - [__main__] - [INFO] Approximate FPS: 12.08
2025-11-15 20:52:25 - INFO - [__main__] - [INFO] Approximate FPS: 11.96
2025-11-15 20:52:34 - INFO - [__main__] - [INFO] Approximate FPS: 12.08
2025-11-15 20:52:42 - INFO - [__main__] - [INFO] Approximate FPS: 12.04
2025-11-15 20:52:50 - INFO - [__main__] - [INFO] Approximate FPS: 11.96
2025-11-15 20:52:59 - INFO - [__main__] - [INFO] Approximate FPS: 12.07
2025-11-15 20:53:07 - INFO - [__main__] - [INFO] Approximate FPS: 12.05
2025-11-15 20:53:15 - INFO - [__main__] - [INFO] Approximate FPS: 12.07
2025-11-15 20:53:24 - INFO - [__main__] - [INFO] Approximate FPS: 12.00
2025-11-15 20:53:32 - INFO - [__main__] - [INFO] Approximate FPS: 11.99
2025-11-15 20:53:40 - INFO - [__main__] - [INFO] Approximate FPS: 11.99
2025-11-15 20:53:48 - INFO - [__main__] - [INFO] Approximate FPS: 12.09
2025-11-15 20:53:57 - INFO - [__main__] - [INFO] Approximate FPS: 12.02
2025-11-15 20:54:05 - INFO - [__main__] - [INFO] Approximate FPS: 12.01
2025-11-15 20:54:13 - INFO - [__main__] - [INFO] Approximate FPS: 11.97
2025-11-15 20:54:22 - INFO - [__main__] - [INFO] Approximate FPS: 12.08
2025-11-15 20:54:30 - INFO - [__main__] - [INFO] Approximate FPS: 12.07
2025-11-15 20:54:38 - INFO - [__main__] - [INFO] Approximate FPS: 12.03
2025-11-15 20:54:47 - INFO - [__main__] - [INFO] Approximate FPS: 12.04
2025-11-15 20:54:55 - INFO - [__main__] - [INFO] Approximate FPS: 11.97
2025-11-15 20:55:03 - INFO - [__main__] - [INFO] Approximate FPS: 12.05
2025-11-15 20:55:12 - INFO - [__main__] - [INFO] Approximate FPS: 12.05
2025-11-15 20:55:20 - INFO - [__main__] - [INFO] Approximate FPS: 11.97
2025-11-15 20:55:28 - INFO - [__main__] - [INFO] Approximate FPS: 12.04
2025-11-15 20:55:37 - INFO - [__main__] - [INFO] Approximate FPS: 11.98
2025-11-15 20:55:45 - INFO - [__main__] - [INFO] Approximate FPS: 12.01
2025-11-15 20:55:53 - INFO - [__main__] - [INFO] Approximate FPS: 12.08
2025-11-15 20:56:02 - INFO - [__main__] - [INFO] Approximate FPS: 11.89
2025-11-15 20:56:10 - INFO - [__main__] - [INFO] Approximate FPS: 12.00
2025-11-15 20:56:18 - INFO - [__main__] - [INFO] Approximate FPS: 12.01
2025-11-15 20:56:27 - INFO - [__main__] - [INFO] Approximate FPS: 12.07
2025-11-15 20:56:35 - INFO - [__main__] - [INFO] Approximate FPS: 12.07
2025-11-15 20:56:43 - INFO - [__main__] - [INFO] Approximate FPS: 12.00
2025-11-15 20:56:52 - INFO - [__main__] - [INFO] Approximate FPS: 12.00
2025-11-15 20:57:00 - INFO - [__main__] - [INFO] Approximate FPS: 12.00
2025-11-15 20:57:08 - INFO - [__main__] - [INFO] Approximate FPS: 11.94
2025-11-15 20:57:17 - INFO - [__main__] - [INFO] Approximate FPS: 12.01
2025-11-15 20:57:25 - INFO - [__main__] - [INFO] Approximate FPS: 12.04
2025-11-15 20:57:33 - INFO - [__main__] - [INFO] Approximate FPS: 11.97
2025-11-15 20:57:42 - INFO - [__main__] - [INFO] Approximate FPS: 12.03
2025-11-15 20:57:50 - INFO - [__main__] - [INFO] Approximate FPS: 11.99
2025-11-15 20:57:58 - INFO - [__main__] - [INFO] Approximate FPS: 12.10
2025-11-15 20:58:07 - INFO - [__main__] - [INFO] Approximate FPS: 11.93
2025-11-15 20:58:15 - INFO - [__main__] - [INFO] Approximate FPS: 12.00
2025-11-15 20:58:23 - INFO - [__main__] - [INFO] Approximate FPS: 12.04
2025-11-15 20:58:32 - INFO - [__main__] - [INFO] Approximate FPS: 11.96
2025-11-15 20:58:40 - INFO - [__main__] - [INFO] Approximate FPS: 12.03
2025-11-15 20:58:48 - INFO - [__main__] - [INFO] Approximate FPS: 12.04
2025-11-15 20:58:56 - INFO - [__main__] - [INFO] Approximate FPS: 12.00
2025-11-15 20:59:05 - INFO - [__main__] - [INFO] Approximate FPS: 11.93
2025-11-15 20:59:13 - INFO - [__main__] - [INFO] Approximate FPS: 12.04
2025-11-15 20:59:22 - INFO - [__main__] - [INFO] Approximate FPS: 11.94
2025-11-15 20:59:30 - INFO - [__main__] - [INFO] Approximate FPS: 12.09
2025-11-15 20:59:38 - INFO - [__main__] - [INFO] Approximate FPS: 11.96
2025-11-15 20:59:46 - INFO - [__main__] - [INFO] Approximate FPS: 12.05
2025-11-15 20:59:55 - INFO - [__main__] - [INFO] Approximate FPS: 12.00
2025-11-15 21:00:03 - INFO - [__main__] - [INFO] Approximate FPS: 11.92
2025-11-15 21:00:12 - INFO - [__main__] - [INFO] Approximate FPS: 12.02
2025-11-15 21:00:20 - INFO - [__main__] - [INFO] Approximate FPS: 11.97
2025-11-15 21:00:28 - INFO - [__main__] - [INFO] Approximate FPS: 12.08
2025-11-15 21:00:36 - INFO - [__main__] - [INFO] Approximate FPS: 11.96
2025-11-15 21:00:45 - INFO - [__main__] - [INFO] Approximate FPS: 12.05
2025-11-15 21:00:53 - INFO - [__main__] - [INFO] Approximate FPS: 11.95
2025-11-15 21:01:02 - INFO - [__main__] - [INFO] Approximate FPS: 11.99
2025-11-15 21:01:10 - INFO - [__main__] - [INFO] Approximate FPS: 11.95
2025-11-15 21:01:18 - INFO - [__main__] - [INFO] Approximate FPS: 12.10
2025-11-15 21:01:26 - INFO - [__main__] - [INFO] Approximate FPS: 12.02
2025-11-15 21:01:35 - INFO - [__main__] - [INFO] Approximate FPS: 11.96
2025-11-15 21:01:43 - INFO - [__main__] - [INFO] Approximate FPS: 12.05
2025-11-15 21:01:51 - INFO - [__main__] - [INFO] Approximate FPS: 12.07
2025-11-15 21:02:00 - INFO - [__main__] - [INFO] Approximate FPS: 12.06
2025-11-15 21:02:08 - INFO - [__main__] - [INFO] Approximate FPS: 11.96
2025-11-15 21:02:16 - INFO - [__main__] - [INFO] Approximate FPS: 11.98
2025-11-15 21:02:25 - INFO - [__main__] - [INFO] Approximate FPS: 11.97
2025-11-15 21:02:33 - INFO - [__main__] - [INFO] Approximate FPS: 11.97
2025-11-15 21:02:41 - INFO - [__main__] - [INFO] Approximate FPS: 11.98
2025-11-15 21:02:50 - INFO - [__main__] - [INFO] Approximate FPS: 12.03
2025-11-15 21:02:58 - INFO - [__main__] - [INFO] Approximate FPS: 12.02
2025-11-15 21:03:06 - INFO - [__main__] - [INFO] Approximate FPS: 12.00
2025-11-15 21:03:15 - INFO - [__main__] - [INFO] Approximate FPS: 12.07
2025-11-15 21:03:23 - INFO - [__main__] - [INFO] Approximate FPS: 12.03
2025-11-15 21:03:31 - INFO - [__main__] - [INFO] Approximate FPS: 12.03
2025-11-15 21:03:40 - INFO - [__main__] - [INFO] Approximate FPS: 11.93
2025-11-15 21:03:48 - INFO - [__main__] - [INFO] Approximate FPS: 12.12
2025-11-15 21:03:56 - INFO - [__main__] - [INFO] Approximate FPS: 12.03
2025-11-15 21:04:05 - INFO - [__main__] - [INFO] Approximate FPS: 11.91
2025-11-15 21:04:13 - INFO - [__main__] - [INFO] Approximate FPS: 12.02
2025-11-15 21:04:21 - INFO - [__main__] - [INFO] Approximate FPS: 11.90
2025-11-15 21:04:30 - INFO - [__main__] - [INFO] Approximate FPS: 12.01
2025-11-15 21:04:38 - INFO - [__main__] - [INFO] Approximate FPS: 12.02
2025-11-15 21:04:46 - INFO - [__main__] - [INFO] Approximate FPS: 12.05
2025-11-15 21:04:55 - INFO - [__main__] - [INFO] Approximate FPS: 12.03
2025-11-15 21:05:03 - INFO - [__main__] - [INFO] Approximate FPS: 12.00
2025-11-15 21:05:11 - INFO - [__main__] - [INFO] Approximate FPS: 12.03
2025-11-15 21:05:20 - INFO - [__main__] - [INFO] Approximate FPS: 12.01
2025-11-15 21:05:28 - INFO - [__main__] - [INFO] Approximate FPS: 12.00
2025-11-15 21:05:36 - INFO - [__main__] - [INFO] Approximate FPS: 12.03
2025-11-15 21:05:45 - INFO - [__main__] - [INFO] Approximate FPS: 12.07
2025-11-15 21:05:53 - INFO - [__main__] - [INFO] Approximate FPS: 12.02
2025-11-15 21:06:01 - INFO - [__main__] - [INFO] Approximate FPS: 12.02
2025-11-15 21:06:10 - INFO - [__main__] - [INFO] Approximate FPS: 11.97
2025-11-15 21:06:18 - INFO - [__main__] - [INFO] Approximate FPS: 11.97
2025-11-15 21:06:26 - INFO - [__main__] - [INFO] Approximate FPS: 12.02
2025-11-15 21:06:35 - INFO - [__main__] - [INFO] Approximate FPS: 11.96
2025-11-15 21:06:43 - INFO - [__main__] - [INFO] Approximate FPS: 11.92
2025-11-15 21:06:51 - INFO - [__main__] - [INFO] Approximate FPS: 12.04
2025-11-15 21:07:00 - INFO - [__main__] - [INFO] Approximate FPS: 11.99
2025-11-15 21:07:08 - INFO - [__main__] - [INFO] Approximate FPS: 11.97
2025-11-15 21:07:16 - INFO - [__main__] - [INFO] Approximate FPS: 12.07
2025-11-15 21:07:25 - INFO - [__main__] - [INFO] Approximate FPS: 11.98
2025-11-15 21:07:33 - INFO - [__main__] - [INFO] Approximate FPS: 11.97
2025-11-15 21:07:41 - INFO - [__main__] - [INFO] Approximate FPS: 12.09
2025-11-15 21:07:50 - INFO - [__main__] - [INFO] Approximate FPS: 12.09
2025-11-15 21:07:58 - INFO - [__main__] - [INFO] Approximate FPS: 11.99
2025-11-15 21:08:06 - INFO - [__main__] - [INFO] Approximate FPS: 12.00
2025-11-15 21:08:14 - INFO - [__main__] - [INFO] Approximate FPS: 12.05
2025-11-15 21:08:23 - INFO - [__main__] - [INFO] Approximate FPS: 12.09
2025-11-15 21:08:31 - INFO - [__main__] - [INFO] Approximate FPS: 12.00
2025-11-15 21:08:39 - INFO - [__main__] - [INFO] Approximate FPS: 12.03
2025-11-15 21:08:48 - INFO - [__main__] - [INFO] Approximate FPS: 12.03
2025-11-15 21:08:56 - INFO - [__main__] - [INFO] Approximate FPS: 12.02
2025-11-15 21:09:04 - INFO - [__main__] - [INFO] Approximate FPS: 11.96
2025-11-15 21:09:13 - INFO - [__main__] - [INFO] Approximate FPS: 12.05
2025-11-15 21:09:21 - INFO - [__main__] - [INFO] Approximate FPS: 11.92
2025-11-15 21:09:29 - INFO - [__main__] - [INFO] Approximate FPS: 12.05
2025-11-15 21:09:38 - INFO - [__main__] - [INFO] Approximate FPS: 12.08
2025-11-15 21:09:46 - INFO - [__main__] - [INFO] Approximate FPS: 12.01
2025-11-15 21:09:54 - INFO - [__main__] - [INFO] Approximate FPS: 12.05
2025-11-15 21:10:03 - INFO - [__main__] - [INFO] Approximate FPS: 12.01
2025-11-15 21:10:11 - INFO - [__main__] - [INFO] Approximate FPS: 12.04
2025-11-15 21:10:19 - INFO - [__main__] - [INFO] Approximate FPS: 11.98
2025-11-15 21:10:28 - INFO - [__main__] - [INFO] Approximate FPS: 12.01
2025-11-15 21:10:36 - INFO - [__main__] - [INFO] Approximate FPS: 11.91
2025-11-15 21:10:44 - INFO - [__main__] - [INFO] Approximate FPS: 12.02
2025-11-15 21:10:53 - INFO - [__main__] - [INFO] Approximate FPS: 12.00
2025-11-15 21:11:01 - INFO - [__main__] - [INFO] Approximate FPS: 12.07
2025-11-15 21:11:09 - INFO - [__main__] - [INFO] Approximate FPS: 11.96
2025-11-15 21:11:18 - INFO - [__main__] - [INFO] Approximate FPS: 12.03
2025-11-15 21:11:26 - INFO - [__main__] - [INFO] Approximate FPS: 12.01
2025-11-15 21:11:34 - INFO - [__main__] - [INFO] Approximate FPS: 11.93
2025-11-15 21:11:43 - INFO - [__main__] - [INFO] Approximate FPS: 12.05
2025-11-15 21:11:51 - INFO - [__main__] - [INFO] Approximate FPS: 12.06
2025-11-15 21:11:59 - INFO - [__main__] - [INFO] Approximate FPS: 11.97
2025-11-15 21:12:08 - INFO - [__main__] - [INFO] Approximate FPS: 12.04
2025-11-15 21:12:16 - INFO - [__main__] - [INFO] Approximate FPS: 12.03
2025-11-15 21:12:24 - INFO - [__main__] - [INFO] Approximate FPS: 12.12
2025-11-15 21:12:32 - INFO - [__main__] - [INFO] Approximate FPS: 11.96
2025-11-15 21:12:41 - INFO - [__main__] - [INFO] Approximate FPS: 11.94
2025-11-15 21:12:49 - INFO - [__main__] - [INFO] Approximate FPS: 11.97
2025-11-15 21:12:58 - INFO - [__main__] - [INFO] Approximate FPS: 12.06
2025-11-15 21:13:06 - INFO - [__main__] - [INFO] Approximate FPS: 11.97
2025-11-15 21:13:14 - INFO - [__main__] - [INFO] Approximate FPS: 11.99
2025-11-15 21:13:22 - INFO - [__main__] - [INFO] Approximate FPS: 12.08
2025-11-15 21:13:31 - INFO - [__main__] - [INFO] Approximate FPS: 12.01
2025-11-15 21:13:39 - INFO - [__main__] - [INFO] Approximate FPS: 11.91
2025-11-15 21:13:48 - INFO - [__main__] - [INFO] Approximate FPS: 12.04
2025-11-15 21:13:56 - INFO - [__main__] - [INFO] Approximate FPS: 12.11
2025-11-15 21:14:04 - INFO - [__main__] - [INFO] Approximate FPS: 11.94
2025-11-15 21:14:12 - INFO - [__main__] - [INFO] Approximate FPS: 11.99
2025-11-15 21:14:21 - INFO - [__main__] - [INFO] Approximate FPS: 12.05
2025-11-15 21:14:29 - INFO - [__main__] - [INFO] Approximate FPS: 11.98
2025-11-15 21:14:37 - INFO - [__main__] - [INFO] Approximate FPS: 11.97
2025-11-15 21:14:46 - INFO - [__main__] - [INFO] Approximate FPS: 11.92
2025-11-15 21:14:54 - INFO - [__main__] - [INFO] Approximate FPS: 12.05
2025-11-15 21:15:03 - INFO - [__main__] - [INFO] Approximate FPS: 11.99
2025-11-15 21:15:11 - INFO - [__main__] - [INFO] Approximate FPS: 12.01
2025-11-15 21:15:19 - INFO - [__main__] - [INFO] Approximate FPS: 12.05
2025-11-15 21:15:27 - INFO - [__main__] - [INFO] Approximate FPS: 12.05
2025-11-15 21:15:36 - INFO - [__main__] - [INFO] Approximate FPS: 11.96
2025-11-15 21:15:44 - INFO - [__main__] - [INFO] Approximate FPS: 12.11
2025-11-15 21:15:52 - INFO - [__main__] - [INFO] Approximate FPS: 12.12
2025-11-15 21:16:01 - INFO - [__main__] - [INFO] Approximate FPS: 12.00
2025-11-15 21:16:09 - INFO - [__main__] - [INFO] Approximate FPS: 11.94
2025-11-15 21:16:17 - INFO - [__main__] - [INFO] Approximate FPS: 12.02
2025-11-15 21:16:26 - INFO - [__main__] - [INFO] Approximate FPS: 12.02
2025-11-15 21:16:34 - INFO - [__main__] - [INFO] Approximate FPS: 12.00
2025-11-15 21:16:42 - INFO - [__main__] - [INFO] Approximate FPS: 12.01
2025-11-15 21:16:51 - INFO - [__main__] - [INFO] Approximate FPS: 12.00
2025-11-15 21:16:59 - INFO - [__main__] - [INFO] Approximate FPS: 11.96
2025-11-15 21:17:07 - INFO - [__main__] - [INFO] Approximate FPS: 11.92
2025-11-15 21:17:16 - INFO - [__main__] - [INFO] Approximate FPS: 12.01
2025-11-15 21:17:24 - INFO - [__main__] - [INFO] Approximate FPS: 12.01
2025-11-15 21:17:32 - INFO - [__main__] - [INFO] Approximate FPS: 11.88
2025-11-15 21:17:41 - INFO - [__main__] - [INFO] Approximate FPS: 12.01
2025-11-15 21:17:49 - INFO - [__main__] - [INFO] Approximate FPS: 12.06
2025-11-15 21:17:57 - INFO - [__main__] - [INFO] Approximate FPS: 12.03
2025-11-15 21:18:06 - INFO - [__main__] - [INFO] Approximate FPS: 11.98
2025-11-15 21:18:14 - INFO - [__main__] - [INFO] Approximate FPS: 11.99
2025-11-15 21:18:22 - INFO - [__main__] - [INFO] Approximate FPS: 12.09
2025-11-15 21:18:31 - INFO - [__main__] - [INFO] Approximate FPS: 12.04
2025-11-15 21:18:39 - INFO - [__main__] - [INFO] Approximate FPS: 11.84
2025-11-15 21:18:47 - INFO - [__main__] - [INFO] Approximate FPS: 11.98
2025-11-15 21:18:56 - INFO - [__main__] - [INFO] Approximate FPS: 11.98
2025-11-15 21:19:04 - INFO - [__main__] - [INFO] Approximate FPS: 11.96
2025-11-15 21:19:12 - INFO - [__main__] - [INFO] Approximate FPS: 12.05
2025-11-15 21:19:21 - INFO - [__main__] - [INFO] Approximate FPS: 12.03
2025-11-15 21:19:29 - INFO - [__main__] - [INFO] Approximate FPS: 12.05
2025-11-15 21:19:37 - INFO - [__main__] - [INFO] Approximate FPS: 12.00
2025-11-15 21:19:46 - INFO - [__main__] - [INFO] Approximate FPS: 12.04
2025-11-15 21:19:54 - INFO - [__main__] - [INFO] Approximate FPS: 12.08
2025-11-15 21:20:02 - INFO - [__main__] - [INFO] Approximate FPS: 12.02
2025-11-15 21:20:11 - INFO - [__main__] - [INFO] Approximate FPS: 12.05
2025-11-15 21:20:19 - INFO - [__main__] - [INFO] Approximate FPS: 11.98
2025-11-15 21:20:27 - INFO - [__main__] - [INFO] Approximate FPS: 12.00
2025-11-15 21:20:36 - INFO - [__main__] - [INFO] Approximate FPS: 11.96
2025-11-15 21:20:44 - INFO - [__main__] - [INFO] Approximate FPS: 12.02
2025-11-15 21:20:52 - INFO - [__main__] - [INFO] Approximate FPS: 12.03
2025-11-15 21:21:01 - INFO - [__main__] - [INFO] Approximate FPS: 11.99
2025-11-15 21:21:09 - INFO - [__main__] - [INFO] Approximate FPS: 11.89
2025-11-15 21:21:17 - INFO - [__main__] - [INFO] Approximate FPS: 12.03
2025-11-15 21:21:26 - INFO - [__main__] - [INFO] Approximate FPS: 12.04
2025-11-15 21:21:34 - INFO - [__main__] - [INFO] Approximate FPS: 11.96
2025-11-15 21:21:42 - INFO - [__main__] - [INFO] Approximate FPS: 11.98
2025-11-15 21:21:51 - INFO - [__main__] - [INFO] Approximate FPS: 12.01
2025-11-15 21:21:59 - INFO - [__main__] - [INFO] Approximate FPS: 12.04
2025-11-15 21:22:07 - INFO - [__main__] - [INFO] Approximate FPS: 11.93
2025-11-15 21:22:16 - INFO - [__main__] - [INFO] Approximate FPS: 12.02
2025-11-15 21:22:24 - INFO - [__main__] - [INFO] Approximate FPS: 11.99
2025-11-15 21:22:32 - INFO - [__main__] - [INFO] Approximate FPS: 12.06
2025-11-15 21:22:41 - INFO - [__main__] - [INFO] Approximate FPS: 11.93
2025-11-15 21:22:49 - INFO - [__main__] - [INFO] Approximate FPS: 12.08
2025-11-15 21:22:57 - INFO - [__main__] - [INFO] Approximate FPS: 12.03
2025-11-15 21:23:06 - INFO - [__main__] - [INFO] Approximate FPS: 11.98
2025-11-15 21:23:14 - INFO - [__main__] - [INFO] Approximate FPS: 12.09
2025-11-15 21:23:22 - INFO - [__main__] - [INFO] Approximate FPS: 12.02
2025-11-15 21:23:31 - INFO - [__main__] - [INFO] Approximate FPS: 12.04
2025-11-15 21:23:39 - INFO - [__main__] - [INFO] Approximate FPS: 12.02
2025-11-15 21:23:47 - INFO - [__main__] - [INFO] Approximate FPS: 12.09
2025-11-15 21:23:55 - INFO - [__main__] - [INFO] Approximate FPS: 12.00
2025-11-15 21:24:04 - INFO - [__main__] - [INFO] Approximate FPS: 11.95
2025-11-15 21:24:12 - INFO - [__main__] - [INFO] Approximate FPS: 12.03
2025-11-15 21:24:20 - INFO - [__main__] - [INFO] Approximate FPS: 12.12
2025-11-15 21:24:29 - INFO - [__main__] - [INFO] Approximate FPS: 12.03
2025-11-15 21:24:37 - INFO - [__main__] - [INFO] Approximate FPS: 11.98
2025-11-15 21:24:45 - INFO - [__main__] - [INFO] Approximate FPS: 12.04
2025-11-15 21:24:54 - INFO - [__main__] - [INFO] Approximate FPS: 12.05
2025-11-15 21:25:02 - INFO - [__main__] - [INFO] Approximate FPS: 11.96
2025-11-15 21:25:10 - INFO - [__main__] - [INFO] Approximate FPS: 11.94
2025-11-15 21:25:19 - INFO - [__main__] - [INFO] Approximate FPS: 12.04
2025-11-15 21:25:27 - INFO - [__main__] - [INFO] Approximate FPS: 12.09
2025-11-15 21:25:35 - INFO - [__main__] - [INFO] Approximate FPS: 11.95
2025-11-15 21:25:44 - INFO - [__main__] - [INFO] Approximate FPS: 12.01
2025-11-15 21:25:52 - INFO - [__main__] - [INFO] Approximate FPS: 12.05
2025-11-15 21:26:00 - INFO - [__main__] - [INFO] Approximate FPS: 12.03
2025-11-15 21:26:09 - INFO - [__main__] - [INFO] Approximate FPS: 11.92
2025-11-15 21:26:17 - INFO - [__main__] - [INFO] Approximate FPS: 11.99
2025-11-15 21:26:25 - INFO - [__main__] - [INFO] Approximate FPS: 12.06
2025-11-15 21:26:34 - INFO - [__main__] - [INFO] Approximate FPS: 11.92
2025-11-15 21:26:42 - INFO - [__main__] - [INFO] Approximate FPS: 12.02
2025-11-15 21:26:50 - INFO - [__main__] - [INFO] Approximate FPS: 11.98
2025-11-15 21:26:59 - INFO - [__main__] - [INFO] Approximate FPS: 12.09
2025-11-15 21:27:07 - INFO - [__main__] - [INFO] Approximate FPS: 11.98
2025-11-15 21:27:15 - INFO - [__main__] - [INFO] Approximate FPS: 12.05
2025-11-15 21:27:24 - INFO - [__main__] - [INFO] Approximate FPS: 12.01
2025-11-15 21:27:32 - INFO - [__main__] - [INFO] Approximate FPS: 12.02
2025-11-15 21:27:40 - INFO - [__main__] - [INFO] Approximate FPS: 12.00
2025-11-15 21:27:49 - INFO - [__main__] - [INFO] Approximate FPS: 12.08
2025-11-15 21:27:57 - INFO - [__main__] - [INFO] Approximate FPS: 12.02
2025-11-15 21:28:05 - INFO - [__main__] - [INFO] Approximate FPS: 11.98
2025-11-15 21:28:14 - INFO - [__main__] - [INFO] Approximate FPS: 12.06
2025-11-15 21:28:22 - INFO - [__main__] - [INFO] Approximate FPS: 12.04
2025-11-15 21:28:30 - INFO - [__main__] - [INFO] Approximate FPS: 12.04
2025-11-15 21:28:41 - INFO - [__main__] - [INFO] Approximate FPS: 9.59
2025-11-15 21:28:49 - INFO - [__main__] - [INFO] Approximate FPS: 11.98
2025-11-15 21:28:57 - INFO - [__main__] - [INFO] Approximate FPS: 12.11
2025-11-15 21:29:06 - INFO - [__main__] - [INFO] Approximate FPS: 12.00
2025-11-15 21:29:14 - INFO - [__main__] - [INFO] Approximate FPS: 11.97
2025-11-15 21:29:22 - INFO - [__main__] - [INFO] Approximate FPS: 12.04
2025-11-15 21:29:31 - INFO - [__main__] - [INFO] Approximate FPS: 12.00
2025-11-15 21:29:39 - INFO - [__main__] - [INFO] Approximate FPS: 12.01
2025-11-15 21:29:47 - INFO - [__main__] - [INFO] Approximate FPS: 12.02
2025-11-15 21:29:55 - INFO - [__main__] - [INFO] Approximate FPS: 12.14
2025-11-15 21:30:04 - INFO - [__main__] - [INFO] Approximate FPS: 11.87
2025-11-15 21:30:12 - INFO - [__main__] - [INFO] Approximate FPS: 12.01
2025-11-15 21:30:20 - INFO - [__main__] - [INFO] Approximate FPS: 12.10
2025-11-15 21:30:29 - INFO - [__main__] - [INFO] Approximate FPS: 12.07
2025-11-15 21:30:37 - INFO - [__main__] - [INFO] Approximate FPS: 12.02
2025-11-15 21:30:45 - INFO - [__main__] - [INFO] Approximate FPS: 11.96
2025-11-15 21:30:54 - INFO - [__main__] - [INFO] Approximate FPS: 12.02
2025-11-15 21:31:02 - INFO - [__main__] - [INFO] Approximate FPS: 11.97
2025-11-15 21:31:10 - INFO - [__main__] - [INFO] Approximate FPS: 11.94
2025-11-15 21:31:19 - INFO - [__main__] - [INFO] Approximate FPS: 12.06
2025-11-15 21:31:27 - INFO - [__main__] - [INFO] Approximate FPS: 11.99
2025-11-15 21:31:35 - INFO - [__main__] - [INFO] Approximate FPS: 11.96
2025-11-15 21:31:44 - INFO - [__main__] - [INFO] Approximate FPS: 12.05
2025-11-15 21:31:52 - INFO - [__main__] - [INFO] Approximate FPS: 12.08
2025-11-15 21:32:00 - INFO - [__main__] - [INFO] Approximate FPS: 12.05
2025-11-15 21:32:09 - INFO - [__main__] - [INFO] Approximate FPS: 11.98
2025-11-15 21:32:17 - INFO - [__main__] - [INFO] Approximate FPS: 12.04
2025-11-15 21:32:25 - INFO - [__main__] - [INFO] Approximate FPS: 12.11
2025-11-15 21:32:34 - INFO - [__main__] - [INFO] Approximate FPS: 11.96
2025-11-15 21:32:42 - INFO - [__main__] - [INFO] Approximate FPS: 11.93
2025-11-15 21:32:50 - INFO - [__main__] - [INFO] Approximate FPS: 12.00
2025-11-15 21:32:59 - INFO - [__main__] - [INFO] Approximate FPS: 11.96
2025-11-15 21:33:07 - INFO - [__main__] - [INFO] Approximate FPS: 11.91
2025-11-15 21:33:15 - INFO - [__main__] - [INFO] Approximate FPS: 12.02
2025-11-15 21:33:24 - INFO - [__main__] - [INFO] Approximate FPS: 12.01
2025-11-15 21:33:32 - INFO - [__main__] - [INFO] Approximate FPS: 12.09
2025-11-15 21:33:40 - INFO - [__main__] - [INFO] Approximate FPS: 11.95
2025-11-15 21:33:49 - INFO - [__main__] - [INFO] Approximate FPS: 12.04
2025-11-15 21:33:57 - INFO - [__main__] - [INFO] Approximate FPS: 11.98
2025-11-15 21:34:05 - INFO - [__main__] - [INFO] Approximate FPS: 11.99
2025-11-15 21:34:14 - INFO - [__main__] - [INFO] Approximate FPS: 12.01
2025-11-15 21:34:22 - INFO - [__main__] - [INFO] Approximate FPS: 12.07
2025-11-15 21:34:30 - INFO - [__main__] - [INFO] Approximate FPS: 12.04
2025-11-15 21:34:39 - INFO - [__main__] - [INFO] Approximate FPS: 11.98
2025-11-15 21:34:47 - INFO - [__main__] - [INFO] Approximate FPS: 11.98
2025-11-15 21:34:55 - INFO - [__main__] - [INFO] Approximate FPS: 11.97
2025-11-15 21:35:04 - INFO - [__main__] - [INFO] Approximate FPS: 11.97
2025-11-15 21:35:12 - INFO - [__main__] - [INFO] Approximate FPS: 11.88
2025-11-15 21:35:20 - INFO - [__main__] - [INFO] Approximate FPS: 12.04
2025-11-15 21:35:29 - INFO - [__main__] - [INFO] Approximate FPS: 12.07
2025-11-15 21:35:37 - INFO - [__main__] - [INFO] Approximate FPS: 12.01
2025-11-15 21:35:45 - INFO - [__main__] - [INFO] Approximate FPS: 12.03
2025-11-15 21:35:54 - INFO - [__main__] - [INFO] Approximate FPS: 12.03
2025-11-15 21:36:02 - INFO - [__main__] - [INFO] Approximate FPS: 12.05
2025-11-15 21:36:10 - INFO - [__main__] - [INFO] Approximate FPS: 11.92
2025-11-15 21:36:19 - INFO - [__main__] - [INFO] Approximate FPS: 12.05
2025-11-15 21:36:27 - INFO - [__main__] - [INFO] Approximate FPS: 12.04
2025-11-15 21:36:35 - INFO - [__main__] - [INFO] Approximate FPS: 12.01
2025-11-15 21:36:44 - INFO - [__main__] - [INFO] Approximate FPS: 12.03
2025-11-15 21:36:52 - INFO - [__main__] - [INFO] Approximate FPS: 12.07
2025-11-15 21:37:00 - INFO - [__main__] - [INFO] Approximate FPS: 12.06
2025-11-15 21:37:08 - INFO - [__main__] - [INFO] Approximate FPS: 12.03
2025-11-15 21:37:17 - INFO - [__main__] - [INFO] Approximate FPS: 12.10
2025-11-15 21:37:25 - INFO - [__main__] - [INFO] Approximate FPS: 12.01
2025-11-15 21:37:33 - INFO - [__main__] - [INFO] Approximate FPS: 12.00
2025-11-15 21:37:42 - INFO - [__main__] - [INFO] Approximate FPS: 11.94
2025-11-15 21:37:50 - INFO - [__main__] - [INFO] Approximate FPS: 12.06
2025-11-15 21:37:58 - INFO - [__main__] - [INFO] Approximate FPS: 12.07
2025-11-15 21:38:07 - INFO - [__main__] - [INFO] Approximate FPS: 12.00
2025-11-15 21:38:15 - INFO - [__main__] - [INFO] Approximate FPS: 11.94
2025-11-15 21:38:23 - INFO - [__main__] - [INFO] Approximate FPS: 12.00
2025-11-15 21:38:32 - INFO - [__main__] - [INFO] Approximate FPS: 12.04
2025-11-15 21:38:40 - INFO - [__main__] - [INFO] Approximate FPS: 12.05
2025-11-15 21:38:48 - INFO - [__main__] - [INFO] Approximate FPS: 12.09
2025-11-15 21:38:57 - INFO - [__main__] - [INFO] Approximate FPS: 11.97
2025-11-15 21:39:05 - INFO - [__main__] - [INFO] Approximate FPS: 12.02
2025-11-15 21:39:13 - INFO - [__main__] - [INFO] Approximate FPS: 12.02
2025-11-15 21:39:22 - INFO - [__main__] - [INFO] Approximate FPS: 12.11
2025-11-15 21:39:30 - INFO - [__main__] - [INFO] Approximate FPS: 12.05
2025-11-15 21:39:38 - INFO - [__main__] - [INFO] Approximate FPS: 12.00
2025-11-15 21:39:46 - INFO - [__main__] - [INFO] Approximate FPS: 11.99
2025-11-15 21:39:55 - INFO - [__main__] - [INFO] Approximate FPS: 11.98
2025-11-15 21:40:03 - INFO - [__main__] - [INFO] Approximate FPS: 12.02
2025-11-15 21:40:11 - INFO - [__main__] - [INFO] Approximate FPS: 12.02
2025-11-15 21:40:20 - INFO - [__main__] - [INFO] Approximate FPS: 12.07
2025-11-15 21:40:28 - INFO - [__main__] - [INFO] Approximate FPS: 12.00
2025-11-15 21:40:36 - INFO - [__main__] - [INFO] Approximate FPS: 12.01
2025-11-15 21:40:45 - INFO - [__main__] - [INFO] Approximate FPS: 11.96
2025-11-15 21:40:53 - INFO - [__main__] - [INFO] Approximate FPS: 11.99
2025-11-15 21:41:01 - INFO - [__main__] - [INFO] Approximate FPS: 11.97
2025-11-15 21:41:11 - INFO - [__main__] - [INFO] Approximate FPS: 10.58
2025-11-15 21:41:19 - INFO - [__main__] - [INFO] Approximate FPS: 11.81
2025-11-15 21:41:28 - INFO - [__main__] - [INFO] Approximate FPS: 11.37
2025-11-15 21:41:40 - INFO - [__main__] - [INFO] Approximate FPS: 8.70
2025-11-15 21:41:51 - INFO - [__main__] - [INFO] Approximate FPS: 8.91
2025-11-15 21:42:00 - INFO - [__main__] - [INFO] Approximate FPS: 10.43
2025-11-15 21:42:09 - INFO - [__main__] - [INFO] Approximate FPS: 11.19
2025-11-15 21:42:19 - INFO - [__main__] - [INFO] Approximate FPS: 10.64
2025-11-15 21:42:34 - INFO - [__main__] - [INFO] Approximate FPS: 6.68
2025-11-15 21:42:51 - INFO - [__main__] - [INFO] Approximate FPS: 5.72
2025-11-15 21:43:05 - INFO - [__main__] - [INFO] Approximate FPS: 7.30
2025-11-15 21:43:14 - INFO - [__main__] - [INFO] Approximate FPS: 11.09
2025-11-15 21:43:23 - INFO - [__main__] - [INFO] Approximate FPS: 10.81
2025-11-15 21:43:33 - INFO - [__main__] - [INFO] Approximate FPS: 10.77
2025-11-15 21:43:49 - INFO - [__main__] - [INFO] Approximate FPS: 5.91
2025-11-15 21:43:59 - INFO - [__main__] - [INFO] Approximate FPS: 10.36
2025-11-15 21:44:09 - INFO - [__main__] - [INFO] Approximate FPS: 10.29
2025-11-15 21:44:18 - INFO - [__main__] - [INFO] Approximate FPS: 11.46
2025-11-15 21:44:28 - INFO - [__main__] - [INFO] Approximate FPS: 9.21
2025-11-15 21:44:38 - INFO - [__main__] - [INFO] Approximate FPS: 10.13
2025-11-15 21:44:47 - INFO - [__main__] - [INFO] Approximate FPS: 10.90
2025-11-15 21:44:57 - INFO - [__main__] - [INFO] Approximate FPS: 10.59
2025-11-15 21:45:06 - INFO - [__main__] - [INFO] Approximate FPS: 10.86
2025-11-15 21:45:16 - INFO - [__main__] - [INFO] Approximate FPS: 10.11
2025-11-15 21:45:24 - INFO - [__main__] - [INFO] Approximate FPS: 11.83
2025-11-15 21:45:33 - INFO - [__main__] - [INFO] Approximate FPS: 11.92
2025-11-15 21:45:41 - INFO - [__main__] - [INFO] Approximate FPS: 11.91
2025-11-15 21:45:50 - INFO - [__main__] - [INFO] Approximate FPS: 11.94
2025-11-15 21:45:59 - INFO - [__main__] - [INFO] Approximate FPS: 10.37
2025-11-15 21:46:09 - INFO - [__main__] - [INFO] Approximate FPS: 9.91
2025-11-15 21:46:19 - INFO - [__main__] - [INFO] Approximate FPS: 10.90
2025-11-15 21:46:28 - INFO - [__main__] - [INFO] Approximate FPS: 10.83
2025-11-15 21:46:37 - INFO - [__main__] - [INFO] Approximate FPS: 11.07
2025-11-15 21:46:45 - INFO - [__main__] - [INFO] Approximate FPS: 11.51
2025-11-15 21:46:54 - INFO - [__main__] - [INFO] Approximate FPS: 11.54
2025-11-15 21:47:03 - INFO - [__main__] - [INFO] Approximate FPS: 11.12
2025-11-15 21:47:12 - INFO - [__main__] - [INFO] Approximate FPS: 11.53
2025-11-15 21:47:21 - INFO - [__main__] - [INFO] Approximate FPS: 11.15
2025-11-15 21:47:29 - INFO - [__main__] - [INFO] Approximate FPS: 11.79
2025-11-15 21:47:38 - INFO - [__main__] - [INFO] Approximate FPS: 11.92
2025-11-15 21:47:46 - INFO - [__main__] - [INFO] Approximate FPS: 11.70
2025-11-15 21:47:57 - INFO - [__main__] - [INFO] Approximate FPS: 9.36
2025-11-15 21:48:06 - INFO - [__main__] - [INFO] Approximate FPS: 10.87
2025-11-15 21:48:15 - INFO - [__main__] - [INFO] Approximate FPS: 11.67
2025-11-15 21:48:23 - INFO - [__main__] - [INFO] Approximate FPS: 11.91
2025-11-15 21:48:32 - INFO - [__main__] - [INFO] Approximate FPS: 11.73
2025-11-15 21:48:41 - INFO - [__main__] - [INFO] Approximate FPS: 10.12
2025-11-15 21:48:51 - INFO - [__main__] - [INFO] Approximate FPS: 10.76
2025-11-15 21:49:00 - INFO - [__main__] - [INFO] Approximate FPS: 10.35
