2025-05-11 18:52:49,017 - INFO - Starting OWL - checking imports...
2025-05-11 18:52:52,670 - INFO - All required modules imported successfully
2025-05-11 18:52:52 - INFO - [__main__] - Initializing OWL...
2025-05-11 18:52:52 - INFO - [__main__] - Starting OWL version 2.1.0
2025-05-11 18:52:52 - INFO - [__main__] - System Information: OS: Linux 6.12.25+rpt-rpi-2712, Machine: aarch64
2025-05-11 18:52:52 - INFO - [__main__] - Python Version: 3.11.2 (main, Nov 30 2024, 21:22:50) [GCC 12.2.0], Implementation: CPython, Compiler: GCC 12.2.0
2025-05-11 18:52:52 - INFO - [__main__] - Hardware: Raspberry Pi 5 Model B Rev 1.0
fatal : ni ceci ni aucun de ses répertoires parents n'est un dépôt git : .git
2025-05-11 18:52:52 - WARNING - [SystemInfo] - Git information could not be retrieved: Command '['git', 'rev-parse', '--short', 'HEAD']' returned non-zero exit status 128.
2025-05-11 18:52:52 - INFO - [__main__] - Git information not available.
2025-05-11 18:52:52 - INFO - [utils.config_manager] - Successfully loaded and validated config: /home/owl/owl/config/DAY_SENSITIVITY_2.ini
2025-05-11 18:52:52 - INFO - [__main__] - Raspberry Pi version: rpi-5
2025-05-11 18:52:52 - ERROR - [utils.output_manager] - Failed to initialize RelayCo2025-05-11 18:52:53 - INFO - [utils.output_manager] - [INFO] Nozzle setup complete. Initiating camera...
2025-05-11 18:52:53 - WARNING - [__main__] - High resolution, expect low framerate. Resolution set to 640x480.
2025-05-11 18:52:53 - INFO - [utils.video_manager] - Camera type: Picamera2Stream
2025-05-11 18:52:53 - INFO - [utils.video_manager] - Setting camera format
2025-05-11 18:52:53 - INFO - [utils.video_manager] - Setting camera controls
[0:00:09.790933827] [870] [1;32m INFO [1;37mCamera [1;34mcamera_manager.cpp:326 [0mlibcamera v0.5.0+59-d83ff0a4
[0:00:09.800826864] [1409] [1;32m INFO [1;37mRPI [1;34mpisp.cpp:720 [0mlibpisp version v1.2.1 981977ff21f3 29-04-2025 (14:13:50)
[0:00:09.811926549] [1409] [1;32m INFO [1;37mRPI [1;34mpisp.cpp:1179 [0mRegistered camera /base/axi/pcie@1000120000/rp1/i2c@80000/imx500@1a to CFE device /dev/media0 and ISP device /dev/media1 using PiSP variant BCM2712_C0
2025-05-11 18:52:53 - INFO - [picamera2.picamera2] - Initialization successful.
2025-05-11 18:52:53 - INFO - [picamera2.picamera2] - Camera now open.
2025-05-11 18:52:53 - INFO - [utils.video_manager] - [INFO] Unrecognised camera module, continuing with default settings.
2025-05-11 18:52:53 - INFO - [picamera2.picamera2] - Camera configuration has been adjusted!
[0:00:09.817218734] [870] [1;32m INFO [1;37mCamera [1;34mcamera.cpp:1205 [0mconfiguring streams: (0) 640x480-RGB888 (1) 2028x1520-BGGR_PISP_COMP1
[0:00:09.817372031] [1409] [1;32m INFO [1;37mRPI [1;34mpisp.cpp:1483 [0mSensor: /base/axi/pcie@1000120000/rp1/i2c@80000/imx500@1a - Selected sensor format: 2028x1520-SBGGR10_1X10 - Selected CFE format: 2028x1520-PC1B
2025-05-11 18:52:53 - INFO - [picamera2.picamera2] - Configuration successful!
2025-05-11 18:52:53 - INFO - [picamera2.picamera2] - Camera started
2025-05-11 18:52:56 - ERROR - [__main__] - 
[1m[91mAlgorithm Error: Coral AI device support not installed[0m
[93mError ID: OWL_20250511_185256[0m

[92mAlgorithm:[0m
Failed to initialize algorithm: [1m[97mgog[0m

[92mDetails:[0m
Visit: https://coral.ai/docs/accelerator/get-started/#requirements
Original error: [97mNo module named 'ultralytics'[0m

[92mFix:[0m
Install pycoral using: pip install pycoral

2025-05-11 18:52:57 - INFO - [picamera2.picamera2] - Camera stopped
2025-05-11 18:52:59 - INFO - [picamera2.picamera2] - Camera closed successfully.
nit__
    self.relay_controller = RelayController(relay_dict=self.relay_dict)
                            ^^^^^^^^^^^^^^^^^^^^^^^^^^^^^^^^^^^^^^^^^^^
  File "/home/owl/owl/utils/output_manager.py", line 424, in __init__
    self.relay = RelayControl(self.relay_dict)
                 ^^^^^^^^^^^^^^^^^^^^^^^^^^^^^
  File "/home/owl/owl/utils/output_manager.py", line 366, in __init__
    raise OWLAlreadyRunningError("OWL instance may already be running.") from e
utils.error_manager.OWLAlreadyRunningError: 
[1m[91mOWL Process Already Running[0m
[93mError ID: OWL_20250511_185252[0m

[92mStatus:[0m
Another instance of OWL appears to be running. The GPIO pins are in use.

[92mRunning OWL Processes:[0m
    [1m[97mPID: 869[0m - Command: python ./owl.py
    [1m[97mPID: 870[0m - Command: python ./owl.py

[92mCommands to Stop:[0m
    [1m[97mkill <PID>[0m  - Graceful termination
    [1m[97mkill -9 <PID>[0m - Force termination (use with caution)

[92mImportant Notes:[0m
- Double-check the PID before stopping it!
- If no processes are listed but error persists, check GPIO outputs
- Ensure all GPIO resources are properly released
- Try rebooting if the issue persists

