2025-06-25 23:42:48,512 - INFO - Starting OWL - checking imports...
2025-06-25 23:42:51,943 - INFO - All required modules imported successfully
2025-06-25 23:42:51 - INFO - [__main__] - Initializing OWL...
2025-06-25 23:42:51 - INFO - [__main__] - Starting OWL version 2.1.0
2025-06-25 23:42:51 - INFO - [__main__] - System Information: OS: Linux 6.12.25+rpt-rpi-2712, Machine: aarch64
2025-06-25 23:42:51 - INFO - [__main__] - Python Version: 3.11.2 (main, Apr 28 2025, 14:11:48) [GCC 12.2.0], Implementation: CPython, Compiler: GCC 12.2.0
2025-06-25 23:42:51 - INFO - [__main__] - Hardware: Raspberry Pi 5 Model B Rev 1.0
fatal : ni ceci ni aucun de ses répertoires parents n'est un dépôt git : .git
2025-06-25 23:42:51 - WARNING - [SystemInfo] - Git information could not be retrieved: Command '['git', 'rev-parse', '--short', 'HEAD']' returned non-zero exit status 128.
2025-06-25 23:42:51 - INFO - [__main__] - Git information not available.
2025-06-25 23:42:52 - WARNING - [utils.config_manager] - Unknown keys in section [Relays]: 5, 4
2025-06-25 23:42:52 - INFO - [utils.config_manager] - Successfully loaded and validated config: /home/owl/owl/config/DAY_SENSITIVITY_2.ini
2025-06-25 23:42:52 - INFO - [__main__] - Raspberry Pi version: rpi-5
2025-06-25 23:42:52 - ERROR - [utils.output_manager] - Failed to initialize RelayCo2025-06-25 23:42:53 - INFO - [utils.output_manager] - [INFO] Nozzle setup complete. Initiating camera...
2025-06-25 23:42:53 - WARNING - [__main__] - High resolution, expect low framerate. Resolution set to 640x480.
2025-06-25 23:42:53 - INFO - [utils.video_manager] - Camera type: Picamera2Stream
2025-06-25 23:42:53 - INFO - [utils.video_manager] - Setting camera format
2025-06-25 23:42:53 - INFO - [utils.video_manager] - Setting camera controls
[0:00:10.597976048] [824] [1;32m INFO [1;37mCamera [1;34mcamera_manager.cpp:326 [0mlibcamera v0.5.0+59-d83ff0a4
[0:00:10.606890474] [1408] [1;32m INFO [1;37mRPI [1;34mpisp.cpp:720 [0mlibpisp version v1.2.1 981977ff21f3 29-04-2025 (14:13:50)
[0:00:10.618023733] [1408] [1;32m INFO [1;37mRPI [1;34mpisp.cpp:1179 [0mRegistered camera /base/axi/pcie@1000120000/rp1/i2c@80000/imx296@1a to CFE device /dev/media0 and ISP device /dev/media2 using PiSP variant BCM2712_C0
2025-06-25 23:42:53 - INFO - [picamera2.picamera2] - Initialization successful.
2025-06-25 23:42:53 - INFO - [picamera2.picamera2] - Camera now open.
2025-06-25 23:42:53 - INFO - [utils.video_manager] - [INFO] Using IMX296 Global Shutter Camera
2025-06-25 23:42:53 - INFO - [picamera2.picamera2] - Camera configuration has been adjusted!
[0:00:10.628784400] [824] [1;32m INFO [1;37mCamera [1;34mcamera.cpp:1205 [0mconfiguring streams: (0) 640x480-RGB888 (1) 1456x1088-RGGB_PISP_COMP1
[0:00:10.628899622] [1408] [1;32m INFO [1;37mRPI [1;34mpisp.cpp:1483 [0mSensor: /base/axi/pcie@1000120000/rp1/i2c@80000/imx296@1a - Selected sensor format: 1456x1088-SRGGB10_1X10 - Selected CFE format: 1456x1088-PC1R
2025-06-25 23:42:53 - INFO - [picamera2.picamera2] - Configuration successful!
2025-06-25 23:42:53 - INFO - [picamera2.picamera2] - Camera started
2025-06-25 23:43:00 - INFO - [utils.greenongreen] - Using NCNN model from models/best_ncnn_model
WARNING ⚠️ Unable to automatically guess model task, assuming 'task=detect'. Explicitly define task for your model, i.e. 'task=detect', 'segment', 'classify','pose' or 'obb'.
Loading models/best_ncnn_model for NCNN inference...
2025-06-25 23:43:11 - INFO - [__main__] - [INFO] Approximate FPS: 6.90
2025-06-25 23:43:18 - INFO - [__main__] - [INFO] Approximate FPS: 12.99
2025-08-24 20:11:28 - INFO - [__main__] - [INFO] Approximate FPS: 0.00
2025-08-24 20:11:36 - INFO - [__main__] - [INFO] Approximate FPS: 12.96
2025-08-24 20:11:44 - INFO - [__main__] - [INFO] Approximate FPS: 12.95
2025-08-24 20:11:51 - INFO - [__main__] - [INFO] Approximate FPS: 12.97
2025-08-24 20:12:01 - INFO - [__main__] - [INFO] Approximate FPS: 10.99
2025-08-24 20:12:08 - INFO - [__main__] - [INFO] Approximate FPS: 12.80
2025-08-24 20:12:16 - INFO - [__main__] - [INFO] Approximate FPS: 12.76
2025-08-24 20:12:24 - INFO - [__main__] - [INFO] Approximate FPS: 12.60
2025-08-24 20:12:32 - INFO - [__main__] - [INFO] Approximate FPS: 12.73
2025-08-24 20:12:40 - INFO - [__main__] - [INFO] Approximate FPS: 12.80
2025-08-24 20:12:48 - INFO - [__main__] - [INFO] Approximate FPS: 12.59
2025-08-24 20:12:56 - INFO - [__main__] - [INFO] Approximate FPS: 12.63
2025-08-24 20:13:05 - INFO - [__main__] - [INFO] Approximate FPS: 10.96
2025-08-24 20:13:13 - INFO - [__main__] - [INFO] Approximate FPS: 12.38
2025-08-24 20:13:21 - INFO - [__main__] - [INFO] Approximate FPS: 12.70
2025-08-24 20:13:29 - INFO - [__main__] - [INFO] Approximate FPS: 12.21
2025-08-24 20:13:38 - INFO - [__main__] - [INFO] Approximate FPS: 10.67
2025-08-24 20:13:46 - INFO - [__main__] - [INFO] Approximate FPS: 12.70
ng if the issue persists

