2025-05-12 07:17:00,051 - INFO - Starting OWL - checking imports...
2025-05-12 07:17:03,584 - INFO - All required modules imported successfully
2025-05-12 07:17:03 - INFO - [__main__] - Initializing OWL...
2025-05-12 07:17:03 - INFO - [__main__] - Starting OWL version 2.1.0
2025-05-12 07:17:03 - INFO - [__main__] - System Information: OS: Linux 6.12.25+rpt-rpi-2712, Machine: aarch64
2025-05-12 07:17:03 - INFO - [__main__] - Python Version: 3.11.2 (main, Nov 30 2024, 21:22:50) [GCC 12.2.0], Implementation: CPython, Compiler: GCC 12.2.0
2025-05-12 07:17:03 - INFO - [__main__] - Hardware: Raspberry Pi 5 Model B Rev 1.0
fatal : ni ceci ni aucun de ses répertoires parents n'est un dépôt git : .git
2025-05-12 07:17:03 - WARNING - [SystemInfo] - Git information could not be retrieved: Command '['git', 'rev-parse', '--short', 'HEAD']' returned non-zero exit status 128.
2025-05-12 07:17:03 - INFO - [__main__] - Git information not available.
2025-05-12 07:17:03 - INFO - [utils.config_manager] - Successfully loaded and validated config: /home/owl/owl/config/DAY_SENSITIVITY_2.ini
2025-05-12 07:17:03 - INFO - [__main__] - Raspberry Pi version: rpi-5
2025-05-12 07:17:03 - ERROR - [utils.output_manager] - Failed to initialize RelayCo2025-05-12 07:17:04 - INFO - [utils.output_manager] - [INFO] Nozzle setup complete. Initiating camera...
2025-05-12 07:17:04 - WARNING - [__main__] - High resolution, expect low framerate. Resolution set to 640x480.
2025-05-12 07:17:04 - INFO - [utils.video_manager] - Camera type: Picamera2Stream
2025-05-12 07:17:04 - INFO - [utils.video_manager] - Setting camera format
2025-05-12 07:17:04 - INFO - [utils.video_manager] - Setting camera controls
[0:00:09.763409845] [867] [1;32m INFO [1;37mCamera [1;34mcamera_manager.cpp:326 [0mlibcamera v0.5.0+59-d83ff0a4
[0:00:09.770964864] [1401] [1;32m INFO [1;37mRPI [1;34mpisp.cpp:720 [0mlibpisp version v1.2.1 981977ff21f3 29-04-2025 (14:13:50)
[0:00:09.781706604] [1401] [1;32m INFO [1;37mRPI [1;34mpisp.cpp:1179 [0mRegistered camera /base/axi/pcie@1000120000/rp1/i2c@80000/imx500@1a to CFE device /dev/media0 and ISP device /dev/media2 using PiSP variant BCM2712_C0
2025-05-12 07:17:04 - INFO - [picamera2.picamera2] - Initialization successful.
2025-05-12 07:17:04 - INFO - [picamera2.picamera2] - Camera now open.
2025-05-12 07:17:04 - INFO - [utils.video_manager] - [INFO] Unrecognised camera module, continuing with default settings.
2025-05-12 07:17:04 - INFO - [picamera2.picamera2] - Camera configuration has been adjusted!
[0:00:09.788276438] [867] [1;32m INFO [1;37mCamera [1;34mcamera.cpp:1205 [0mconfiguring streams: (0) 640x480-RGB888 (1) 2028x1520-BGGR_PISP_COMP1
[0:00:09.788412271] [1401] [1;32m INFO [1;37mRPI [1;34mpisp.cpp:1483 [0mSensor: /base/axi/pcie@1000120000/rp1/i2c@80000/imx500@1a - Selected sensor format: 2028x1520-SBGGR10_1X10 - Selected CFE format: 2028x1520-PC1B
2025-05-12 07:17:04 - INFO - [picamera2.picamera2] - Configuration successful!
2025-05-12 07:17:04 - INFO - [picamera2.picamera2] - Camera started
2025-05-12 07:17:13 - INFO - [utils.greenongreen] - Using NCNN model from models/best_ncnn_model
WARNING ⚠️ Unable to automatically guess model task, assuming 'task=detect'. Explicitly define task for your model, i.e. 'task=detect', 'segment', 'classify','pose' or 'obb'.
Loading models/best_ncnn_model for NCNN inference...
2025-05-12 07:17:24 - INFO - [__main__] - [INFO] Approximate FPS: 5.92
2025-05-12 07:17:32 - INFO - [__main__] - [INFO] Approximate FPS: 13.17
2025-05-12 07:17:40 - INFO - [__main__] - [INFO] Approximate FPS: 12.44
2025-05-12 07:17:49 - INFO - [__main__] - [INFO] Approximate FPS: 11.36
2025-05-12 07:17:58 - INFO - [__main__] - [INFO] Approximate FPS: 11.23
2025-05-12 07:18:14 - INFO - [__main__] - [INFO] Approximate FPS: 5.96
2025-05-12 07:18:50 - INFO - [__main__] - [INFO] Approximate FPS: 2.77
2025-05-12 07:19:07 - INFO - [__main__] - [INFO] Approximate FPS: 6.07
2025-05-12 07:19:19 - INFO - [__main__] - [INFO] Approximate FPS: 7.96
2025-05-12 07:19:30 - INFO - [__main__] - [INFO] Approximate FPS: 9.15
2025-05-12 07:19:40 - INFO - [__main__] - [INFO] Approximate FPS: 10.46
2025-05-12 07:19:51 - INFO - [__main__] - [INFO] Approximate FPS: 8.77
2025-05-12 07:20:00 - INFO - [__main__] - [INFO] Approximate FPS: 11.90
2025-05-12 07:20:09 - INFO - [__main__] - [INFO] Approximate FPS: 11.24
2025-05-12 07:20:18 - INFO - [__main__] - [INFO] Approximate FPS: 11.19
2025-05-12 07:20:29 - INFO - [__main__] - [INFO] Approximate FPS: 9.14
2025-05-12 07:20:37 - INFO - [__main__] - [INFO] Approximate FPS: 12.15
2025-05-12 07:20:45 - INFO - [__main__] - [INFO] Approximate FPS: 11.55
2025-05-12 07:20:56 - INFO - [__main__] - [INFO] Approximate FPS: 9.80
2025-05-12 07:21:04 - INFO - [__main__] - [INFO] Approximate FPS: 12.17
2025-05-12 07:21:12 - INFO - [__main__] - [INFO] Approximate FPS: 11.68
2025-05-12 07:21:21 - INFO - [__main__] - [INFO] Approximate FPS: 12.06
2025-05-12 07:21:29 - INFO - [__main__] - [INFO] Approximate FPS: 11.38
2025-05-12 07:21:39 - INFO - [__main__] - [INFO] Approximate FPS: 10.71
2025-05-12 07:21:47 - INFO - [__main__] - [INFO] Approximate FPS: 12.08
2025-05-12 07:21:55 - INFO - [__main__] - [INFO] Approximate FPS: 12.32
